[2026-02-12T21:53:24.357+0000] {processor.py:161} INFO - Started process (PID=81) to work on /opt/airflow/dags/airflow.py
[2026-02-12T21:53:24.357+0000] {processor.py:830} INFO - Processing file /opt/airflow/dags/airflow.py for tasks to queue
[2026-02-12T21:53:24.359+0000] {logging_mixin.py:188} INFO - [2026-02-12T21:53:24.358+0000] {dagbag.py:545} INFO - Filling up the DagBag from /opt/airflow/dags/airflow.py
[2026-02-12T21:53:25.618+0000] {processor.py:840} INFO - DAG(s) 'Diabetes_Prediction_Pipeline' retrieved from /opt/airflow/dags/airflow.py
[2026-02-12T21:53:25.725+0000] {logging_mixin.py:188} INFO - [2026-02-12T21:53:25.725+0000] {override.py:1829} INFO - Created Permission View: can edit on DAG:Diabetes_Prediction_Pipeline
[2026-02-12T21:53:25.728+0000] {logging_mixin.py:188} INFO - [2026-02-12T21:53:25.728+0000] {override.py:1829} INFO - Created Permission View: can delete on DAG:Diabetes_Prediction_Pipeline
[2026-02-12T21:53:25.730+0000] {logging_mixin.py:188} INFO - [2026-02-12T21:53:25.730+0000] {override.py:1829} INFO - Created Permission View: can read on DAG:Diabetes_Prediction_Pipeline
[2026-02-12T21:53:25.730+0000] {logging_mixin.py:188} INFO - [2026-02-12T21:53:25.730+0000] {dag.py:3096} INFO - Sync 1 DAGs
[2026-02-12T21:53:25.734+0000] {logging_mixin.py:188} INFO - [2026-02-12T21:53:25.734+0000] {dag.py:3118} INFO - Creating ORM DAG for Diabetes_Prediction_Pipeline
[2026-02-12T21:53:25.734+0000] {logging_mixin.py:188} INFO - [2026-02-12T21:53:25.734+0000] {dag.py:3954} INFO - Setting next_dagrun for Diabetes_Prediction_Pipeline to None, run_after=None
[2026-02-12T21:53:25.742+0000] {processor.py:183} INFO - Processing /opt/airflow/dags/airflow.py took 1.388 seconds
[2026-02-12T21:53:55.911+0000] {processor.py:161} INFO - Started process (PID=115) to work on /opt/airflow/dags/airflow.py
[2026-02-12T21:53:55.913+0000] {processor.py:830} INFO - Processing file /opt/airflow/dags/airflow.py for tasks to queue
[2026-02-12T21:53:55.916+0000] {logging_mixin.py:188} INFO - [2026-02-12T21:53:55.916+0000] {dagbag.py:545} INFO - Filling up the DagBag from /opt/airflow/dags/airflow.py
[2026-02-12T21:53:56.730+0000] {processor.py:840} INFO - DAG(s) 'Diabetes_Prediction_Pipeline' retrieved from /opt/airflow/dags/airflow.py
[2026-02-12T21:53:56.744+0000] {logging_mixin.py:188} INFO - [2026-02-12T21:53:56.744+0000] {dag.py:3096} INFO - Sync 1 DAGs
[2026-02-12T21:53:56.749+0000] {logging_mixin.py:188} INFO - [2026-02-12T21:53:56.749+0000] {dag.py:3954} INFO - Setting next_dagrun for Diabetes_Prediction_Pipeline to None, run_after=None
[2026-02-12T21:53:56.755+0000] {processor.py:183} INFO - Processing /opt/airflow/dags/airflow.py took 0.848 seconds
[2026-02-12T21:54:27.008+0000] {processor.py:161} INFO - Started process (PID=155) to work on /opt/airflow/dags/airflow.py
[2026-02-12T21:54:27.009+0000] {processor.py:830} INFO - Processing file /opt/airflow/dags/airflow.py for tasks to queue
[2026-02-12T21:54:27.013+0000] {logging_mixin.py:188} INFO - [2026-02-12T21:54:27.013+0000] {dagbag.py:545} INFO - Filling up the DagBag from /opt/airflow/dags/airflow.py
[2026-02-12T21:54:27.739+0000] {processor.py:840} INFO - DAG(s) 'Diabetes_Prediction_Pipeline' retrieved from /opt/airflow/dags/airflow.py
[2026-02-12T21:54:27.752+0000] {logging_mixin.py:188} INFO - [2026-02-12T21:54:27.752+0000] {dag.py:3096} INFO - Sync 1 DAGs
[2026-02-12T21:54:27.756+0000] {logging_mixin.py:188} INFO - [2026-02-12T21:54:27.756+0000] {dag.py:3954} INFO - Setting next_dagrun for Diabetes_Prediction_Pipeline to None, run_after=None
[2026-02-12T21:54:27.762+0000] {processor.py:183} INFO - Processing /opt/airflow/dags/airflow.py took 0.760 seconds
[2026-02-12T21:54:58.052+0000] {processor.py:161} INFO - Started process (PID=189) to work on /opt/airflow/dags/airflow.py
[2026-02-12T21:54:58.053+0000] {processor.py:830} INFO - Processing file /opt/airflow/dags/airflow.py for tasks to queue
[2026-02-12T21:54:58.056+0000] {logging_mixin.py:188} INFO - [2026-02-12T21:54:58.056+0000] {dagbag.py:545} INFO - Filling up the DagBag from /opt/airflow/dags/airflow.py
[2026-02-12T21:54:58.623+0000] {processor.py:840} INFO - DAG(s) 'Diabetes_Prediction_Pipeline' retrieved from /opt/airflow/dags/airflow.py
[2026-02-12T21:54:58.632+0000] {logging_mixin.py:188} INFO - [2026-02-12T21:54:58.632+0000] {dag.py:3096} INFO - Sync 1 DAGs
[2026-02-12T21:54:58.635+0000] {logging_mixin.py:188} INFO - [2026-02-12T21:54:58.635+0000] {dag.py:3954} INFO - Setting next_dagrun for Diabetes_Prediction_Pipeline to None, run_after=None
[2026-02-12T21:54:58.641+0000] {processor.py:183} INFO - Processing /opt/airflow/dags/airflow.py took 0.592 seconds
[2026-02-12T21:55:28.967+0000] {processor.py:161} INFO - Started process (PID=223) to work on /opt/airflow/dags/airflow.py
[2026-02-12T21:55:28.969+0000] {processor.py:830} INFO - Processing file /opt/airflow/dags/airflow.py for tasks to queue
[2026-02-12T21:55:28.971+0000] {logging_mixin.py:188} INFO - [2026-02-12T21:55:28.971+0000] {dagbag.py:545} INFO - Filling up the DagBag from /opt/airflow/dags/airflow.py
[2026-02-12T21:55:29.620+0000] {processor.py:840} INFO - DAG(s) 'Diabetes_Prediction_Pipeline' retrieved from /opt/airflow/dags/airflow.py
[2026-02-12T21:55:29.634+0000] {logging_mixin.py:188} INFO - [2026-02-12T21:55:29.634+0000] {dag.py:3096} INFO - Sync 1 DAGs
[2026-02-12T21:55:29.639+0000] {logging_mixin.py:188} INFO - [2026-02-12T21:55:29.639+0000] {dag.py:3954} INFO - Setting next_dagrun for Diabetes_Prediction_Pipeline to None, run_after=None
[2026-02-12T21:55:29.645+0000] {processor.py:183} INFO - Processing /opt/airflow/dags/airflow.py took 0.683 seconds
[2026-02-12T21:55:59.979+0000] {processor.py:161} INFO - Started process (PID=257) to work on /opt/airflow/dags/airflow.py
[2026-02-12T21:55:59.980+0000] {processor.py:830} INFO - Processing file /opt/airflow/dags/airflow.py for tasks to queue
[2026-02-12T21:55:59.984+0000] {logging_mixin.py:188} INFO - [2026-02-12T21:55:59.983+0000] {dagbag.py:545} INFO - Filling up the DagBag from /opt/airflow/dags/airflow.py
[2026-02-12T21:56:00.515+0000] {processor.py:840} INFO - DAG(s) 'Diabetes_Prediction_Pipeline' retrieved from /opt/airflow/dags/airflow.py
[2026-02-12T21:56:00.526+0000] {logging_mixin.py:188} INFO - [2026-02-12T21:56:00.526+0000] {dag.py:3096} INFO - Sync 1 DAGs
[2026-02-12T21:56:00.530+0000] {logging_mixin.py:188} INFO - [2026-02-12T21:56:00.530+0000] {dag.py:3954} INFO - Setting next_dagrun for Diabetes_Prediction_Pipeline to None, run_after=None
[2026-02-12T21:56:00.536+0000] {processor.py:183} INFO - Processing /opt/airflow/dags/airflow.py took 0.561 seconds
[2026-02-12T21:56:30.837+0000] {processor.py:161} INFO - Started process (PID=291) to work on /opt/airflow/dags/airflow.py
[2026-02-12T21:56:30.839+0000] {processor.py:830} INFO - Processing file /opt/airflow/dags/airflow.py for tasks to queue
[2026-02-12T21:56:30.841+0000] {logging_mixin.py:188} INFO - [2026-02-12T21:56:30.840+0000] {dagbag.py:545} INFO - Filling up the DagBag from /opt/airflow/dags/airflow.py
[2026-02-12T21:56:31.484+0000] {processor.py:840} INFO - DAG(s) 'Diabetes_Prediction_Pipeline' retrieved from /opt/airflow/dags/airflow.py
[2026-02-12T21:56:31.497+0000] {logging_mixin.py:188} INFO - [2026-02-12T21:56:31.497+0000] {dag.py:3096} INFO - Sync 1 DAGs
[2026-02-12T21:56:31.501+0000] {logging_mixin.py:188} INFO - [2026-02-12T21:56:31.501+0000] {dag.py:3954} INFO - Setting next_dagrun for Diabetes_Prediction_Pipeline to None, run_after=None
[2026-02-12T21:56:31.506+0000] {processor.py:183} INFO - Processing /opt/airflow/dags/airflow.py took 0.675 seconds
[2026-02-12T21:57:01.839+0000] {processor.py:161} INFO - Started process (PID=325) to work on /opt/airflow/dags/airflow.py
[2026-02-12T21:57:01.840+0000] {processor.py:830} INFO - Processing file /opt/airflow/dags/airflow.py for tasks to queue
[2026-02-12T21:57:01.843+0000] {logging_mixin.py:188} INFO - [2026-02-12T21:57:01.843+0000] {dagbag.py:545} INFO - Filling up the DagBag from /opt/airflow/dags/airflow.py
[2026-02-12T21:57:02.469+0000] {processor.py:840} INFO - DAG(s) 'Diabetes_Prediction_Pipeline' retrieved from /opt/airflow/dags/airflow.py
[2026-02-12T21:57:02.481+0000] {logging_mixin.py:188} INFO - [2026-02-12T21:57:02.481+0000] {dag.py:3096} INFO - Sync 1 DAGs
[2026-02-12T21:57:02.485+0000] {logging_mixin.py:188} INFO - [2026-02-12T21:57:02.485+0000] {dag.py:3954} INFO - Setting next_dagrun for Diabetes_Prediction_Pipeline to None, run_after=None
[2026-02-12T21:57:02.491+0000] {processor.py:183} INFO - Processing /opt/airflow/dags/airflow.py took 0.658 seconds
[2026-02-12T21:57:32.909+0000] {processor.py:161} INFO - Started process (PID=359) to work on /opt/airflow/dags/airflow.py
[2026-02-12T21:57:32.910+0000] {processor.py:830} INFO - Processing file /opt/airflow/dags/airflow.py for tasks to queue
[2026-02-12T21:57:32.920+0000] {logging_mixin.py:188} INFO - [2026-02-12T21:57:32.919+0000] {dagbag.py:545} INFO - Filling up the DagBag from /opt/airflow/dags/airflow.py
[2026-02-12T21:57:33.684+0000] {processor.py:840} INFO - DAG(s) 'Diabetes_Prediction_Pipeline' retrieved from /opt/airflow/dags/airflow.py
[2026-02-12T21:57:33.697+0000] {logging_mixin.py:188} INFO - [2026-02-12T21:57:33.697+0000] {dag.py:3096} INFO - Sync 1 DAGs
[2026-02-12T21:57:33.702+0000] {logging_mixin.py:188} INFO - [2026-02-12T21:57:33.702+0000] {dag.py:3954} INFO - Setting next_dagrun for Diabetes_Prediction_Pipeline to None, run_after=None
[2026-02-12T21:57:33.708+0000] {processor.py:183} INFO - Processing /opt/airflow/dags/airflow.py took 0.822 seconds
[2026-02-12T21:58:03.991+0000] {processor.py:161} INFO - Started process (PID=393) to work on /opt/airflow/dags/airflow.py
[2026-02-12T21:58:03.993+0000] {processor.py:830} INFO - Processing file /opt/airflow/dags/airflow.py for tasks to queue
[2026-02-12T21:58:03.995+0000] {logging_mixin.py:188} INFO - [2026-02-12T21:58:03.994+0000] {dagbag.py:545} INFO - Filling up the DagBag from /opt/airflow/dags/airflow.py
[2026-02-12T21:58:04.738+0000] {processor.py:840} INFO - DAG(s) 'Diabetes_Prediction_Pipeline' retrieved from /opt/airflow/dags/airflow.py
[2026-02-12T21:58:04.783+0000] {logging_mixin.py:188} INFO - [2026-02-12T21:58:04.783+0000] {dag.py:3096} INFO - Sync 1 DAGs
[2026-02-12T21:58:04.792+0000] {logging_mixin.py:188} INFO - [2026-02-12T21:58:04.791+0000] {dag.py:3954} INFO - Setting next_dagrun for Diabetes_Prediction_Pipeline to None, run_after=None
[2026-02-12T21:58:04.800+0000] {processor.py:183} INFO - Processing /opt/airflow/dags/airflow.py took 0.818 seconds
[2026-02-12T21:58:35.127+0000] {processor.py:161} INFO - Started process (PID=427) to work on /opt/airflow/dags/airflow.py
[2026-02-12T21:58:35.129+0000] {processor.py:830} INFO - Processing file /opt/airflow/dags/airflow.py for tasks to queue
[2026-02-12T21:58:35.132+0000] {logging_mixin.py:188} INFO - [2026-02-12T21:58:35.132+0000] {dagbag.py:545} INFO - Filling up the DagBag from /opt/airflow/dags/airflow.py
[2026-02-12T21:58:35.927+0000] {processor.py:840} INFO - DAG(s) 'Diabetes_Prediction_Pipeline' retrieved from /opt/airflow/dags/airflow.py
[2026-02-12T21:58:35.942+0000] {logging_mixin.py:188} INFO - [2026-02-12T21:58:35.941+0000] {dag.py:3096} INFO - Sync 1 DAGs
[2026-02-12T21:58:35.947+0000] {logging_mixin.py:188} INFO - [2026-02-12T21:58:35.947+0000] {dag.py:3954} INFO - Setting next_dagrun for Diabetes_Prediction_Pipeline to None, run_after=None
[2026-02-12T21:58:35.952+0000] {processor.py:183} INFO - Processing /opt/airflow/dags/airflow.py took 0.831 seconds
[2026-02-12T21:59:06.201+0000] {processor.py:161} INFO - Started process (PID=461) to work on /opt/airflow/dags/airflow.py
[2026-02-12T21:59:06.202+0000] {processor.py:830} INFO - Processing file /opt/airflow/dags/airflow.py for tasks to queue
[2026-02-12T21:59:06.206+0000] {logging_mixin.py:188} INFO - [2026-02-12T21:59:06.206+0000] {dagbag.py:545} INFO - Filling up the DagBag from /opt/airflow/dags/airflow.py
[2026-02-12T21:59:07.245+0000] {processor.py:840} INFO - DAG(s) 'Diabetes_Prediction_Pipeline' retrieved from /opt/airflow/dags/airflow.py
[2026-02-12T21:59:07.259+0000] {logging_mixin.py:188} INFO - [2026-02-12T21:59:07.259+0000] {dag.py:3096} INFO - Sync 1 DAGs
[2026-02-12T21:59:07.264+0000] {logging_mixin.py:188} INFO - [2026-02-12T21:59:07.264+0000] {dag.py:3954} INFO - Setting next_dagrun for Diabetes_Prediction_Pipeline to None, run_after=None
[2026-02-12T21:59:07.274+0000] {processor.py:183} INFO - Processing /opt/airflow/dags/airflow.py took 1.078 seconds
[2026-02-12T21:59:37.592+0000] {processor.py:161} INFO - Started process (PID=495) to work on /opt/airflow/dags/airflow.py
[2026-02-12T21:59:37.593+0000] {processor.py:830} INFO - Processing file /opt/airflow/dags/airflow.py for tasks to queue
[2026-02-12T21:59:37.594+0000] {logging_mixin.py:188} INFO - [2026-02-12T21:59:37.593+0000] {dagbag.py:545} INFO - Filling up the DagBag from /opt/airflow/dags/airflow.py
[2026-02-12T21:59:38.506+0000] {processor.py:840} INFO - DAG(s) 'Diabetes_Prediction_Pipeline' retrieved from /opt/airflow/dags/airflow.py
[2026-02-12T21:59:38.519+0000] {logging_mixin.py:188} INFO - [2026-02-12T21:59:38.519+0000] {dag.py:3096} INFO - Sync 1 DAGs
[2026-02-12T21:59:38.524+0000] {logging_mixin.py:188} INFO - [2026-02-12T21:59:38.524+0000] {dag.py:3954} INFO - Setting next_dagrun for Diabetes_Prediction_Pipeline to None, run_after=None
[2026-02-12T21:59:38.530+0000] {processor.py:183} INFO - Processing /opt/airflow/dags/airflow.py took 0.942 seconds
[2026-02-12T22:00:08.808+0000] {processor.py:161} INFO - Started process (PID=529) to work on /opt/airflow/dags/airflow.py
[2026-02-12T22:00:08.811+0000] {processor.py:830} INFO - Processing file /opt/airflow/dags/airflow.py for tasks to queue
[2026-02-12T22:00:08.813+0000] {logging_mixin.py:188} INFO - [2026-02-12T22:00:08.813+0000] {dagbag.py:545} INFO - Filling up the DagBag from /opt/airflow/dags/airflow.py
[2026-02-12T22:00:09.824+0000] {processor.py:840} INFO - DAG(s) 'Diabetes_Prediction_Pipeline' retrieved from /opt/airflow/dags/airflow.py
[2026-02-12T22:00:09.842+0000] {logging_mixin.py:188} INFO - [2026-02-12T22:00:09.842+0000] {dag.py:3096} INFO - Sync 1 DAGs
[2026-02-12T22:00:09.847+0000] {logging_mixin.py:188} INFO - [2026-02-12T22:00:09.847+0000] {dag.py:3954} INFO - Setting next_dagrun for Diabetes_Prediction_Pipeline to None, run_after=None
[2026-02-12T22:00:09.856+0000] {processor.py:183} INFO - Processing /opt/airflow/dags/airflow.py took 1.056 seconds
[2026-02-12T22:00:40.159+0000] {processor.py:161} INFO - Started process (PID=563) to work on /opt/airflow/dags/airflow.py
[2026-02-12T22:00:40.160+0000] {processor.py:830} INFO - Processing file /opt/airflow/dags/airflow.py for tasks to queue
[2026-02-12T22:00:40.162+0000] {logging_mixin.py:188} INFO - [2026-02-12T22:00:40.161+0000] {dagbag.py:545} INFO - Filling up the DagBag from /opt/airflow/dags/airflow.py
[2026-02-12T22:00:40.721+0000] {processor.py:840} INFO - DAG(s) 'Diabetes_Prediction_Pipeline' retrieved from /opt/airflow/dags/airflow.py
[2026-02-12T22:00:40.731+0000] {logging_mixin.py:188} INFO - [2026-02-12T22:00:40.731+0000] {dag.py:3096} INFO - Sync 1 DAGs
[2026-02-12T22:00:40.734+0000] {logging_mixin.py:188} INFO - [2026-02-12T22:00:40.734+0000] {dag.py:3954} INFO - Setting next_dagrun for Diabetes_Prediction_Pipeline to None, run_after=None
[2026-02-12T22:00:40.740+0000] {processor.py:183} INFO - Processing /opt/airflow/dags/airflow.py took 0.586 seconds
[2026-02-12T22:01:11.077+0000] {processor.py:161} INFO - Started process (PID=597) to work on /opt/airflow/dags/airflow.py
[2026-02-12T22:01:11.078+0000] {processor.py:830} INFO - Processing file /opt/airflow/dags/airflow.py for tasks to queue
[2026-02-12T22:01:11.081+0000] {logging_mixin.py:188} INFO - [2026-02-12T22:01:11.080+0000] {dagbag.py:545} INFO - Filling up the DagBag from /opt/airflow/dags/airflow.py
[2026-02-12T22:01:11.719+0000] {processor.py:840} INFO - DAG(s) 'Diabetes_Prediction_Pipeline' retrieved from /opt/airflow/dags/airflow.py
[2026-02-12T22:01:11.736+0000] {logging_mixin.py:188} INFO - [2026-02-12T22:01:11.736+0000] {dag.py:3096} INFO - Sync 1 DAGs
[2026-02-12T22:01:11.740+0000] {logging_mixin.py:188} INFO - [2026-02-12T22:01:11.740+0000] {dag.py:3954} INFO - Setting next_dagrun for Diabetes_Prediction_Pipeline to None, run_after=None
[2026-02-12T22:01:11.746+0000] {processor.py:183} INFO - Processing /opt/airflow/dags/airflow.py took 0.673 seconds
[2026-02-12T22:01:42.077+0000] {processor.py:161} INFO - Started process (PID=631) to work on /opt/airflow/dags/airflow.py
[2026-02-12T22:01:42.079+0000] {processor.py:830} INFO - Processing file /opt/airflow/dags/airflow.py for tasks to queue
[2026-02-12T22:01:42.082+0000] {logging_mixin.py:188} INFO - [2026-02-12T22:01:42.082+0000] {dagbag.py:545} INFO - Filling up the DagBag from /opt/airflow/dags/airflow.py
[2026-02-12T22:01:42.668+0000] {processor.py:840} INFO - DAG(s) 'Diabetes_Prediction_Pipeline' retrieved from /opt/airflow/dags/airflow.py
[2026-02-12T22:01:42.679+0000] {logging_mixin.py:188} INFO - [2026-02-12T22:01:42.679+0000] {dag.py:3096} INFO - Sync 1 DAGs
[2026-02-12T22:01:42.683+0000] {logging_mixin.py:188} INFO - [2026-02-12T22:01:42.683+0000] {dag.py:3954} INFO - Setting next_dagrun for Diabetes_Prediction_Pipeline to None, run_after=None
[2026-02-12T22:01:42.689+0000] {processor.py:183} INFO - Processing /opt/airflow/dags/airflow.py took 0.618 seconds
[2026-02-12T22:02:13.047+0000] {processor.py:161} INFO - Started process (PID=665) to work on /opt/airflow/dags/airflow.py
[2026-02-12T22:02:13.048+0000] {processor.py:830} INFO - Processing file /opt/airflow/dags/airflow.py for tasks to queue
[2026-02-12T22:02:13.053+0000] {logging_mixin.py:188} INFO - [2026-02-12T22:02:13.053+0000] {dagbag.py:545} INFO - Filling up the DagBag from /opt/airflow/dags/airflow.py
[2026-02-12T22:02:13.716+0000] {processor.py:840} INFO - DAG(s) 'Diabetes_Prediction_Pipeline' retrieved from /opt/airflow/dags/airflow.py
[2026-02-12T22:02:13.729+0000] {logging_mixin.py:188} INFO - [2026-02-12T22:02:13.729+0000] {dag.py:3096} INFO - Sync 1 DAGs
[2026-02-12T22:02:13.733+0000] {logging_mixin.py:188} INFO - [2026-02-12T22:02:13.733+0000] {dag.py:3954} INFO - Setting next_dagrun for Diabetes_Prediction_Pipeline to None, run_after=None
[2026-02-12T22:02:13.738+0000] {processor.py:183} INFO - Processing /opt/airflow/dags/airflow.py took 0.698 seconds
[2026-02-12T22:02:44.038+0000] {processor.py:161} INFO - Started process (PID=699) to work on /opt/airflow/dags/airflow.py
[2026-02-12T22:02:44.044+0000] {processor.py:830} INFO - Processing file /opt/airflow/dags/airflow.py for tasks to queue
[2026-02-12T22:02:44.053+0000] {logging_mixin.py:188} INFO - [2026-02-12T22:02:44.052+0000] {dagbag.py:545} INFO - Filling up the DagBag from /opt/airflow/dags/airflow.py
[2026-02-12T22:02:44.862+0000] {processor.py:840} INFO - DAG(s) 'Diabetes_Prediction_Pipeline' retrieved from /opt/airflow/dags/airflow.py
[2026-02-12T22:02:44.894+0000] {logging_mixin.py:188} INFO - [2026-02-12T22:02:44.894+0000] {dag.py:3096} INFO - Sync 1 DAGs
[2026-02-12T22:02:44.898+0000] {logging_mixin.py:188} INFO - [2026-02-12T22:02:44.898+0000] {dag.py:3954} INFO - Setting next_dagrun for Diabetes_Prediction_Pipeline to None, run_after=None
[2026-02-12T22:02:44.903+0000] {processor.py:183} INFO - Processing /opt/airflow/dags/airflow.py took 0.873 seconds
