[2025-10-07T02:33:00.443+0000] {local_task_job_runner.py:120} INFO - ::group::Pre task execution logs
[2025-10-07T02:33:00.452+0000] {taskinstance.py:2076} INFO - Dependencies all met for dep_context=non-requeueable deps ti=<TaskInstance: EPL_Goal_Prediction_Pipeline.evaluate_models_task manual__2025-10-07T02:32:51.766357+00:00 [queued]>
[2025-10-07T02:33:00.456+0000] {taskinstance.py:2076} INFO - Dependencies all met for dep_context=requeueable deps ti=<TaskInstance: EPL_Goal_Prediction_Pipeline.evaluate_models_task manual__2025-10-07T02:32:51.766357+00:00 [queued]>
[2025-10-07T02:33:00.456+0000] {taskinstance.py:2306} INFO - Starting attempt 1 of 1
[2025-10-07T02:33:00.460+0000] {taskinstance.py:2330} INFO - Executing <Task(PythonOperator): evaluate_models_task> on 2025-10-07 02:32:51.766357+00:00
[2025-10-07T02:33:00.463+0000] {warnings.py:112} WARNING - /home/***/.local/lib/python3.12/site-packages/***/task/task_runner/standard_task_runner.py:61: DeprecationWarning: This process (pid=280) is multi-threaded, use of fork() may lead to deadlocks in the child.
  pid = os.fork()

[2025-10-07T02:33:00.464+0000] {standard_task_runner.py:63} INFO - Started process 291 to run task
[2025-10-07T02:33:00.464+0000] {standard_task_runner.py:90} INFO - Running: ['***', 'tasks', 'run', 'EPL_Goal_Prediction_Pipeline', 'evaluate_models_task', 'manual__2025-10-07T02:32:51.766357+00:00', '--job-id', '33', '--raw', '--subdir', 'DAGS_FOLDER/***.py', '--cfg-path', '/tmp/tmp9a8d0qtq']
[2025-10-07T02:33:00.465+0000] {standard_task_runner.py:91} INFO - Job 33: Subtask evaluate_models_task
[2025-10-07T02:33:00.482+0000] {task_command.py:426} INFO - Running <TaskInstance: EPL_Goal_Prediction_Pipeline.evaluate_models_task manual__2025-10-07T02:32:51.766357+00:00 [running]> on host ec5214ce7faa
[2025-10-07T02:33:00.513+0000] {taskinstance.py:2648} INFO - Exporting env vars: AIRFLOW_CTX_DAG_OWNER='***' AIRFLOW_CTX_DAG_ID='EPL_Goal_Prediction_Pipeline' AIRFLOW_CTX_TASK_ID='evaluate_models_task' AIRFLOW_CTX_EXECUTION_DATE='2025-10-07T02:32:51.766357+00:00' AIRFLOW_CTX_TRY_NUMBER='1' AIRFLOW_CTX_DAG_RUN_ID='manual__2025-10-07T02:32:51.766357+00:00'
[2025-10-07T02:33:00.514+0000] {taskinstance.py:430} INFO - ::endgroup::
[2025-10-07T02:33:00.532+0000] {logging_mixin.py:188} INFO - Home Goal Prediction RMSE: 1.041
[2025-10-07T02:33:00.532+0000] {logging_mixin.py:188} INFO - Away Goal Prediction RMSE: 1.323
[2025-10-07T02:33:00.534+0000] {logging_mixin.py:188} INFO - 
--- Final Match Outcome Prediction ---
[2025-10-07T02:33:00.534+0000] {logging_mixin.py:188} INFO - ✅ Accuracy: 41.67%
[2025-10-07T02:33:00.535+0000] {logging_mixin.py:188} INFO - Confusion Matrix (Rows=Actual, Cols=Predicted: H, D, A):
[2025-10-07T02:33:00.535+0000] {logging_mixin.py:188} INFO - [[3 4 0]
 [0 2 0]
 [1 2 0]]
[2025-10-07T02:33:00.535+0000] {python.py:237} INFO - Done. Returned value was: None
[2025-10-07T02:33:00.535+0000] {taskinstance.py:441} INFO - ::group::Post task execution logs
[2025-10-07T02:33:00.538+0000] {taskinstance.py:1206} INFO - Marking task as SUCCESS. dag_id=EPL_Goal_Prediction_Pipeline, task_id=evaluate_models_task, run_id=manual__2025-10-07T02:32:51.766357+00:00, execution_date=20251007T023251, start_date=20251007T023300, end_date=20251007T023300
[2025-10-07T02:33:00.564+0000] {local_task_job_runner.py:240} INFO - Task exited with return code 0
[2025-10-07T02:33:00.579+0000] {taskinstance.py:3503} INFO - 1 downstream tasks scheduled from follow-on schedule check
[2025-10-07T02:33:00.580+0000] {local_task_job_runner.py:222} INFO - ::endgroup::
