[2025-10-07T02:28:09.230+0000] {processor.py:161} INFO - Started process (PID=73) to work on /opt/airflow/dags/airflow.py
[2025-10-07T02:28:09.231+0000] {processor.py:830} INFO - Processing file /opt/airflow/dags/airflow.py for tasks to queue
[2025-10-07T02:28:09.237+0000] {logging_mixin.py:188} INFO - [2025-10-07T02:28:09.236+0000] {dagbag.py:545} INFO - Filling up the DagBag from /opt/airflow/dags/airflow.py
[2025-10-07T02:28:11.498+0000] {processor.py:840} INFO - DAG(s) 'EPL_Goal_Prediction_Pipeline' retrieved from /opt/airflow/dags/airflow.py
[2025-10-07T02:28:11.642+0000] {logging_mixin.py:188} INFO - [2025-10-07T02:28:11.641+0000] {dag.py:3096} INFO - Sync 1 DAGs
[2025-10-07T02:28:11.647+0000] {logging_mixin.py:188} INFO - [2025-10-07T02:28:11.646+0000] {dag.py:3954} INFO - Setting next_dagrun for EPL_Goal_Prediction_Pipeline to None, run_after=None
[2025-10-07T02:28:11.655+0000] {processor.py:183} INFO - Processing /opt/airflow/dags/airflow.py took 2.432 seconds
[2025-10-07T02:28:41.774+0000] {processor.py:161} INFO - Started process (PID=107) to work on /opt/airflow/dags/airflow.py
[2025-10-07T02:28:41.776+0000] {processor.py:830} INFO - Processing file /opt/airflow/dags/airflow.py for tasks to queue
[2025-10-07T02:28:41.777+0000] {logging_mixin.py:188} INFO - [2025-10-07T02:28:41.777+0000] {dagbag.py:545} INFO - Filling up the DagBag from /opt/airflow/dags/airflow.py
[2025-10-07T02:28:42.450+0000] {processor.py:840} INFO - DAG(s) 'EPL_Goal_Prediction_Pipeline' retrieved from /opt/airflow/dags/airflow.py
[2025-10-07T02:28:42.460+0000] {logging_mixin.py:188} INFO - [2025-10-07T02:28:42.460+0000] {dag.py:3096} INFO - Sync 1 DAGs
[2025-10-07T02:28:42.464+0000] {logging_mixin.py:188} INFO - [2025-10-07T02:28:42.464+0000] {dag.py:3954} INFO - Setting next_dagrun for EPL_Goal_Prediction_Pipeline to None, run_after=None
[2025-10-07T02:28:42.469+0000] {processor.py:183} INFO - Processing /opt/airflow/dags/airflow.py took 0.698 seconds
[2025-10-07T02:29:12.855+0000] {processor.py:161} INFO - Started process (PID=135) to work on /opt/airflow/dags/airflow.py
[2025-10-07T02:29:12.858+0000] {processor.py:830} INFO - Processing file /opt/airflow/dags/airflow.py for tasks to queue
[2025-10-07T02:29:12.859+0000] {logging_mixin.py:188} INFO - [2025-10-07T02:29:12.858+0000] {dagbag.py:545} INFO - Filling up the DagBag from /opt/airflow/dags/airflow.py
[2025-10-07T02:29:13.522+0000] {processor.py:840} INFO - DAG(s) 'EPL_Goal_Prediction_Pipeline' retrieved from /opt/airflow/dags/airflow.py
[2025-10-07T02:29:13.533+0000] {logging_mixin.py:188} INFO - [2025-10-07T02:29:13.533+0000] {dag.py:3096} INFO - Sync 1 DAGs
[2025-10-07T02:29:13.538+0000] {logging_mixin.py:188} INFO - [2025-10-07T02:29:13.538+0000] {dag.py:3954} INFO - Setting next_dagrun for EPL_Goal_Prediction_Pipeline to None, run_after=None
[2025-10-07T02:29:13.544+0000] {processor.py:183} INFO - Processing /opt/airflow/dags/airflow.py took 0.702 seconds
[2025-10-07T02:29:43.842+0000] {processor.py:161} INFO - Started process (PID=163) to work on /opt/airflow/dags/airflow.py
[2025-10-07T02:29:43.843+0000] {processor.py:830} INFO - Processing file /opt/airflow/dags/airflow.py for tasks to queue
[2025-10-07T02:29:43.847+0000] {logging_mixin.py:188} INFO - [2025-10-07T02:29:43.846+0000] {dagbag.py:545} INFO - Filling up the DagBag from /opt/airflow/dags/airflow.py
[2025-10-07T02:29:44.489+0000] {processor.py:840} INFO - DAG(s) 'EPL_Goal_Prediction_Pipeline' retrieved from /opt/airflow/dags/airflow.py
[2025-10-07T02:29:44.502+0000] {logging_mixin.py:188} INFO - [2025-10-07T02:29:44.502+0000] {dag.py:3096} INFO - Sync 1 DAGs
[2025-10-07T02:29:44.506+0000] {logging_mixin.py:188} INFO - [2025-10-07T02:29:44.506+0000] {dag.py:3954} INFO - Setting next_dagrun for EPL_Goal_Prediction_Pipeline to None, run_after=None
[2025-10-07T02:29:44.511+0000] {processor.py:183} INFO - Processing /opt/airflow/dags/airflow.py took 0.677 seconds
[2025-10-07T02:30:14.782+0000] {processor.py:161} INFO - Started process (PID=191) to work on /opt/airflow/dags/airflow.py
[2025-10-07T02:30:14.783+0000] {processor.py:830} INFO - Processing file /opt/airflow/dags/airflow.py for tasks to queue
[2025-10-07T02:30:14.786+0000] {logging_mixin.py:188} INFO - [2025-10-07T02:30:14.785+0000] {dagbag.py:545} INFO - Filling up the DagBag from /opt/airflow/dags/airflow.py
[2025-10-07T02:30:15.372+0000] {processor.py:840} INFO - DAG(s) 'EPL_Goal_Prediction_Pipeline' retrieved from /opt/airflow/dags/airflow.py
[2025-10-07T02:30:15.385+0000] {logging_mixin.py:188} INFO - [2025-10-07T02:30:15.385+0000] {dag.py:3096} INFO - Sync 1 DAGs
[2025-10-07T02:30:15.391+0000] {logging_mixin.py:188} INFO - [2025-10-07T02:30:15.391+0000] {dag.py:3954} INFO - Setting next_dagrun for EPL_Goal_Prediction_Pipeline to None, run_after=None
[2025-10-07T02:30:15.396+0000] {processor.py:183} INFO - Processing /opt/airflow/dags/airflow.py took 0.623 seconds
[2025-10-07T02:30:45.722+0000] {processor.py:161} INFO - Started process (PID=219) to work on /opt/airflow/dags/airflow.py
[2025-10-07T02:30:45.723+0000] {processor.py:830} INFO - Processing file /opt/airflow/dags/airflow.py for tasks to queue
[2025-10-07T02:30:45.726+0000] {logging_mixin.py:188} INFO - [2025-10-07T02:30:45.725+0000] {dagbag.py:545} INFO - Filling up the DagBag from /opt/airflow/dags/airflow.py
[2025-10-07T02:30:46.380+0000] {processor.py:840} INFO - DAG(s) 'EPL_Goal_Prediction_Pipeline' retrieved from /opt/airflow/dags/airflow.py
[2025-10-07T02:30:46.395+0000] {logging_mixin.py:188} INFO - [2025-10-07T02:30:46.394+0000] {dag.py:3096} INFO - Sync 1 DAGs
[2025-10-07T02:30:46.399+0000] {logging_mixin.py:188} INFO - [2025-10-07T02:30:46.398+0000] {dag.py:3954} INFO - Setting next_dagrun for EPL_Goal_Prediction_Pipeline to None, run_after=None
[2025-10-07T02:30:46.404+0000] {processor.py:183} INFO - Processing /opt/airflow/dags/airflow.py took 0.689 seconds
[2025-10-07T02:31:16.687+0000] {processor.py:161} INFO - Started process (PID=247) to work on /opt/airflow/dags/airflow.py
[2025-10-07T02:31:16.688+0000] {processor.py:830} INFO - Processing file /opt/airflow/dags/airflow.py for tasks to queue
[2025-10-07T02:31:16.691+0000] {logging_mixin.py:188} INFO - [2025-10-07T02:31:16.691+0000] {dagbag.py:545} INFO - Filling up the DagBag from /opt/airflow/dags/airflow.py
[2025-10-07T02:31:17.263+0000] {processor.py:840} INFO - DAG(s) 'EPL_Goal_Prediction_Pipeline' retrieved from /opt/airflow/dags/airflow.py
[2025-10-07T02:31:17.304+0000] {logging_mixin.py:188} INFO - [2025-10-07T02:31:17.304+0000] {dag.py:3096} INFO - Sync 1 DAGs
[2025-10-07T02:31:17.319+0000] {logging_mixin.py:188} INFO - [2025-10-07T02:31:17.319+0000] {dag.py:3954} INFO - Setting next_dagrun for EPL_Goal_Prediction_Pipeline to None, run_after=None
[2025-10-07T02:31:17.329+0000] {processor.py:183} INFO - Processing /opt/airflow/dags/airflow.py took 0.647 seconds
[2025-10-07T02:31:47.606+0000] {processor.py:161} INFO - Started process (PID=275) to work on /opt/airflow/dags/airflow.py
[2025-10-07T02:31:47.609+0000] {processor.py:830} INFO - Processing file /opt/airflow/dags/airflow.py for tasks to queue
[2025-10-07T02:31:47.612+0000] {logging_mixin.py:188} INFO - [2025-10-07T02:31:47.612+0000] {dagbag.py:545} INFO - Filling up the DagBag from /opt/airflow/dags/airflow.py
[2025-10-07T02:31:48.187+0000] {processor.py:840} INFO - DAG(s) 'EPL_Goal_Prediction_Pipeline' retrieved from /opt/airflow/dags/airflow.py
[2025-10-07T02:31:48.199+0000] {logging_mixin.py:188} INFO - [2025-10-07T02:31:48.198+0000] {dag.py:3096} INFO - Sync 1 DAGs
[2025-10-07T02:31:48.202+0000] {logging_mixin.py:188} INFO - [2025-10-07T02:31:48.202+0000] {dag.py:3954} INFO - Setting next_dagrun for EPL_Goal_Prediction_Pipeline to None, run_after=None
[2025-10-07T02:31:48.207+0000] {processor.py:183} INFO - Processing /opt/airflow/dags/airflow.py took 0.607 seconds
[2025-10-07T02:32:18.524+0000] {processor.py:161} INFO - Started process (PID=303) to work on /opt/airflow/dags/airflow.py
[2025-10-07T02:32:18.526+0000] {processor.py:830} INFO - Processing file /opt/airflow/dags/airflow.py for tasks to queue
[2025-10-07T02:32:18.531+0000] {logging_mixin.py:188} INFO - [2025-10-07T02:32:18.530+0000] {dagbag.py:545} INFO - Filling up the DagBag from /opt/airflow/dags/airflow.py
[2025-10-07T02:32:19.104+0000] {processor.py:840} INFO - DAG(s) 'EPL_Goal_Prediction_Pipeline' retrieved from /opt/airflow/dags/airflow.py
[2025-10-07T02:32:19.115+0000] {logging_mixin.py:188} INFO - [2025-10-07T02:32:19.115+0000] {dag.py:3096} INFO - Sync 1 DAGs
[2025-10-07T02:32:19.119+0000] {logging_mixin.py:188} INFO - [2025-10-07T02:32:19.119+0000] {dag.py:3954} INFO - Setting next_dagrun for EPL_Goal_Prediction_Pipeline to None, run_after=None
[2025-10-07T02:32:19.124+0000] {processor.py:183} INFO - Processing /opt/airflow/dags/airflow.py took 0.609 seconds
[2025-10-07T02:32:49.400+0000] {processor.py:161} INFO - Started process (PID=331) to work on /opt/airflow/dags/airflow.py
[2025-10-07T02:32:49.402+0000] {processor.py:830} INFO - Processing file /opt/airflow/dags/airflow.py for tasks to queue
[2025-10-07T02:32:49.403+0000] {logging_mixin.py:188} INFO - [2025-10-07T02:32:49.403+0000] {dagbag.py:545} INFO - Filling up the DagBag from /opt/airflow/dags/airflow.py
[2025-10-07T02:32:50.001+0000] {processor.py:840} INFO - DAG(s) 'EPL_Goal_Prediction_Pipeline' retrieved from /opt/airflow/dags/airflow.py
[2025-10-07T02:32:50.020+0000] {logging_mixin.py:188} INFO - [2025-10-07T02:32:50.020+0000] {dag.py:3096} INFO - Sync 1 DAGs
[2025-10-07T02:32:50.025+0000] {logging_mixin.py:188} INFO - [2025-10-07T02:32:50.025+0000] {dag.py:3954} INFO - Setting next_dagrun for EPL_Goal_Prediction_Pipeline to None, run_after=None
[2025-10-07T02:32:50.031+0000] {processor.py:183} INFO - Processing /opt/airflow/dags/airflow.py took 0.633 seconds
[2025-10-07T02:33:20.337+0000] {processor.py:161} INFO - Started process (PID=371) to work on /opt/airflow/dags/airflow.py
[2025-10-07T02:33:20.339+0000] {processor.py:830} INFO - Processing file /opt/airflow/dags/airflow.py for tasks to queue
[2025-10-07T02:33:20.341+0000] {logging_mixin.py:188} INFO - [2025-10-07T02:33:20.341+0000] {dagbag.py:545} INFO - Filling up the DagBag from /opt/airflow/dags/airflow.py
[2025-10-07T02:33:20.920+0000] {processor.py:840} INFO - DAG(s) 'EPL_Goal_Prediction_Pipeline' retrieved from /opt/airflow/dags/airflow.py
[2025-10-07T02:33:20.932+0000] {logging_mixin.py:188} INFO - [2025-10-07T02:33:20.932+0000] {dag.py:3096} INFO - Sync 1 DAGs
[2025-10-07T02:33:20.938+0000] {logging_mixin.py:188} INFO - [2025-10-07T02:33:20.938+0000] {dag.py:3954} INFO - Setting next_dagrun for EPL_Goal_Prediction_Pipeline to None, run_after=None
[2025-10-07T02:33:20.944+0000] {processor.py:183} INFO - Processing /opt/airflow/dags/airflow.py took 0.617 seconds
[2025-10-07T02:33:51.233+0000] {processor.py:161} INFO - Started process (PID=399) to work on /opt/airflow/dags/airflow.py
[2025-10-07T02:33:51.235+0000] {processor.py:830} INFO - Processing file /opt/airflow/dags/airflow.py for tasks to queue
[2025-10-07T02:33:51.239+0000] {logging_mixin.py:188} INFO - [2025-10-07T02:33:51.239+0000] {dagbag.py:545} INFO - Filling up the DagBag from /opt/airflow/dags/airflow.py
[2025-10-07T02:33:51.839+0000] {processor.py:840} INFO - DAG(s) 'EPL_Goal_Prediction_Pipeline' retrieved from /opt/airflow/dags/airflow.py
[2025-10-07T02:33:51.852+0000] {logging_mixin.py:188} INFO - [2025-10-07T02:33:51.851+0000] {dag.py:3096} INFO - Sync 1 DAGs
[2025-10-07T02:33:51.856+0000] {logging_mixin.py:188} INFO - [2025-10-07T02:33:51.855+0000] {dag.py:3954} INFO - Setting next_dagrun for EPL_Goal_Prediction_Pipeline to None, run_after=None
[2025-10-07T02:33:51.860+0000] {processor.py:183} INFO - Processing /opt/airflow/dags/airflow.py took 0.633 seconds
[2025-10-07T02:34:22.112+0000] {processor.py:161} INFO - Started process (PID=427) to work on /opt/airflow/dags/airflow.py
[2025-10-07T02:34:22.115+0000] {processor.py:830} INFO - Processing file /opt/airflow/dags/airflow.py for tasks to queue
[2025-10-07T02:34:22.116+0000] {logging_mixin.py:188} INFO - [2025-10-07T02:34:22.116+0000] {dagbag.py:545} INFO - Filling up the DagBag from /opt/airflow/dags/airflow.py
[2025-10-07T02:34:22.718+0000] {processor.py:840} INFO - DAG(s) 'EPL_Goal_Prediction_Pipeline' retrieved from /opt/airflow/dags/airflow.py
[2025-10-07T02:34:22.731+0000] {logging_mixin.py:188} INFO - [2025-10-07T02:34:22.731+0000] {dag.py:3096} INFO - Sync 1 DAGs
[2025-10-07T02:34:22.735+0000] {logging_mixin.py:188} INFO - [2025-10-07T02:34:22.735+0000] {dag.py:3954} INFO - Setting next_dagrun for EPL_Goal_Prediction_Pipeline to None, run_after=None
[2025-10-07T02:34:22.740+0000] {processor.py:183} INFO - Processing /opt/airflow/dags/airflow.py took 0.632 seconds
[2025-10-07T02:34:53.039+0000] {processor.py:161} INFO - Started process (PID=455) to work on /opt/airflow/dags/airflow.py
[2025-10-07T02:34:53.040+0000] {processor.py:830} INFO - Processing file /opt/airflow/dags/airflow.py for tasks to queue
[2025-10-07T02:34:53.042+0000] {logging_mixin.py:188} INFO - [2025-10-07T02:34:53.042+0000] {dagbag.py:545} INFO - Filling up the DagBag from /opt/airflow/dags/airflow.py
[2025-10-07T02:34:53.555+0000] {processor.py:840} INFO - DAG(s) 'EPL_Goal_Prediction_Pipeline' retrieved from /opt/airflow/dags/airflow.py
[2025-10-07T02:34:53.566+0000] {logging_mixin.py:188} INFO - [2025-10-07T02:34:53.566+0000] {dag.py:3096} INFO - Sync 1 DAGs
[2025-10-07T02:34:53.570+0000] {logging_mixin.py:188} INFO - [2025-10-07T02:34:53.570+0000] {dag.py:3954} INFO - Setting next_dagrun for EPL_Goal_Prediction_Pipeline to None, run_after=None
[2025-10-07T02:34:53.575+0000] {processor.py:183} INFO - Processing /opt/airflow/dags/airflow.py took 0.542 seconds
[2025-10-07T02:35:23.829+0000] {processor.py:161} INFO - Started process (PID=483) to work on /opt/airflow/dags/airflow.py
[2025-10-07T02:35:23.831+0000] {processor.py:830} INFO - Processing file /opt/airflow/dags/airflow.py for tasks to queue
[2025-10-07T02:35:23.833+0000] {logging_mixin.py:188} INFO - [2025-10-07T02:35:23.833+0000] {dagbag.py:545} INFO - Filling up the DagBag from /opt/airflow/dags/airflow.py
[2025-10-07T02:35:24.390+0000] {processor.py:840} INFO - DAG(s) 'EPL_Goal_Prediction_Pipeline' retrieved from /opt/airflow/dags/airflow.py
[2025-10-07T02:35:24.411+0000] {logging_mixin.py:188} INFO - [2025-10-07T02:35:24.411+0000] {dag.py:3096} INFO - Sync 1 DAGs
[2025-10-07T02:35:24.415+0000] {logging_mixin.py:188} INFO - [2025-10-07T02:35:24.415+0000] {dag.py:3954} INFO - Setting next_dagrun for EPL_Goal_Prediction_Pipeline to None, run_after=None
[2025-10-07T02:35:24.421+0000] {processor.py:183} INFO - Processing /opt/airflow/dags/airflow.py took 0.601 seconds
[2025-10-07T02:35:54.724+0000] {processor.py:161} INFO - Started process (PID=511) to work on /opt/airflow/dags/airflow.py
[2025-10-07T02:35:54.727+0000] {processor.py:830} INFO - Processing file /opt/airflow/dags/airflow.py for tasks to queue
[2025-10-07T02:35:54.729+0000] {logging_mixin.py:188} INFO - [2025-10-07T02:35:54.728+0000] {dagbag.py:545} INFO - Filling up the DagBag from /opt/airflow/dags/airflow.py
[2025-10-07T02:35:55.421+0000] {processor.py:840} INFO - DAG(s) 'EPL_Goal_Prediction_Pipeline' retrieved from /opt/airflow/dags/airflow.py
[2025-10-07T02:35:55.436+0000] {logging_mixin.py:188} INFO - [2025-10-07T02:35:55.436+0000] {dag.py:3096} INFO - Sync 1 DAGs
[2025-10-07T02:35:55.442+0000] {logging_mixin.py:188} INFO - [2025-10-07T02:35:55.442+0000] {dag.py:3954} INFO - Setting next_dagrun for EPL_Goal_Prediction_Pipeline to None, run_after=None
[2025-10-07T02:35:55.448+0000] {processor.py:183} INFO - Processing /opt/airflow/dags/airflow.py took 0.739 seconds
[2025-10-07T02:36:25.749+0000] {processor.py:161} INFO - Started process (PID=539) to work on /opt/airflow/dags/airflow.py
[2025-10-07T02:36:25.751+0000] {processor.py:830} INFO - Processing file /opt/airflow/dags/airflow.py for tasks to queue
[2025-10-07T02:36:25.754+0000] {logging_mixin.py:188} INFO - [2025-10-07T02:36:25.754+0000] {dagbag.py:545} INFO - Filling up the DagBag from /opt/airflow/dags/airflow.py
[2025-10-07T02:36:26.470+0000] {processor.py:840} INFO - DAG(s) 'EPL_Goal_Prediction_Pipeline' retrieved from /opt/airflow/dags/airflow.py
[2025-10-07T02:36:26.487+0000] {logging_mixin.py:188} INFO - [2025-10-07T02:36:26.487+0000] {dag.py:3096} INFO - Sync 1 DAGs
[2025-10-07T02:36:26.492+0000] {logging_mixin.py:188} INFO - [2025-10-07T02:36:26.491+0000] {dag.py:3954} INFO - Setting next_dagrun for EPL_Goal_Prediction_Pipeline to None, run_after=None
[2025-10-07T02:36:26.499+0000] {processor.py:183} INFO - Processing /opt/airflow/dags/airflow.py took 0.766 seconds
[2025-10-07T02:36:56.859+0000] {processor.py:161} INFO - Started process (PID=567) to work on /opt/airflow/dags/airflow.py
[2025-10-07T02:36:56.861+0000] {processor.py:830} INFO - Processing file /opt/airflow/dags/airflow.py for tasks to queue
[2025-10-07T02:36:56.863+0000] {logging_mixin.py:188} INFO - [2025-10-07T02:36:56.862+0000] {dagbag.py:545} INFO - Filling up the DagBag from /opt/airflow/dags/airflow.py
[2025-10-07T02:36:57.554+0000] {processor.py:840} INFO - DAG(s) 'EPL_Goal_Prediction_Pipeline' retrieved from /opt/airflow/dags/airflow.py
[2025-10-07T02:36:57.572+0000] {logging_mixin.py:188} INFO - [2025-10-07T02:36:57.572+0000] {dag.py:3096} INFO - Sync 1 DAGs
[2025-10-07T02:36:57.577+0000] {logging_mixin.py:188} INFO - [2025-10-07T02:36:57.577+0000] {dag.py:3954} INFO - Setting next_dagrun for EPL_Goal_Prediction_Pipeline to None, run_after=None
[2025-10-07T02:36:57.583+0000] {processor.py:183} INFO - Processing /opt/airflow/dags/airflow.py took 0.730 seconds
[2025-10-07T02:37:27.871+0000] {processor.py:161} INFO - Started process (PID=595) to work on /opt/airflow/dags/airflow.py
[2025-10-07T02:37:27.872+0000] {processor.py:830} INFO - Processing file /opt/airflow/dags/airflow.py for tasks to queue
[2025-10-07T02:37:27.877+0000] {logging_mixin.py:188} INFO - [2025-10-07T02:37:27.875+0000] {dagbag.py:545} INFO - Filling up the DagBag from /opt/airflow/dags/airflow.py
[2025-10-07T02:37:28.524+0000] {processor.py:840} INFO - DAG(s) 'EPL_Goal_Prediction_Pipeline' retrieved from /opt/airflow/dags/airflow.py
[2025-10-07T02:37:28.539+0000] {logging_mixin.py:188} INFO - [2025-10-07T02:37:28.539+0000] {dag.py:3096} INFO - Sync 1 DAGs
[2025-10-07T02:37:28.544+0000] {logging_mixin.py:188} INFO - [2025-10-07T02:37:28.544+0000] {dag.py:3954} INFO - Setting next_dagrun for EPL_Goal_Prediction_Pipeline to None, run_after=None
[2025-10-07T02:37:28.550+0000] {processor.py:183} INFO - Processing /opt/airflow/dags/airflow.py took 0.688 seconds
[2025-10-07T02:37:58.797+0000] {processor.py:161} INFO - Started process (PID=623) to work on /opt/airflow/dags/airflow.py
[2025-10-07T02:37:58.798+0000] {processor.py:830} INFO - Processing file /opt/airflow/dags/airflow.py for tasks to queue
[2025-10-07T02:37:58.801+0000] {logging_mixin.py:188} INFO - [2025-10-07T02:37:58.801+0000] {dagbag.py:545} INFO - Filling up the DagBag from /opt/airflow/dags/airflow.py
[2025-10-07T02:37:59.384+0000] {processor.py:840} INFO - DAG(s) 'EPL_Goal_Prediction_Pipeline' retrieved from /opt/airflow/dags/airflow.py
[2025-10-07T02:37:59.395+0000] {logging_mixin.py:188} INFO - [2025-10-07T02:37:59.395+0000] {dag.py:3096} INFO - Sync 1 DAGs
[2025-10-07T02:37:59.400+0000] {logging_mixin.py:188} INFO - [2025-10-07T02:37:59.400+0000] {dag.py:3954} INFO - Setting next_dagrun for EPL_Goal_Prediction_Pipeline to None, run_after=None
[2025-10-07T02:37:59.405+0000] {processor.py:183} INFO - Processing /opt/airflow/dags/airflow.py took 0.616 seconds
[2025-10-07T02:38:29.680+0000] {processor.py:161} INFO - Started process (PID=651) to work on /opt/airflow/dags/airflow.py
[2025-10-07T02:38:29.681+0000] {processor.py:830} INFO - Processing file /opt/airflow/dags/airflow.py for tasks to queue
[2025-10-07T02:38:29.683+0000] {logging_mixin.py:188} INFO - [2025-10-07T02:38:29.683+0000] {dagbag.py:545} INFO - Filling up the DagBag from /opt/airflow/dags/airflow.py
[2025-10-07T02:38:30.254+0000] {processor.py:840} INFO - DAG(s) 'EPL_Goal_Prediction_Pipeline' retrieved from /opt/airflow/dags/airflow.py
[2025-10-07T02:38:30.265+0000] {logging_mixin.py:188} INFO - [2025-10-07T02:38:30.265+0000] {dag.py:3096} INFO - Sync 1 DAGs
[2025-10-07T02:38:30.270+0000] {logging_mixin.py:188} INFO - [2025-10-07T02:38:30.270+0000] {dag.py:3954} INFO - Setting next_dagrun for EPL_Goal_Prediction_Pipeline to None, run_after=None
[2025-10-07T02:38:30.275+0000] {processor.py:183} INFO - Processing /opt/airflow/dags/airflow.py took 0.600 seconds
[2025-10-07T02:39:00.582+0000] {processor.py:161} INFO - Started process (PID=679) to work on /opt/airflow/dags/airflow.py
[2025-10-07T02:39:00.583+0000] {processor.py:830} INFO - Processing file /opt/airflow/dags/airflow.py for tasks to queue
[2025-10-07T02:39:00.585+0000] {logging_mixin.py:188} INFO - [2025-10-07T02:39:00.585+0000] {dagbag.py:545} INFO - Filling up the DagBag from /opt/airflow/dags/airflow.py
[2025-10-07T02:39:01.170+0000] {processor.py:840} INFO - DAG(s) 'EPL_Goal_Prediction_Pipeline' retrieved from /opt/airflow/dags/airflow.py
[2025-10-07T02:39:01.185+0000] {logging_mixin.py:188} INFO - [2025-10-07T02:39:01.185+0000] {dag.py:3096} INFO - Sync 1 DAGs
[2025-10-07T02:39:01.190+0000] {logging_mixin.py:188} INFO - [2025-10-07T02:39:01.190+0000] {dag.py:3954} INFO - Setting next_dagrun for EPL_Goal_Prediction_Pipeline to None, run_after=None
[2025-10-07T02:39:01.195+0000] {processor.py:183} INFO - Processing /opt/airflow/dags/airflow.py took 0.619 seconds
[2025-10-07T02:39:31.457+0000] {processor.py:161} INFO - Started process (PID=707) to work on /opt/airflow/dags/airflow.py
[2025-10-07T02:39:31.459+0000] {processor.py:830} INFO - Processing file /opt/airflow/dags/airflow.py for tasks to queue
[2025-10-07T02:39:31.461+0000] {logging_mixin.py:188} INFO - [2025-10-07T02:39:31.460+0000] {dagbag.py:545} INFO - Filling up the DagBag from /opt/airflow/dags/airflow.py
[2025-10-07T02:39:32.038+0000] {processor.py:840} INFO - DAG(s) 'EPL_Goal_Prediction_Pipeline' retrieved from /opt/airflow/dags/airflow.py
[2025-10-07T02:39:32.047+0000] {logging_mixin.py:188} INFO - [2025-10-07T02:39:32.047+0000] {dag.py:3096} INFO - Sync 1 DAGs
[2025-10-07T02:39:32.051+0000] {logging_mixin.py:188} INFO - [2025-10-07T02:39:32.051+0000] {dag.py:3954} INFO - Setting next_dagrun for EPL_Goal_Prediction_Pipeline to None, run_after=None
[2025-10-07T02:39:32.055+0000] {processor.py:183} INFO - Processing /opt/airflow/dags/airflow.py took 0.603 seconds
[2025-10-07T02:40:02.324+0000] {processor.py:161} INFO - Started process (PID=735) to work on /opt/airflow/dags/airflow.py
[2025-10-07T02:40:02.326+0000] {processor.py:830} INFO - Processing file /opt/airflow/dags/airflow.py for tasks to queue
[2025-10-07T02:40:02.329+0000] {logging_mixin.py:188} INFO - [2025-10-07T02:40:02.329+0000] {dagbag.py:545} INFO - Filling up the DagBag from /opt/airflow/dags/airflow.py
[2025-10-07T02:40:02.921+0000] {processor.py:840} INFO - DAG(s) 'EPL_Goal_Prediction_Pipeline' retrieved from /opt/airflow/dags/airflow.py
[2025-10-07T02:40:02.933+0000] {logging_mixin.py:188} INFO - [2025-10-07T02:40:02.933+0000] {dag.py:3096} INFO - Sync 1 DAGs
[2025-10-07T02:40:02.938+0000] {logging_mixin.py:188} INFO - [2025-10-07T02:40:02.937+0000] {dag.py:3954} INFO - Setting next_dagrun for EPL_Goal_Prediction_Pipeline to None, run_after=None
[2025-10-07T02:40:02.943+0000] {processor.py:183} INFO - Processing /opt/airflow/dags/airflow.py took 0.628 seconds
[2025-10-07T02:40:33.231+0000] {processor.py:161} INFO - Started process (PID=763) to work on /opt/airflow/dags/airflow.py
[2025-10-07T02:40:33.232+0000] {processor.py:830} INFO - Processing file /opt/airflow/dags/airflow.py for tasks to queue
[2025-10-07T02:40:33.234+0000] {logging_mixin.py:188} INFO - [2025-10-07T02:40:33.234+0000] {dagbag.py:545} INFO - Filling up the DagBag from /opt/airflow/dags/airflow.py
[2025-10-07T02:40:33.787+0000] {processor.py:840} INFO - DAG(s) 'EPL_Goal_Prediction_Pipeline' retrieved from /opt/airflow/dags/airflow.py
[2025-10-07T02:40:33.801+0000] {logging_mixin.py:188} INFO - [2025-10-07T02:40:33.800+0000] {dag.py:3096} INFO - Sync 1 DAGs
[2025-10-07T02:40:33.805+0000] {logging_mixin.py:188} INFO - [2025-10-07T02:40:33.804+0000] {dag.py:3954} INFO - Setting next_dagrun for EPL_Goal_Prediction_Pipeline to None, run_after=None
[2025-10-07T02:40:33.811+0000] {processor.py:183} INFO - Processing /opt/airflow/dags/airflow.py took 0.591 seconds
[2025-10-07T02:41:04.086+0000] {processor.py:161} INFO - Started process (PID=791) to work on /opt/airflow/dags/airflow.py
[2025-10-07T02:41:04.089+0000] {processor.py:830} INFO - Processing file /opt/airflow/dags/airflow.py for tasks to queue
[2025-10-07T02:41:04.091+0000] {logging_mixin.py:188} INFO - [2025-10-07T02:41:04.091+0000] {dagbag.py:545} INFO - Filling up the DagBag from /opt/airflow/dags/airflow.py
[2025-10-07T02:41:04.642+0000] {processor.py:840} INFO - DAG(s) 'EPL_Goal_Prediction_Pipeline' retrieved from /opt/airflow/dags/airflow.py
[2025-10-07T02:41:04.656+0000] {logging_mixin.py:188} INFO - [2025-10-07T02:41:04.656+0000] {dag.py:3096} INFO - Sync 1 DAGs
[2025-10-07T02:41:04.661+0000] {logging_mixin.py:188} INFO - [2025-10-07T02:41:04.661+0000] {dag.py:3954} INFO - Setting next_dagrun for EPL_Goal_Prediction_Pipeline to None, run_after=None
[2025-10-07T02:41:04.669+0000] {processor.py:183} INFO - Processing /opt/airflow/dags/airflow.py took 0.598 seconds
[2025-10-07T02:41:34.934+0000] {processor.py:161} INFO - Started process (PID=819) to work on /opt/airflow/dags/airflow.py
[2025-10-07T02:41:34.935+0000] {processor.py:830} INFO - Processing file /opt/airflow/dags/airflow.py for tasks to queue
[2025-10-07T02:41:34.936+0000] {logging_mixin.py:188} INFO - [2025-10-07T02:41:34.936+0000] {dagbag.py:545} INFO - Filling up the DagBag from /opt/airflow/dags/airflow.py
[2025-10-07T02:41:35.427+0000] {processor.py:840} INFO - DAG(s) 'EPL_Goal_Prediction_Pipeline' retrieved from /opt/airflow/dags/airflow.py
[2025-10-07T02:41:35.435+0000] {logging_mixin.py:188} INFO - [2025-10-07T02:41:35.435+0000] {dag.py:3096} INFO - Sync 1 DAGs
[2025-10-07T02:41:35.439+0000] {logging_mixin.py:188} INFO - [2025-10-07T02:41:35.438+0000] {dag.py:3954} INFO - Setting next_dagrun for EPL_Goal_Prediction_Pipeline to None, run_after=None
[2025-10-07T02:41:35.443+0000] {processor.py:183} INFO - Processing /opt/airflow/dags/airflow.py took 0.512 seconds
[2025-10-07T02:42:05.737+0000] {processor.py:161} INFO - Started process (PID=847) to work on /opt/airflow/dags/airflow.py
[2025-10-07T02:42:05.740+0000] {processor.py:830} INFO - Processing file /opt/airflow/dags/airflow.py for tasks to queue
[2025-10-07T02:42:05.743+0000] {logging_mixin.py:188} INFO - [2025-10-07T02:42:05.743+0000] {dagbag.py:545} INFO - Filling up the DagBag from /opt/airflow/dags/airflow.py
[2025-10-07T02:42:06.370+0000] {processor.py:840} INFO - DAG(s) 'EPL_Goal_Prediction_Pipeline' retrieved from /opt/airflow/dags/airflow.py
[2025-10-07T02:42:06.382+0000] {logging_mixin.py:188} INFO - [2025-10-07T02:42:06.381+0000] {dag.py:3096} INFO - Sync 1 DAGs
[2025-10-07T02:42:06.387+0000] {logging_mixin.py:188} INFO - [2025-10-07T02:42:06.387+0000] {dag.py:3954} INFO - Setting next_dagrun for EPL_Goal_Prediction_Pipeline to None, run_after=None
[2025-10-07T02:42:06.392+0000] {processor.py:183} INFO - Processing /opt/airflow/dags/airflow.py took 0.670 seconds
[2025-10-07T02:42:36.728+0000] {processor.py:161} INFO - Started process (PID=875) to work on /opt/airflow/dags/airflow.py
[2025-10-07T02:42:36.730+0000] {processor.py:830} INFO - Processing file /opt/airflow/dags/airflow.py for tasks to queue
[2025-10-07T02:42:36.736+0000] {logging_mixin.py:188} INFO - [2025-10-07T02:42:36.736+0000] {dagbag.py:545} INFO - Filling up the DagBag from /opt/airflow/dags/airflow.py
[2025-10-07T02:42:37.377+0000] {processor.py:840} INFO - DAG(s) 'EPL_Goal_Prediction_Pipeline' retrieved from /opt/airflow/dags/airflow.py
[2025-10-07T02:42:37.393+0000] {logging_mixin.py:188} INFO - [2025-10-07T02:42:37.393+0000] {dag.py:3096} INFO - Sync 1 DAGs
[2025-10-07T02:42:37.397+0000] {logging_mixin.py:188} INFO - [2025-10-07T02:42:37.397+0000] {dag.py:3954} INFO - Setting next_dagrun for EPL_Goal_Prediction_Pipeline to None, run_after=None
[2025-10-07T02:42:37.402+0000] {processor.py:183} INFO - Processing /opt/airflow/dags/airflow.py took 0.680 seconds
[2025-10-07T02:43:07.689+0000] {processor.py:161} INFO - Started process (PID=913) to work on /opt/airflow/dags/airflow.py
[2025-10-07T02:43:07.690+0000] {processor.py:830} INFO - Processing file /opt/airflow/dags/airflow.py for tasks to queue
[2025-10-07T02:43:07.693+0000] {logging_mixin.py:188} INFO - [2025-10-07T02:43:07.692+0000] {dagbag.py:545} INFO - Filling up the DagBag from /opt/airflow/dags/airflow.py
[2025-10-07T02:43:08.173+0000] {processor.py:840} INFO - DAG(s) 'EPL_Goal_Prediction_Pipeline' retrieved from /opt/airflow/dags/airflow.py
[2025-10-07T02:43:08.182+0000] {logging_mixin.py:188} INFO - [2025-10-07T02:43:08.182+0000] {dag.py:3096} INFO - Sync 1 DAGs
[2025-10-07T02:43:08.186+0000] {logging_mixin.py:188} INFO - [2025-10-07T02:43:08.186+0000] {dag.py:3954} INFO - Setting next_dagrun for EPL_Goal_Prediction_Pipeline to None, run_after=None
[2025-10-07T02:43:08.191+0000] {processor.py:183} INFO - Processing /opt/airflow/dags/airflow.py took 0.512 seconds
[2025-10-07T02:43:38.460+0000] {processor.py:161} INFO - Started process (PID=941) to work on /opt/airflow/dags/airflow.py
[2025-10-07T02:43:38.461+0000] {processor.py:830} INFO - Processing file /opt/airflow/dags/airflow.py for tasks to queue
[2025-10-07T02:43:38.462+0000] {logging_mixin.py:188} INFO - [2025-10-07T02:43:38.462+0000] {dagbag.py:545} INFO - Filling up the DagBag from /opt/airflow/dags/airflow.py
[2025-10-07T02:43:38.860+0000] {processor.py:840} INFO - DAG(s) 'EPL_Goal_Prediction_Pipeline' retrieved from /opt/airflow/dags/airflow.py
[2025-10-07T02:43:38.869+0000] {logging_mixin.py:188} INFO - [2025-10-07T02:43:38.869+0000] {dag.py:3096} INFO - Sync 1 DAGs
[2025-10-07T02:43:38.872+0000] {logging_mixin.py:188} INFO - [2025-10-07T02:43:38.872+0000] {dag.py:3954} INFO - Setting next_dagrun for EPL_Goal_Prediction_Pipeline to None, run_after=None
[2025-10-07T02:43:38.877+0000] {processor.py:183} INFO - Processing /opt/airflow/dags/airflow.py took 0.425 seconds
[2025-10-07T02:44:09.153+0000] {processor.py:161} INFO - Started process (PID=969) to work on /opt/airflow/dags/airflow.py
[2025-10-07T02:44:09.154+0000] {processor.py:830} INFO - Processing file /opt/airflow/dags/airflow.py for tasks to queue
[2025-10-07T02:44:09.158+0000] {logging_mixin.py:188} INFO - [2025-10-07T02:44:09.157+0000] {dagbag.py:545} INFO - Filling up the DagBag from /opt/airflow/dags/airflow.py
[2025-10-07T02:44:09.726+0000] {processor.py:840} INFO - DAG(s) 'EPL_Goal_Prediction_Pipeline' retrieved from /opt/airflow/dags/airflow.py
[2025-10-07T02:44:09.749+0000] {logging_mixin.py:188} INFO - [2025-10-07T02:44:09.749+0000] {dag.py:3096} INFO - Sync 1 DAGs
[2025-10-07T02:44:09.753+0000] {logging_mixin.py:188} INFO - [2025-10-07T02:44:09.753+0000] {dag.py:3954} INFO - Setting next_dagrun for EPL_Goal_Prediction_Pipeline to None, run_after=None
[2025-10-07T02:44:09.759+0000] {processor.py:183} INFO - Processing /opt/airflow/dags/airflow.py took 0.615 seconds
[2025-10-07T02:44:40.028+0000] {processor.py:161} INFO - Started process (PID=997) to work on /opt/airflow/dags/airflow.py
[2025-10-07T02:44:40.029+0000] {processor.py:830} INFO - Processing file /opt/airflow/dags/airflow.py for tasks to queue
[2025-10-07T02:44:40.032+0000] {logging_mixin.py:188} INFO - [2025-10-07T02:44:40.032+0000] {dagbag.py:545} INFO - Filling up the DagBag from /opt/airflow/dags/airflow.py
[2025-10-07T02:44:40.522+0000] {processor.py:840} INFO - DAG(s) 'EPL_Goal_Prediction_Pipeline' retrieved from /opt/airflow/dags/airflow.py
[2025-10-07T02:44:40.532+0000] {logging_mixin.py:188} INFO - [2025-10-07T02:44:40.532+0000] {dag.py:3096} INFO - Sync 1 DAGs
[2025-10-07T02:44:40.535+0000] {logging_mixin.py:188} INFO - [2025-10-07T02:44:40.535+0000] {dag.py:3954} INFO - Setting next_dagrun for EPL_Goal_Prediction_Pipeline to None, run_after=None
[2025-10-07T02:44:40.541+0000] {processor.py:183} INFO - Processing /opt/airflow/dags/airflow.py took 0.523 seconds
[2025-10-07T02:45:10.700+0000] {processor.py:161} INFO - Started process (PID=1025) to work on /opt/airflow/dags/airflow.py
[2025-10-07T02:45:10.701+0000] {processor.py:830} INFO - Processing file /opt/airflow/dags/airflow.py for tasks to queue
[2025-10-07T02:45:10.703+0000] {logging_mixin.py:188} INFO - [2025-10-07T02:45:10.703+0000] {dagbag.py:545} INFO - Filling up the DagBag from /opt/airflow/dags/airflow.py
[2025-10-07T02:45:11.318+0000] {processor.py:840} INFO - DAG(s) 'EPL_Goal_Prediction_Pipeline' retrieved from /opt/airflow/dags/airflow.py
[2025-10-07T02:45:11.332+0000] {logging_mixin.py:188} INFO - [2025-10-07T02:45:11.332+0000] {dag.py:3096} INFO - Sync 1 DAGs
[2025-10-07T02:45:11.340+0000] {logging_mixin.py:188} INFO - [2025-10-07T02:45:11.339+0000] {dag.py:3954} INFO - Setting next_dagrun for EPL_Goal_Prediction_Pipeline to None, run_after=None
[2025-10-07T02:45:11.345+0000] {processor.py:183} INFO - Processing /opt/airflow/dags/airflow.py took 0.652 seconds
[2025-10-07T02:45:41.574+0000] {processor.py:161} INFO - Started process (PID=1053) to work on /opt/airflow/dags/airflow.py
[2025-10-07T02:45:41.575+0000] {processor.py:830} INFO - Processing file /opt/airflow/dags/airflow.py for tasks to queue
[2025-10-07T02:45:41.577+0000] {logging_mixin.py:188} INFO - [2025-10-07T02:45:41.577+0000] {dagbag.py:545} INFO - Filling up the DagBag from /opt/airflow/dags/airflow.py
[2025-10-07T02:45:42.218+0000] {processor.py:840} INFO - DAG(s) 'EPL_Goal_Prediction_Pipeline' retrieved from /opt/airflow/dags/airflow.py
[2025-10-07T02:45:42.232+0000] {logging_mixin.py:188} INFO - [2025-10-07T02:45:42.232+0000] {dag.py:3096} INFO - Sync 1 DAGs
[2025-10-07T02:45:42.237+0000] {logging_mixin.py:188} INFO - [2025-10-07T02:45:42.237+0000] {dag.py:3954} INFO - Setting next_dagrun for EPL_Goal_Prediction_Pipeline to None, run_after=None
[2025-10-07T02:45:42.244+0000] {processor.py:183} INFO - Processing /opt/airflow/dags/airflow.py took 0.677 seconds
[2025-10-07T02:46:12.520+0000] {processor.py:161} INFO - Started process (PID=1081) to work on /opt/airflow/dags/airflow.py
[2025-10-07T02:46:12.522+0000] {processor.py:830} INFO - Processing file /opt/airflow/dags/airflow.py for tasks to queue
[2025-10-07T02:46:12.524+0000] {logging_mixin.py:188} INFO - [2025-10-07T02:46:12.524+0000] {dagbag.py:545} INFO - Filling up the DagBag from /opt/airflow/dags/airflow.py
[2025-10-07T02:46:13.417+0000] {processor.py:840} INFO - DAG(s) 'EPL_Goal_Prediction_Pipeline' retrieved from /opt/airflow/dags/airflow.py
[2025-10-07T02:46:13.437+0000] {logging_mixin.py:188} INFO - [2025-10-07T02:46:13.437+0000] {dag.py:3096} INFO - Sync 1 DAGs
[2025-10-07T02:46:13.444+0000] {logging_mixin.py:188} INFO - [2025-10-07T02:46:13.444+0000] {dag.py:3954} INFO - Setting next_dagrun for EPL_Goal_Prediction_Pipeline to None, run_after=None
[2025-10-07T02:46:13.451+0000] {processor.py:183} INFO - Processing /opt/airflow/dags/airflow.py took 0.946 seconds
[2025-10-07T02:46:43.774+0000] {processor.py:161} INFO - Started process (PID=1109) to work on /opt/airflow/dags/airflow.py
[2025-10-07T02:46:43.776+0000] {processor.py:830} INFO - Processing file /opt/airflow/dags/airflow.py for tasks to queue
[2025-10-07T02:46:43.778+0000] {logging_mixin.py:188} INFO - [2025-10-07T02:46:43.778+0000] {dagbag.py:545} INFO - Filling up the DagBag from /opt/airflow/dags/airflow.py
[2025-10-07T02:46:44.405+0000] {processor.py:840} INFO - DAG(s) 'EPL_Goal_Prediction_Pipeline' retrieved from /opt/airflow/dags/airflow.py
[2025-10-07T02:46:44.422+0000] {logging_mixin.py:188} INFO - [2025-10-07T02:46:44.422+0000] {dag.py:3096} INFO - Sync 1 DAGs
[2025-10-07T02:46:44.427+0000] {logging_mixin.py:188} INFO - [2025-10-07T02:46:44.427+0000] {dag.py:3954} INFO - Setting next_dagrun for EPL_Goal_Prediction_Pipeline to None, run_after=None
[2025-10-07T02:46:44.437+0000] {processor.py:183} INFO - Processing /opt/airflow/dags/airflow.py took 0.671 seconds
[2025-10-07T02:47:14.742+0000] {processor.py:161} INFO - Started process (PID=1143) to work on /opt/airflow/dags/airflow.py
[2025-10-07T02:47:14.745+0000] {processor.py:830} INFO - Processing file /opt/airflow/dags/airflow.py for tasks to queue
[2025-10-07T02:47:14.748+0000] {logging_mixin.py:188} INFO - [2025-10-07T02:47:14.747+0000] {dagbag.py:545} INFO - Filling up the DagBag from /opt/airflow/dags/airflow.py
[2025-10-07T02:47:15.376+0000] {processor.py:840} INFO - DAG(s) 'EPL_Goal_Prediction_Pipeline' retrieved from /opt/airflow/dags/airflow.py
[2025-10-07T02:47:15.391+0000] {logging_mixin.py:188} INFO - [2025-10-07T02:47:15.390+0000] {dag.py:3096} INFO - Sync 1 DAGs
[2025-10-07T02:47:15.395+0000] {logging_mixin.py:188} INFO - [2025-10-07T02:47:15.394+0000] {dag.py:3954} INFO - Setting next_dagrun for EPL_Goal_Prediction_Pipeline to None, run_after=None
[2025-10-07T02:47:15.400+0000] {processor.py:183} INFO - Processing /opt/airflow/dags/airflow.py took 0.670 seconds
[2025-10-07T02:47:45.709+0000] {processor.py:161} INFO - Started process (PID=1172) to work on /opt/airflow/dags/airflow.py
[2025-10-07T02:47:45.712+0000] {processor.py:830} INFO - Processing file /opt/airflow/dags/airflow.py for tasks to queue
[2025-10-07T02:47:45.717+0000] {logging_mixin.py:188} INFO - [2025-10-07T02:47:45.715+0000] {dagbag.py:545} INFO - Filling up the DagBag from /opt/airflow/dags/airflow.py
[2025-10-07T02:47:46.305+0000] {processor.py:840} INFO - DAG(s) 'EPL_Goal_Prediction_Pipeline' retrieved from /opt/airflow/dags/airflow.py
[2025-10-07T02:47:46.316+0000] {logging_mixin.py:188} INFO - [2025-10-07T02:47:46.316+0000] {dag.py:3096} INFO - Sync 1 DAGs
[2025-10-07T02:47:46.320+0000] {logging_mixin.py:188} INFO - [2025-10-07T02:47:46.320+0000] {dag.py:3954} INFO - Setting next_dagrun for EPL_Goal_Prediction_Pipeline to None, run_after=None
[2025-10-07T02:47:46.325+0000] {processor.py:183} INFO - Processing /opt/airflow/dags/airflow.py took 0.626 seconds
[2025-10-07T02:48:16.652+0000] {processor.py:161} INFO - Started process (PID=1200) to work on /opt/airflow/dags/airflow.py
[2025-10-07T02:48:16.656+0000] {processor.py:830} INFO - Processing file /opt/airflow/dags/airflow.py for tasks to queue
[2025-10-07T02:48:16.658+0000] {logging_mixin.py:188} INFO - [2025-10-07T02:48:16.658+0000] {dagbag.py:545} INFO - Filling up the DagBag from /opt/airflow/dags/airflow.py
[2025-10-07T02:48:17.284+0000] {processor.py:840} INFO - DAG(s) 'EPL_Goal_Prediction_Pipeline' retrieved from /opt/airflow/dags/airflow.py
[2025-10-07T02:48:17.295+0000] {logging_mixin.py:188} INFO - [2025-10-07T02:48:17.295+0000] {dag.py:3096} INFO - Sync 1 DAGs
[2025-10-07T02:48:17.300+0000] {logging_mixin.py:188} INFO - [2025-10-07T02:48:17.299+0000] {dag.py:3954} INFO - Setting next_dagrun for EPL_Goal_Prediction_Pipeline to None, run_after=None
[2025-10-07T02:48:17.304+0000] {processor.py:183} INFO - Processing /opt/airflow/dags/airflow.py took 0.660 seconds
[2025-10-07T02:48:47.628+0000] {processor.py:161} INFO - Started process (PID=1228) to work on /opt/airflow/dags/airflow.py
[2025-10-07T02:48:47.630+0000] {processor.py:830} INFO - Processing file /opt/airflow/dags/airflow.py for tasks to queue
[2025-10-07T02:48:47.633+0000] {logging_mixin.py:188} INFO - [2025-10-07T02:48:47.633+0000] {dagbag.py:545} INFO - Filling up the DagBag from /opt/airflow/dags/airflow.py
[2025-10-07T02:48:48.199+0000] {processor.py:840} INFO - DAG(s) 'EPL_Goal_Prediction_Pipeline' retrieved from /opt/airflow/dags/airflow.py
[2025-10-07T02:48:48.213+0000] {logging_mixin.py:188} INFO - [2025-10-07T02:48:48.213+0000] {dag.py:3096} INFO - Sync 1 DAGs
[2025-10-07T02:48:48.217+0000] {logging_mixin.py:188} INFO - [2025-10-07T02:48:48.217+0000] {dag.py:3954} INFO - Setting next_dagrun for EPL_Goal_Prediction_Pipeline to None, run_after=None
[2025-10-07T02:48:48.222+0000] {processor.py:183} INFO - Processing /opt/airflow/dags/airflow.py took 0.602 seconds
[2025-10-07T02:49:18.546+0000] {processor.py:161} INFO - Started process (PID=1256) to work on /opt/airflow/dags/airflow.py
[2025-10-07T02:49:18.548+0000] {processor.py:830} INFO - Processing file /opt/airflow/dags/airflow.py for tasks to queue
[2025-10-07T02:49:18.551+0000] {logging_mixin.py:188} INFO - [2025-10-07T02:49:18.551+0000] {dagbag.py:545} INFO - Filling up the DagBag from /opt/airflow/dags/airflow.py
[2025-10-07T02:49:19.107+0000] {processor.py:840} INFO - DAG(s) 'EPL_Goal_Prediction_Pipeline' retrieved from /opt/airflow/dags/airflow.py
[2025-10-07T02:49:19.121+0000] {logging_mixin.py:188} INFO - [2025-10-07T02:49:19.121+0000] {dag.py:3096} INFO - Sync 1 DAGs
[2025-10-07T02:49:19.125+0000] {logging_mixin.py:188} INFO - [2025-10-07T02:49:19.125+0000] {dag.py:3954} INFO - Setting next_dagrun for EPL_Goal_Prediction_Pipeline to None, run_after=None
[2025-10-07T02:49:19.130+0000] {processor.py:183} INFO - Processing /opt/airflow/dags/airflow.py took 0.590 seconds
[2025-10-07T02:49:49.430+0000] {processor.py:161} INFO - Started process (PID=1284) to work on /opt/airflow/dags/airflow.py
[2025-10-07T02:49:49.431+0000] {processor.py:830} INFO - Processing file /opt/airflow/dags/airflow.py for tasks to queue
[2025-10-07T02:49:49.434+0000] {logging_mixin.py:188} INFO - [2025-10-07T02:49:49.433+0000] {dagbag.py:545} INFO - Filling up the DagBag from /opt/airflow/dags/airflow.py
[2025-10-07T02:49:50.088+0000] {processor.py:840} INFO - DAG(s) 'EPL_Goal_Prediction_Pipeline' retrieved from /opt/airflow/dags/airflow.py
[2025-10-07T02:49:50.101+0000] {logging_mixin.py:188} INFO - [2025-10-07T02:49:50.101+0000] {dag.py:3096} INFO - Sync 1 DAGs
[2025-10-07T02:49:50.105+0000] {logging_mixin.py:188} INFO - [2025-10-07T02:49:50.105+0000] {dag.py:3954} INFO - Setting next_dagrun for EPL_Goal_Prediction_Pipeline to None, run_after=None
[2025-10-07T02:49:50.112+0000] {processor.py:183} INFO - Processing /opt/airflow/dags/airflow.py took 0.687 seconds
[2025-10-07T02:50:20.355+0000] {processor.py:161} INFO - Started process (PID=1312) to work on /opt/airflow/dags/airflow.py
[2025-10-07T02:50:20.356+0000] {processor.py:830} INFO - Processing file /opt/airflow/dags/airflow.py for tasks to queue
[2025-10-07T02:50:20.357+0000] {logging_mixin.py:188} INFO - [2025-10-07T02:50:20.357+0000] {dagbag.py:545} INFO - Filling up the DagBag from /opt/airflow/dags/airflow.py
[2025-10-07T02:50:20.861+0000] {processor.py:840} INFO - DAG(s) 'EPL_Goal_Prediction_Pipeline' retrieved from /opt/airflow/dags/airflow.py
[2025-10-07T02:50:20.872+0000] {logging_mixin.py:188} INFO - [2025-10-07T02:50:20.872+0000] {dag.py:3096} INFO - Sync 1 DAGs
[2025-10-07T02:50:20.876+0000] {logging_mixin.py:188} INFO - [2025-10-07T02:50:20.876+0000] {dag.py:3954} INFO - Setting next_dagrun for EPL_Goal_Prediction_Pipeline to None, run_after=None
[2025-10-07T02:50:20.881+0000] {processor.py:183} INFO - Processing /opt/airflow/dags/airflow.py took 0.530 seconds
[2025-10-07T02:50:51.157+0000] {processor.py:161} INFO - Started process (PID=1340) to work on /opt/airflow/dags/airflow.py
[2025-10-07T02:50:51.158+0000] {processor.py:830} INFO - Processing file /opt/airflow/dags/airflow.py for tasks to queue
[2025-10-07T02:50:51.160+0000] {logging_mixin.py:188} INFO - [2025-10-07T02:50:51.160+0000] {dagbag.py:545} INFO - Filling up the DagBag from /opt/airflow/dags/airflow.py
[2025-10-07T02:50:51.583+0000] {processor.py:840} INFO - DAG(s) 'EPL_Goal_Prediction_Pipeline' retrieved from /opt/airflow/dags/airflow.py
[2025-10-07T02:50:51.592+0000] {logging_mixin.py:188} INFO - [2025-10-07T02:50:51.592+0000] {dag.py:3096} INFO - Sync 1 DAGs
[2025-10-07T02:50:51.596+0000] {logging_mixin.py:188} INFO - [2025-10-07T02:50:51.596+0000] {dag.py:3954} INFO - Setting next_dagrun for EPL_Goal_Prediction_Pipeline to None, run_after=None
[2025-10-07T02:50:51.600+0000] {processor.py:183} INFO - Processing /opt/airflow/dags/airflow.py took 0.450 seconds
[2025-10-07T02:51:21.889+0000] {processor.py:161} INFO - Started process (PID=1368) to work on /opt/airflow/dags/airflow.py
[2025-10-07T02:51:21.893+0000] {processor.py:830} INFO - Processing file /opt/airflow/dags/airflow.py for tasks to queue
[2025-10-07T02:51:21.897+0000] {logging_mixin.py:188} INFO - [2025-10-07T02:51:21.896+0000] {dagbag.py:545} INFO - Filling up the DagBag from /opt/airflow/dags/airflow.py
[2025-10-07T02:51:22.520+0000] {processor.py:840} INFO - DAG(s) 'EPL_Goal_Prediction_Pipeline' retrieved from /opt/airflow/dags/airflow.py
[2025-10-07T02:51:22.532+0000] {logging_mixin.py:188} INFO - [2025-10-07T02:51:22.532+0000] {dag.py:3096} INFO - Sync 1 DAGs
[2025-10-07T02:51:22.537+0000] {logging_mixin.py:188} INFO - [2025-10-07T02:51:22.537+0000] {dag.py:3954} INFO - Setting next_dagrun for EPL_Goal_Prediction_Pipeline to None, run_after=None
[2025-10-07T02:51:22.543+0000] {processor.py:183} INFO - Processing /opt/airflow/dags/airflow.py took 0.666 seconds
[2025-10-07T02:51:52.860+0000] {processor.py:161} INFO - Started process (PID=1396) to work on /opt/airflow/dags/airflow.py
[2025-10-07T02:51:52.861+0000] {processor.py:830} INFO - Processing file /opt/airflow/dags/airflow.py for tasks to queue
[2025-10-07T02:51:52.864+0000] {logging_mixin.py:188} INFO - [2025-10-07T02:51:52.864+0000] {dagbag.py:545} INFO - Filling up the DagBag from /opt/airflow/dags/airflow.py
[2025-10-07T02:51:53.459+0000] {processor.py:840} INFO - DAG(s) 'EPL_Goal_Prediction_Pipeline' retrieved from /opt/airflow/dags/airflow.py
[2025-10-07T02:51:53.470+0000] {logging_mixin.py:188} INFO - [2025-10-07T02:51:53.469+0000] {dag.py:3096} INFO - Sync 1 DAGs
[2025-10-07T02:51:53.474+0000] {logging_mixin.py:188} INFO - [2025-10-07T02:51:53.474+0000] {dag.py:3954} INFO - Setting next_dagrun for EPL_Goal_Prediction_Pipeline to None, run_after=None
[2025-10-07T02:51:53.478+0000] {processor.py:183} INFO - Processing /opt/airflow/dags/airflow.py took 0.631 seconds
[2025-10-07T02:52:23.761+0000] {processor.py:161} INFO - Started process (PID=1424) to work on /opt/airflow/dags/airflow.py
[2025-10-07T02:52:23.762+0000] {processor.py:830} INFO - Processing file /opt/airflow/dags/airflow.py for tasks to queue
[2025-10-07T02:52:23.764+0000] {logging_mixin.py:188} INFO - [2025-10-07T02:52:23.764+0000] {dagbag.py:545} INFO - Filling up the DagBag from /opt/airflow/dags/airflow.py
[2025-10-07T02:52:24.367+0000] {processor.py:840} INFO - DAG(s) 'EPL_Goal_Prediction_Pipeline' retrieved from /opt/airflow/dags/airflow.py
[2025-10-07T02:52:24.379+0000] {logging_mixin.py:188} INFO - [2025-10-07T02:52:24.379+0000] {dag.py:3096} INFO - Sync 1 DAGs
[2025-10-07T02:52:24.384+0000] {logging_mixin.py:188} INFO - [2025-10-07T02:52:24.384+0000] {dag.py:3954} INFO - Setting next_dagrun for EPL_Goal_Prediction_Pipeline to None, run_after=None
[2025-10-07T02:52:24.390+0000] {processor.py:183} INFO - Processing /opt/airflow/dags/airflow.py took 0.634 seconds
[2025-10-07T02:52:54.700+0000] {processor.py:161} INFO - Started process (PID=1452) to work on /opt/airflow/dags/airflow.py
[2025-10-07T02:52:54.702+0000] {processor.py:830} INFO - Processing file /opt/airflow/dags/airflow.py for tasks to queue
[2025-10-07T02:52:54.708+0000] {logging_mixin.py:188} INFO - [2025-10-07T02:52:54.707+0000] {dagbag.py:545} INFO - Filling up the DagBag from /opt/airflow/dags/airflow.py
[2025-10-07T02:52:55.372+0000] {processor.py:840} INFO - DAG(s) 'EPL_Goal_Prediction_Pipeline' retrieved from /opt/airflow/dags/airflow.py
[2025-10-07T02:52:55.386+0000] {logging_mixin.py:188} INFO - [2025-10-07T02:52:55.386+0000] {dag.py:3096} INFO - Sync 1 DAGs
[2025-10-07T02:52:55.390+0000] {logging_mixin.py:188} INFO - [2025-10-07T02:52:55.389+0000] {dag.py:3954} INFO - Setting next_dagrun for EPL_Goal_Prediction_Pipeline to None, run_after=None
[2025-10-07T02:52:55.395+0000] {processor.py:183} INFO - Processing /opt/airflow/dags/airflow.py took 0.703 seconds
[2025-10-07T02:53:25.689+0000] {processor.py:161} INFO - Started process (PID=1480) to work on /opt/airflow/dags/airflow.py
[2025-10-07T02:53:25.690+0000] {processor.py:830} INFO - Processing file /opt/airflow/dags/airflow.py for tasks to queue
[2025-10-07T02:53:25.692+0000] {logging_mixin.py:188} INFO - [2025-10-07T02:53:25.691+0000] {dagbag.py:545} INFO - Filling up the DagBag from /opt/airflow/dags/airflow.py
[2025-10-07T02:53:26.274+0000] {processor.py:840} INFO - DAG(s) 'EPL_Goal_Prediction_Pipeline' retrieved from /opt/airflow/dags/airflow.py
[2025-10-07T02:53:26.288+0000] {logging_mixin.py:188} INFO - [2025-10-07T02:53:26.287+0000] {dag.py:3096} INFO - Sync 1 DAGs
[2025-10-07T02:53:26.292+0000] {logging_mixin.py:188} INFO - [2025-10-07T02:53:26.292+0000] {dag.py:3954} INFO - Setting next_dagrun for EPL_Goal_Prediction_Pipeline to None, run_after=None
[2025-10-07T02:53:26.297+0000] {processor.py:183} INFO - Processing /opt/airflow/dags/airflow.py took 0.614 seconds
[2025-10-07T02:53:56.580+0000] {processor.py:161} INFO - Started process (PID=1508) to work on /opt/airflow/dags/airflow.py
[2025-10-07T02:53:56.581+0000] {processor.py:830} INFO - Processing file /opt/airflow/dags/airflow.py for tasks to queue
[2025-10-07T02:53:56.583+0000] {logging_mixin.py:188} INFO - [2025-10-07T02:53:56.583+0000] {dagbag.py:545} INFO - Filling up the DagBag from /opt/airflow/dags/airflow.py
[2025-10-07T02:53:57.209+0000] {processor.py:840} INFO - DAG(s) 'EPL_Goal_Prediction_Pipeline' retrieved from /opt/airflow/dags/airflow.py
[2025-10-07T02:53:57.219+0000] {logging_mixin.py:188} INFO - [2025-10-07T02:53:57.219+0000] {dag.py:3096} INFO - Sync 1 DAGs
[2025-10-07T02:53:57.224+0000] {logging_mixin.py:188} INFO - [2025-10-07T02:53:57.224+0000] {dag.py:3954} INFO - Setting next_dagrun for EPL_Goal_Prediction_Pipeline to None, run_after=None
[2025-10-07T02:53:57.229+0000] {processor.py:183} INFO - Processing /opt/airflow/dags/airflow.py took 0.660 seconds
[2025-10-07T02:54:27.497+0000] {processor.py:161} INFO - Started process (PID=1536) to work on /opt/airflow/dags/airflow.py
[2025-10-07T02:54:27.498+0000] {processor.py:830} INFO - Processing file /opt/airflow/dags/airflow.py for tasks to queue
[2025-10-07T02:54:27.502+0000] {logging_mixin.py:188} INFO - [2025-10-07T02:54:27.501+0000] {dagbag.py:545} INFO - Filling up the DagBag from /opt/airflow/dags/airflow.py
[2025-10-07T02:54:27.983+0000] {processor.py:840} INFO - DAG(s) 'EPL_Goal_Prediction_Pipeline' retrieved from /opt/airflow/dags/airflow.py
[2025-10-07T02:54:27.993+0000] {logging_mixin.py:188} INFO - [2025-10-07T02:54:27.993+0000] {dag.py:3096} INFO - Sync 1 DAGs
[2025-10-07T02:54:27.997+0000] {logging_mixin.py:188} INFO - [2025-10-07T02:54:27.997+0000] {dag.py:3954} INFO - Setting next_dagrun for EPL_Goal_Prediction_Pipeline to None, run_after=None
[2025-10-07T02:54:28.002+0000] {processor.py:183} INFO - Processing /opt/airflow/dags/airflow.py took 0.513 seconds
[2025-10-07T02:54:58.272+0000] {processor.py:161} INFO - Started process (PID=1564) to work on /opt/airflow/dags/airflow.py
[2025-10-07T02:54:58.273+0000] {processor.py:830} INFO - Processing file /opt/airflow/dags/airflow.py for tasks to queue
[2025-10-07T02:54:58.275+0000] {logging_mixin.py:188} INFO - [2025-10-07T02:54:58.275+0000] {dagbag.py:545} INFO - Filling up the DagBag from /opt/airflow/dags/airflow.py
[2025-10-07T02:54:58.762+0000] {processor.py:840} INFO - DAG(s) 'EPL_Goal_Prediction_Pipeline' retrieved from /opt/airflow/dags/airflow.py
[2025-10-07T02:54:58.774+0000] {logging_mixin.py:188} INFO - [2025-10-07T02:54:58.774+0000] {dag.py:3096} INFO - Sync 1 DAGs
[2025-10-07T02:54:58.778+0000] {logging_mixin.py:188} INFO - [2025-10-07T02:54:58.778+0000] {dag.py:3954} INFO - Setting next_dagrun for EPL_Goal_Prediction_Pipeline to None, run_after=None
[2025-10-07T02:54:58.783+0000] {processor.py:183} INFO - Processing /opt/airflow/dags/airflow.py took 0.517 seconds
[2025-10-07T02:55:29.050+0000] {processor.py:161} INFO - Started process (PID=1592) to work on /opt/airflow/dags/airflow.py
[2025-10-07T02:55:29.051+0000] {processor.py:830} INFO - Processing file /opt/airflow/dags/airflow.py for tasks to queue
[2025-10-07T02:55:29.054+0000] {logging_mixin.py:188} INFO - [2025-10-07T02:55:29.053+0000] {dagbag.py:545} INFO - Filling up the DagBag from /opt/airflow/dags/airflow.py
[2025-10-07T02:55:29.595+0000] {processor.py:840} INFO - DAG(s) 'EPL_Goal_Prediction_Pipeline' retrieved from /opt/airflow/dags/airflow.py
[2025-10-07T02:55:29.605+0000] {logging_mixin.py:188} INFO - [2025-10-07T02:55:29.605+0000] {dag.py:3096} INFO - Sync 1 DAGs
[2025-10-07T02:55:29.609+0000] {logging_mixin.py:188} INFO - [2025-10-07T02:55:29.609+0000] {dag.py:3954} INFO - Setting next_dagrun for EPL_Goal_Prediction_Pipeline to None, run_after=None
[2025-10-07T02:55:29.614+0000] {processor.py:183} INFO - Processing /opt/airflow/dags/airflow.py took 0.570 seconds
[2025-10-07T02:55:59.915+0000] {processor.py:161} INFO - Started process (PID=1620) to work on /opt/airflow/dags/airflow.py
[2025-10-07T02:55:59.917+0000] {processor.py:830} INFO - Processing file /opt/airflow/dags/airflow.py for tasks to queue
[2025-10-07T02:55:59.923+0000] {logging_mixin.py:188} INFO - [2025-10-07T02:55:59.921+0000] {dagbag.py:545} INFO - Filling up the DagBag from /opt/airflow/dags/airflow.py
[2025-10-07T02:56:00.667+0000] {processor.py:840} INFO - DAG(s) 'EPL_Goal_Prediction_Pipeline' retrieved from /opt/airflow/dags/airflow.py
[2025-10-07T02:56:00.681+0000] {logging_mixin.py:188} INFO - [2025-10-07T02:56:00.680+0000] {dag.py:3096} INFO - Sync 1 DAGs
[2025-10-07T02:56:00.685+0000] {logging_mixin.py:188} INFO - [2025-10-07T02:56:00.685+0000] {dag.py:3954} INFO - Setting next_dagrun for EPL_Goal_Prediction_Pipeline to None, run_after=None
[2025-10-07T02:56:00.691+0000] {processor.py:183} INFO - Processing /opt/airflow/dags/airflow.py took 0.785 seconds
[2025-10-07T02:56:30.975+0000] {processor.py:161} INFO - Started process (PID=1648) to work on /opt/airflow/dags/airflow.py
[2025-10-07T02:56:30.977+0000] {processor.py:830} INFO - Processing file /opt/airflow/dags/airflow.py for tasks to queue
[2025-10-07T02:56:30.979+0000] {logging_mixin.py:188} INFO - [2025-10-07T02:56:30.979+0000] {dagbag.py:545} INFO - Filling up the DagBag from /opt/airflow/dags/airflow.py
[2025-10-07T02:56:31.671+0000] {processor.py:840} INFO - DAG(s) 'EPL_Goal_Prediction_Pipeline' retrieved from /opt/airflow/dags/airflow.py
[2025-10-07T02:56:31.680+0000] {logging_mixin.py:188} INFO - [2025-10-07T02:56:31.680+0000] {dag.py:3096} INFO - Sync 1 DAGs
[2025-10-07T02:56:31.684+0000] {logging_mixin.py:188} INFO - [2025-10-07T02:56:31.684+0000] {dag.py:3954} INFO - Setting next_dagrun for EPL_Goal_Prediction_Pipeline to None, run_after=None
[2025-10-07T02:56:31.689+0000] {processor.py:183} INFO - Processing /opt/airflow/dags/airflow.py took 0.724 seconds
[2025-10-07T02:57:02.001+0000] {processor.py:161} INFO - Started process (PID=1676) to work on /opt/airflow/dags/airflow.py
[2025-10-07T02:57:02.005+0000] {processor.py:830} INFO - Processing file /opt/airflow/dags/airflow.py for tasks to queue
[2025-10-07T02:57:02.010+0000] {logging_mixin.py:188} INFO - [2025-10-07T02:57:02.010+0000] {dagbag.py:545} INFO - Filling up the DagBag from /opt/airflow/dags/airflow.py
[2025-10-07T02:57:02.688+0000] {processor.py:840} INFO - DAG(s) 'EPL_Goal_Prediction_Pipeline' retrieved from /opt/airflow/dags/airflow.py
[2025-10-07T02:57:02.701+0000] {logging_mixin.py:188} INFO - [2025-10-07T02:57:02.701+0000] {dag.py:3096} INFO - Sync 1 DAGs
[2025-10-07T02:57:02.706+0000] {logging_mixin.py:188} INFO - [2025-10-07T02:57:02.706+0000] {dag.py:3954} INFO - Setting next_dagrun for EPL_Goal_Prediction_Pipeline to None, run_after=None
[2025-10-07T02:57:02.710+0000] {processor.py:183} INFO - Processing /opt/airflow/dags/airflow.py took 0.721 seconds
[2025-10-07T02:57:32.985+0000] {processor.py:161} INFO - Started process (PID=1704) to work on /opt/airflow/dags/airflow.py
[2025-10-07T02:57:32.986+0000] {processor.py:830} INFO - Processing file /opt/airflow/dags/airflow.py for tasks to queue
[2025-10-07T02:57:32.989+0000] {logging_mixin.py:188} INFO - [2025-10-07T02:57:32.988+0000] {dagbag.py:545} INFO - Filling up the DagBag from /opt/airflow/dags/airflow.py
[2025-10-07T02:57:33.536+0000] {processor.py:840} INFO - DAG(s) 'EPL_Goal_Prediction_Pipeline' retrieved from /opt/airflow/dags/airflow.py
[2025-10-07T02:57:33.547+0000] {logging_mixin.py:188} INFO - [2025-10-07T02:57:33.547+0000] {dag.py:3096} INFO - Sync 1 DAGs
[2025-10-07T02:57:33.551+0000] {logging_mixin.py:188} INFO - [2025-10-07T02:57:33.551+0000] {dag.py:3954} INFO - Setting next_dagrun for EPL_Goal_Prediction_Pipeline to None, run_after=None
[2025-10-07T02:57:33.556+0000] {processor.py:183} INFO - Processing /opt/airflow/dags/airflow.py took 0.577 seconds
[2025-10-07T02:58:03.852+0000] {processor.py:161} INFO - Started process (PID=1732) to work on /opt/airflow/dags/airflow.py
[2025-10-07T02:58:03.855+0000] {processor.py:830} INFO - Processing file /opt/airflow/dags/airflow.py for tasks to queue
[2025-10-07T02:58:03.859+0000] {logging_mixin.py:188} INFO - [2025-10-07T02:58:03.859+0000] {dagbag.py:545} INFO - Filling up the DagBag from /opt/airflow/dags/airflow.py
[2025-10-07T02:58:04.439+0000] {processor.py:840} INFO - DAG(s) 'EPL_Goal_Prediction_Pipeline' retrieved from /opt/airflow/dags/airflow.py
[2025-10-07T02:58:04.453+0000] {logging_mixin.py:188} INFO - [2025-10-07T02:58:04.453+0000] {dag.py:3096} INFO - Sync 1 DAGs
[2025-10-07T02:58:04.458+0000] {logging_mixin.py:188} INFO - [2025-10-07T02:58:04.458+0000] {dag.py:3954} INFO - Setting next_dagrun for EPL_Goal_Prediction_Pipeline to None, run_after=None
[2025-10-07T02:58:04.466+0000] {processor.py:183} INFO - Processing /opt/airflow/dags/airflow.py took 0.622 seconds
[2025-10-07T02:58:34.787+0000] {processor.py:161} INFO - Started process (PID=1760) to work on /opt/airflow/dags/airflow.py
[2025-10-07T02:58:34.789+0000] {processor.py:830} INFO - Processing file /opt/airflow/dags/airflow.py for tasks to queue
[2025-10-07T02:58:34.792+0000] {logging_mixin.py:188} INFO - [2025-10-07T02:58:34.791+0000] {dagbag.py:545} INFO - Filling up the DagBag from /opt/airflow/dags/airflow.py
[2025-10-07T02:58:35.405+0000] {processor.py:840} INFO - DAG(s) 'EPL_Goal_Prediction_Pipeline' retrieved from /opt/airflow/dags/airflow.py
[2025-10-07T02:58:35.419+0000] {logging_mixin.py:188} INFO - [2025-10-07T02:58:35.419+0000] {dag.py:3096} INFO - Sync 1 DAGs
[2025-10-07T02:58:35.423+0000] {logging_mixin.py:188} INFO - [2025-10-07T02:58:35.423+0000] {dag.py:3954} INFO - Setting next_dagrun for EPL_Goal_Prediction_Pipeline to None, run_after=None
[2025-10-07T02:58:35.428+0000] {processor.py:183} INFO - Processing /opt/airflow/dags/airflow.py took 0.652 seconds
[2025-10-07T02:59:05.706+0000] {processor.py:161} INFO - Started process (PID=1788) to work on /opt/airflow/dags/airflow.py
[2025-10-07T02:59:05.709+0000] {processor.py:830} INFO - Processing file /opt/airflow/dags/airflow.py for tasks to queue
[2025-10-07T02:59:05.711+0000] {logging_mixin.py:188} INFO - [2025-10-07T02:59:05.711+0000] {dagbag.py:545} INFO - Filling up the DagBag from /opt/airflow/dags/airflow.py
[2025-10-07T02:59:06.337+0000] {processor.py:840} INFO - DAG(s) 'EPL_Goal_Prediction_Pipeline' retrieved from /opt/airflow/dags/airflow.py
[2025-10-07T02:59:06.358+0000] {logging_mixin.py:188} INFO - [2025-10-07T02:59:06.357+0000] {dag.py:3096} INFO - Sync 1 DAGs
[2025-10-07T02:59:06.361+0000] {logging_mixin.py:188} INFO - [2025-10-07T02:59:06.361+0000] {dag.py:3954} INFO - Setting next_dagrun for EPL_Goal_Prediction_Pipeline to None, run_after=None
[2025-10-07T02:59:06.366+0000] {processor.py:183} INFO - Processing /opt/airflow/dags/airflow.py took 0.670 seconds
[2025-10-07T02:59:36.679+0000] {processor.py:161} INFO - Started process (PID=1816) to work on /opt/airflow/dags/airflow.py
[2025-10-07T02:59:36.682+0000] {processor.py:830} INFO - Processing file /opt/airflow/dags/airflow.py for tasks to queue
[2025-10-07T02:59:36.686+0000] {logging_mixin.py:188} INFO - [2025-10-07T02:59:36.686+0000] {dagbag.py:545} INFO - Filling up the DagBag from /opt/airflow/dags/airflow.py
[2025-10-07T02:59:37.249+0000] {processor.py:840} INFO - DAG(s) 'EPL_Goal_Prediction_Pipeline' retrieved from /opt/airflow/dags/airflow.py
[2025-10-07T02:59:37.261+0000] {logging_mixin.py:188} INFO - [2025-10-07T02:59:37.261+0000] {dag.py:3096} INFO - Sync 1 DAGs
[2025-10-07T02:59:37.266+0000] {logging_mixin.py:188} INFO - [2025-10-07T02:59:37.265+0000] {dag.py:3954} INFO - Setting next_dagrun for EPL_Goal_Prediction_Pipeline to None, run_after=None
[2025-10-07T02:59:37.271+0000] {processor.py:183} INFO - Processing /opt/airflow/dags/airflow.py took 0.599 seconds
[2025-10-07T03:00:07.563+0000] {processor.py:161} INFO - Started process (PID=1844) to work on /opt/airflow/dags/airflow.py
[2025-10-07T03:00:07.566+0000] {processor.py:830} INFO - Processing file /opt/airflow/dags/airflow.py for tasks to queue
[2025-10-07T03:00:07.569+0000] {logging_mixin.py:188} INFO - [2025-10-07T03:00:07.569+0000] {dagbag.py:545} INFO - Filling up the DagBag from /opt/airflow/dags/airflow.py
[2025-10-07T03:00:08.302+0000] {processor.py:840} INFO - DAG(s) 'EPL_Goal_Prediction_Pipeline' retrieved from /opt/airflow/dags/airflow.py
[2025-10-07T03:00:08.329+0000] {logging_mixin.py:188} INFO - [2025-10-07T03:00:08.329+0000] {dag.py:3096} INFO - Sync 1 DAGs
[2025-10-07T03:00:08.338+0000] {logging_mixin.py:188} INFO - [2025-10-07T03:00:08.338+0000] {dag.py:3954} INFO - Setting next_dagrun for EPL_Goal_Prediction_Pipeline to None, run_after=None
[2025-10-07T03:00:08.350+0000] {processor.py:183} INFO - Processing /opt/airflow/dags/airflow.py took 0.793 seconds
[2025-10-07T03:00:38.621+0000] {processor.py:161} INFO - Started process (PID=1872) to work on /opt/airflow/dags/airflow.py
[2025-10-07T03:00:38.621+0000] {processor.py:830} INFO - Processing file /opt/airflow/dags/airflow.py for tasks to queue
[2025-10-07T03:00:38.624+0000] {logging_mixin.py:188} INFO - [2025-10-07T03:00:38.624+0000] {dagbag.py:545} INFO - Filling up the DagBag from /opt/airflow/dags/airflow.py
[2025-10-07T03:00:39.201+0000] {processor.py:840} INFO - DAG(s) 'EPL_Goal_Prediction_Pipeline' retrieved from /opt/airflow/dags/airflow.py
[2025-10-07T03:00:39.213+0000] {logging_mixin.py:188} INFO - [2025-10-07T03:00:39.213+0000] {dag.py:3096} INFO - Sync 1 DAGs
[2025-10-07T03:00:39.219+0000] {logging_mixin.py:188} INFO - [2025-10-07T03:00:39.218+0000] {dag.py:3954} INFO - Setting next_dagrun for EPL_Goal_Prediction_Pipeline to None, run_after=None
[2025-10-07T03:00:39.223+0000] {processor.py:183} INFO - Processing /opt/airflow/dags/airflow.py took 0.611 seconds
[2025-10-07T03:01:09.510+0000] {processor.py:161} INFO - Started process (PID=1900) to work on /opt/airflow/dags/airflow.py
[2025-10-07T03:01:09.511+0000] {processor.py:830} INFO - Processing file /opt/airflow/dags/airflow.py for tasks to queue
[2025-10-07T03:01:09.515+0000] {logging_mixin.py:188} INFO - [2025-10-07T03:01:09.514+0000] {dagbag.py:545} INFO - Filling up the DagBag from /opt/airflow/dags/airflow.py
[2025-10-07T03:01:10.095+0000] {processor.py:840} INFO - DAG(s) 'EPL_Goal_Prediction_Pipeline' retrieved from /opt/airflow/dags/airflow.py
[2025-10-07T03:01:10.107+0000] {logging_mixin.py:188} INFO - [2025-10-07T03:01:10.107+0000] {dag.py:3096} INFO - Sync 1 DAGs
[2025-10-07T03:01:10.112+0000] {logging_mixin.py:188} INFO - [2025-10-07T03:01:10.112+0000] {dag.py:3954} INFO - Setting next_dagrun for EPL_Goal_Prediction_Pipeline to None, run_after=None
[2025-10-07T03:01:10.117+0000] {processor.py:183} INFO - Processing /opt/airflow/dags/airflow.py took 0.615 seconds
[2025-10-07T03:01:40.378+0000] {processor.py:161} INFO - Started process (PID=1928) to work on /opt/airflow/dags/airflow.py
[2025-10-07T03:01:40.380+0000] {processor.py:830} INFO - Processing file /opt/airflow/dags/airflow.py for tasks to queue
[2025-10-07T03:01:40.382+0000] {logging_mixin.py:188} INFO - [2025-10-07T03:01:40.382+0000] {dagbag.py:545} INFO - Filling up the DagBag from /opt/airflow/dags/airflow.py
[2025-10-07T03:01:40.831+0000] {processor.py:840} INFO - DAG(s) 'EPL_Goal_Prediction_Pipeline' retrieved from /opt/airflow/dags/airflow.py
[2025-10-07T03:01:40.839+0000] {logging_mixin.py:188} INFO - [2025-10-07T03:01:40.839+0000] {dag.py:3096} INFO - Sync 1 DAGs
[2025-10-07T03:01:40.842+0000] {logging_mixin.py:188} INFO - [2025-10-07T03:01:40.842+0000] {dag.py:3954} INFO - Setting next_dagrun for EPL_Goal_Prediction_Pipeline to None, run_after=None
[2025-10-07T03:01:40.847+0000] {processor.py:183} INFO - Processing /opt/airflow/dags/airflow.py took 0.475 seconds
[2025-10-07T03:02:11.083+0000] {processor.py:161} INFO - Started process (PID=1956) to work on /opt/airflow/dags/airflow.py
[2025-10-07T03:02:11.085+0000] {processor.py:830} INFO - Processing file /opt/airflow/dags/airflow.py for tasks to queue
[2025-10-07T03:02:11.088+0000] {logging_mixin.py:188} INFO - [2025-10-07T03:02:11.088+0000] {dagbag.py:545} INFO - Filling up the DagBag from /opt/airflow/dags/airflow.py
[2025-10-07T03:02:11.799+0000] {processor.py:840} INFO - DAG(s) 'EPL_Goal_Prediction_Pipeline' retrieved from /opt/airflow/dags/airflow.py
[2025-10-07T03:02:11.813+0000] {logging_mixin.py:188} INFO - [2025-10-07T03:02:11.813+0000] {dag.py:3096} INFO - Sync 1 DAGs
[2025-10-07T03:02:11.818+0000] {logging_mixin.py:188} INFO - [2025-10-07T03:02:11.818+0000] {dag.py:3954} INFO - Setting next_dagrun for EPL_Goal_Prediction_Pipeline to None, run_after=None
[2025-10-07T03:02:11.824+0000] {processor.py:183} INFO - Processing /opt/airflow/dags/airflow.py took 0.748 seconds
[2025-10-07T03:02:42.110+0000] {processor.py:161} INFO - Started process (PID=1984) to work on /opt/airflow/dags/airflow.py
[2025-10-07T03:02:42.112+0000] {processor.py:830} INFO - Processing file /opt/airflow/dags/airflow.py for tasks to queue
[2025-10-07T03:02:42.115+0000] {logging_mixin.py:188} INFO - [2025-10-07T03:02:42.115+0000] {dagbag.py:545} INFO - Filling up the DagBag from /opt/airflow/dags/airflow.py
[2025-10-07T03:02:42.688+0000] {processor.py:840} INFO - DAG(s) 'EPL_Goal_Prediction_Pipeline' retrieved from /opt/airflow/dags/airflow.py
[2025-10-07T03:02:42.698+0000] {logging_mixin.py:188} INFO - [2025-10-07T03:02:42.698+0000] {dag.py:3096} INFO - Sync 1 DAGs
[2025-10-07T03:02:42.703+0000] {logging_mixin.py:188} INFO - [2025-10-07T03:02:42.703+0000] {dag.py:3954} INFO - Setting next_dagrun for EPL_Goal_Prediction_Pipeline to None, run_after=None
[2025-10-07T03:02:42.709+0000] {processor.py:183} INFO - Processing /opt/airflow/dags/airflow.py took 0.603 seconds
