[2025-10-07T02:32:53.274+0000] {local_task_job_runner.py:120} INFO - ::group::Pre task execution logs
[2025-10-07T02:32:53.283+0000] {taskinstance.py:2076} INFO - Dependencies all met for dep_context=non-requeueable deps ti=<TaskInstance: EPL_Goal_Prediction_Pipeline.setup_directories manual__2025-10-07T02:32:51.766357+00:00 [queued]>
[2025-10-07T02:32:53.285+0000] {taskinstance.py:2076} INFO - Dependencies all met for dep_context=requeueable deps ti=<TaskInstance: EPL_Goal_Prediction_Pipeline.setup_directories manual__2025-10-07T02:32:51.766357+00:00 [queued]>
[2025-10-07T02:32:53.285+0000] {taskinstance.py:2306} INFO - Starting attempt 1 of 1
[2025-10-07T02:32:53.290+0000] {taskinstance.py:2330} INFO - Executing <Task(BashOperator): setup_directories> on 2025-10-07 02:32:51.766357+00:00
[2025-10-07T02:32:53.294+0000] {warnings.py:112} WARNING - /home/***/.local/lib/python3.12/site-packages/***/task/task_runner/standard_task_runner.py:61: DeprecationWarning: This process (pid=188) is multi-threaded, use of fork() may lead to deadlocks in the child.
  pid = os.fork()

[2025-10-07T02:32:53.295+0000] {standard_task_runner.py:63} INFO - Started process 210 to run task
[2025-10-07T02:32:53.295+0000] {standard_task_runner.py:90} INFO - Running: ['***', 'tasks', 'run', 'EPL_Goal_Prediction_Pipeline', 'setup_directories', 'manual__2025-10-07T02:32:51.766357+00:00', '--job-id', '27', '--raw', '--subdir', 'DAGS_FOLDER/***.py', '--cfg-path', '/tmp/tmpmdvmcp6g']
[2025-10-07T02:32:53.296+0000] {standard_task_runner.py:91} INFO - Job 27: Subtask setup_directories
[2025-10-07T02:32:53.311+0000] {task_command.py:426} INFO - Running <TaskInstance: EPL_Goal_Prediction_Pipeline.setup_directories manual__2025-10-07T02:32:51.766357+00:00 [running]> on host ec5214ce7faa
[2025-10-07T02:32:53.338+0000] {taskinstance.py:2648} INFO - Exporting env vars: AIRFLOW_CTX_DAG_OWNER='***' AIRFLOW_CTX_DAG_ID='EPL_Goal_Prediction_Pipeline' AIRFLOW_CTX_TASK_ID='setup_directories' AIRFLOW_CTX_EXECUTION_DATE='2025-10-07T02:32:51.766357+00:00' AIRFLOW_CTX_TRY_NUMBER='1' AIRFLOW_CTX_DAG_RUN_ID='manual__2025-10-07T02:32:51.766357+00:00'
[2025-10-07T02:32:53.341+0000] {taskinstance.py:430} INFO - ::endgroup::
[2025-10-07T02:32:53.345+0000] {subprocess.py:63} INFO - Tmp dir root location: /tmp
[2025-10-07T02:32:53.346+0000] {subprocess.py:75} INFO - Running command: ['/usr/bin/bash', '-c', 'mkdir -p /opt/***/dags/model']
[2025-10-07T02:32:53.350+0000] {subprocess.py:86} INFO - Output:
[2025-10-07T02:32:53.351+0000] {subprocess.py:97} INFO - Command exited with return code 0
[2025-10-07T02:32:53.351+0000] {taskinstance.py:441} INFO - ::group::Post task execution logs
[2025-10-07T02:32:53.359+0000] {taskinstance.py:1206} INFO - Marking task as SUCCESS. dag_id=EPL_Goal_Prediction_Pipeline, task_id=setup_directories, run_id=manual__2025-10-07T02:32:51.766357+00:00, execution_date=20251007T023251, start_date=20251007T023253, end_date=20251007T023253
[2025-10-07T02:32:53.395+0000] {local_task_job_runner.py:240} INFO - Task exited with return code 0
[2025-10-07T02:32:53.407+0000] {taskinstance.py:3503} INFO - 1 downstream tasks scheduled from follow-on schedule check
[2025-10-07T02:32:53.407+0000] {local_task_job_runner.py:222} INFO - ::endgroup::
