[2026-02-12T21:53:24.339+0000] {processor.py:161} INFO - Started process (PID=80) to work on /opt/airflow/dags/src/lab.py
[2026-02-12T21:53:24.340+0000] {processor.py:830} INFO - Processing file /opt/airflow/dags/src/lab.py for tasks to queue
[2026-02-12T21:53:24.342+0000] {logging_mixin.py:188} INFO - [2026-02-12T21:53:24.341+0000] {dagbag.py:545} INFO - Filling up the DagBag from /opt/airflow/dags/src/lab.py
[2026-02-12T21:53:25.612+0000] {processor.py:842} WARNING - No viable dags retrieved from /opt/airflow/dags/src/lab.py
[2026-02-12T21:53:25.618+0000] {processor.py:183} INFO - Processing /opt/airflow/dags/src/lab.py took 1.283 seconds
[2026-02-12T21:53:55.911+0000] {processor.py:161} INFO - Started process (PID=114) to work on /opt/airflow/dags/src/lab.py
[2026-02-12T21:53:55.913+0000] {processor.py:830} INFO - Processing file /opt/airflow/dags/src/lab.py for tasks to queue
[2026-02-12T21:53:55.918+0000] {logging_mixin.py:188} INFO - [2026-02-12T21:53:55.916+0000] {dagbag.py:545} INFO - Filling up the DagBag from /opt/airflow/dags/src/lab.py
[2026-02-12T21:53:56.736+0000] {processor.py:842} WARNING - No viable dags retrieved from /opt/airflow/dags/src/lab.py
[2026-02-12T21:53:56.744+0000] {processor.py:183} INFO - Processing /opt/airflow/dags/src/lab.py took 0.839 seconds
[2026-02-12T21:54:27.007+0000] {processor.py:161} INFO - Started process (PID=154) to work on /opt/airflow/dags/src/lab.py
[2026-02-12T21:54:27.009+0000] {processor.py:830} INFO - Processing file /opt/airflow/dags/src/lab.py for tasks to queue
[2026-02-12T21:54:27.013+0000] {logging_mixin.py:188} INFO - [2026-02-12T21:54:27.012+0000] {dagbag.py:545} INFO - Filling up the DagBag from /opt/airflow/dags/src/lab.py
[2026-02-12T21:54:27.740+0000] {processor.py:842} WARNING - No viable dags retrieved from /opt/airflow/dags/src/lab.py
[2026-02-12T21:54:27.747+0000] {processor.py:183} INFO - Processing /opt/airflow/dags/src/lab.py took 0.749 seconds
[2026-02-12T21:54:58.049+0000] {processor.py:161} INFO - Started process (PID=188) to work on /opt/airflow/dags/src/lab.py
[2026-02-12T21:54:58.049+0000] {processor.py:830} INFO - Processing file /opt/airflow/dags/src/lab.py for tasks to queue
[2026-02-12T21:54:58.051+0000] {logging_mixin.py:188} INFO - [2026-02-12T21:54:58.051+0000] {dagbag.py:545} INFO - Filling up the DagBag from /opt/airflow/dags/src/lab.py
[2026-02-12T21:54:58.609+0000] {processor.py:842} WARNING - No viable dags retrieved from /opt/airflow/dags/src/lab.py
[2026-02-12T21:54:58.614+0000] {processor.py:183} INFO - Processing /opt/airflow/dags/src/lab.py took 0.571 seconds
[2026-02-12T21:55:28.966+0000] {processor.py:161} INFO - Started process (PID=222) to work on /opt/airflow/dags/src/lab.py
[2026-02-12T21:55:28.967+0000] {processor.py:830} INFO - Processing file /opt/airflow/dags/src/lab.py for tasks to queue
[2026-02-12T21:55:28.970+0000] {logging_mixin.py:188} INFO - [2026-02-12T21:55:28.970+0000] {dagbag.py:545} INFO - Filling up the DagBag from /opt/airflow/dags/src/lab.py
[2026-02-12T21:55:29.620+0000] {processor.py:842} WARNING - No viable dags retrieved from /opt/airflow/dags/src/lab.py
[2026-02-12T21:55:29.630+0000] {processor.py:183} INFO - Processing /opt/airflow/dags/src/lab.py took 0.672 seconds
[2026-02-12T21:55:59.977+0000] {processor.py:161} INFO - Started process (PID=256) to work on /opt/airflow/dags/src/lab.py
[2026-02-12T21:55:59.977+0000] {processor.py:830} INFO - Processing file /opt/airflow/dags/src/lab.py for tasks to queue
[2026-02-12T21:55:59.979+0000] {logging_mixin.py:188} INFO - [2026-02-12T21:55:59.979+0000] {dagbag.py:545} INFO - Filling up the DagBag from /opt/airflow/dags/src/lab.py
[2026-02-12T21:56:00.513+0000] {processor.py:842} WARNING - No viable dags retrieved from /opt/airflow/dags/src/lab.py
[2026-02-12T21:56:00.522+0000] {processor.py:183} INFO - Processing /opt/airflow/dags/src/lab.py took 0.553 seconds
[2026-02-12T21:56:30.836+0000] {processor.py:161} INFO - Started process (PID=290) to work on /opt/airflow/dags/src/lab.py
[2026-02-12T21:56:30.837+0000] {processor.py:830} INFO - Processing file /opt/airflow/dags/src/lab.py for tasks to queue
[2026-02-12T21:56:30.840+0000] {logging_mixin.py:188} INFO - [2026-02-12T21:56:30.840+0000] {dagbag.py:545} INFO - Filling up the DagBag from /opt/airflow/dags/src/lab.py
[2026-02-12T21:56:31.483+0000] {processor.py:842} WARNING - No viable dags retrieved from /opt/airflow/dags/src/lab.py
[2026-02-12T21:56:31.492+0000] {processor.py:183} INFO - Processing /opt/airflow/dags/src/lab.py took 0.665 seconds
[2026-02-12T21:57:01.831+0000] {processor.py:161} INFO - Started process (PID=324) to work on /opt/airflow/dags/src/lab.py
[2026-02-12T21:57:01.833+0000] {processor.py:830} INFO - Processing file /opt/airflow/dags/src/lab.py for tasks to queue
[2026-02-12T21:57:01.835+0000] {logging_mixin.py:188} INFO - [2026-02-12T21:57:01.835+0000] {dagbag.py:545} INFO - Filling up the DagBag from /opt/airflow/dags/src/lab.py
[2026-02-12T21:57:02.468+0000] {processor.py:842} WARNING - No viable dags retrieved from /opt/airflow/dags/src/lab.py
[2026-02-12T21:57:02.476+0000] {processor.py:183} INFO - Processing /opt/airflow/dags/src/lab.py took 0.652 seconds
