[2026-02-12T21:54:13.454+0000] {local_task_job_runner.py:120} INFO - ::group::Pre task execution logs
[2026-02-12T21:54:13.461+0000] {taskinstance.py:2076} INFO - Dependencies all met for dep_context=non-requeueable deps ti=<TaskInstance: Diabetes_Prediction_Pipeline.train_save_model_task manual__2026-02-12T21:54:07.499700+00:00 [queued]>
[2026-02-12T21:54:13.464+0000] {taskinstance.py:2076} INFO - Dependencies all met for dep_context=requeueable deps ti=<TaskInstance: Diabetes_Prediction_Pipeline.train_save_model_task manual__2026-02-12T21:54:07.499700+00:00 [queued]>
[2026-02-12T21:54:13.464+0000] {taskinstance.py:2306} INFO - Starting attempt 1 of 1
[2026-02-12T21:54:13.468+0000] {taskinstance.py:2330} INFO - Executing <Task(PythonOperator): train_save_model_task> on 2026-02-12 21:54:07.499700+00:00
[2026-02-12T21:54:13.471+0000] {warnings.py:112} WARNING - /home/***/.local/lib/python3.12/site-packages/***/task/task_runner/standard_task_runner.py:61: DeprecationWarning: This process (pid=153) is multi-threaded, use of fork() may lead to deadlocks in the child.
  pid = os.fork()

[2026-02-12T21:54:13.472+0000] {standard_task_runner.py:63} INFO - Started process 167 to run task
[2026-02-12T21:54:13.472+0000] {standard_task_runner.py:90} INFO - Running: ['***', 'tasks', 'run', 'Diabetes_Prediction_Pipeline', 'train_save_model_task', 'manual__2026-02-12T21:54:07.499700+00:00', '--job-id', '6', '--raw', '--subdir', 'DAGS_FOLDER/***.py', '--cfg-path', '/tmp/tmpgbgfoyre']
[2026-02-12T21:54:13.473+0000] {standard_task_runner.py:91} INFO - Job 6: Subtask train_save_model_task
[2026-02-12T21:54:13.487+0000] {task_command.py:426} INFO - Running <TaskInstance: Diabetes_Prediction_Pipeline.train_save_model_task manual__2026-02-12T21:54:07.499700+00:00 [running]> on host d7c1b179de33
[2026-02-12T21:54:13.511+0000] {taskinstance.py:2648} INFO - Exporting env vars: AIRFLOW_CTX_DAG_OWNER='***' AIRFLOW_CTX_DAG_ID='Diabetes_Prediction_Pipeline' AIRFLOW_CTX_TASK_ID='train_save_model_task' AIRFLOW_CTX_EXECUTION_DATE='2026-02-12T21:54:07.499700+00:00' AIRFLOW_CTX_TRY_NUMBER='1' AIRFLOW_CTX_DAG_RUN_ID='manual__2026-02-12T21:54:07.499700+00:00'
[2026-02-12T21:54:13.511+0000] {taskinstance.py:430} INFO - ::endgroup::
[2026-02-12T21:54:13.916+0000] {logging_mixin.py:188} INFO - ✅ Model trained. Number of trees: 100
[2026-02-12T21:54:13.921+0000] {logging_mixin.py:188} INFO - ✅ Model saved to /opt/***/dags/model/diabetes_rf_model.sav
[2026-02-12T21:54:13.925+0000] {python.py:237} INFO - Done. Returned value was: None
[2026-02-12T21:54:13.925+0000] {taskinstance.py:441} INFO - ::group::Post task execution logs
[2026-02-12T21:54:13.928+0000] {taskinstance.py:1206} INFO - Marking task as SUCCESS. dag_id=Diabetes_Prediction_Pipeline, task_id=train_save_model_task, run_id=manual__2026-02-12T21:54:07.499700+00:00, execution_date=20260212T215407, start_date=20260212T215413, end_date=20260212T215413
[2026-02-12T21:54:13.941+0000] {local_task_job_runner.py:240} INFO - Task exited with return code 0
[2026-02-12T21:54:13.950+0000] {taskinstance.py:3503} INFO - 1 downstream tasks scheduled from follow-on schedule check
[2026-02-12T21:54:13.951+0000] {local_task_job_runner.py:222} INFO - ::endgroup::
