[2025-10-07T02:32:54.856+0000] {local_task_job_runner.py:120} INFO - ::group::Pre task execution logs
[2025-10-07T02:32:54.865+0000] {taskinstance.py:2076} INFO - Dependencies all met for dep_context=non-requeueable deps ti=<TaskInstance: EPL_Goal_Prediction_Pipeline.evaluate_models_task manual__2025-10-07T02:32:47.721597+00:00 [queued]>
[2025-10-07T02:32:54.869+0000] {taskinstance.py:2076} INFO - Dependencies all met for dep_context=requeueable deps ti=<TaskInstance: EPL_Goal_Prediction_Pipeline.evaluate_models_task manual__2025-10-07T02:32:47.721597+00:00 [queued]>
[2025-10-07T02:32:54.870+0000] {taskinstance.py:2306} INFO - Starting attempt 1 of 1
[2025-10-07T02:32:54.875+0000] {taskinstance.py:2330} INFO - Executing <Task(PythonOperator): evaluate_models_task> on 2025-10-07 02:32:47.721597+00:00
[2025-10-07T02:32:54.881+0000] {warnings.py:112} WARNING - /home/***/.local/lib/python3.12/site-packages/***/task/task_runner/standard_task_runner.py:61: DeprecationWarning: This process (pid=213) is multi-threaded, use of fork() may lead to deadlocks in the child.
  pid = os.fork()

[2025-10-07T02:32:54.883+0000] {standard_task_runner.py:63} INFO - Started process 234 to run task
[2025-10-07T02:32:54.883+0000] {standard_task_runner.py:90} INFO - Running: ['***', 'tasks', 'run', 'EPL_Goal_Prediction_Pipeline', 'evaluate_models_task', 'manual__2025-10-07T02:32:47.721597+00:00', '--job-id', '28', '--raw', '--subdir', 'DAGS_FOLDER/***.py', '--cfg-path', '/tmp/tmp9x9iuky4']
[2025-10-07T02:32:54.884+0000] {standard_task_runner.py:91} INFO - Job 28: Subtask evaluate_models_task
[2025-10-07T02:32:54.905+0000] {task_command.py:426} INFO - Running <TaskInstance: EPL_Goal_Prediction_Pipeline.evaluate_models_task manual__2025-10-07T02:32:47.721597+00:00 [running]> on host ec5214ce7faa
[2025-10-07T02:32:54.937+0000] {taskinstance.py:2648} INFO - Exporting env vars: AIRFLOW_CTX_DAG_OWNER='***' AIRFLOW_CTX_DAG_ID='EPL_Goal_Prediction_Pipeline' AIRFLOW_CTX_TASK_ID='evaluate_models_task' AIRFLOW_CTX_EXECUTION_DATE='2025-10-07T02:32:47.721597+00:00' AIRFLOW_CTX_TRY_NUMBER='1' AIRFLOW_CTX_DAG_RUN_ID='manual__2025-10-07T02:32:47.721597+00:00'
[2025-10-07T02:32:54.938+0000] {taskinstance.py:430} INFO - ::endgroup::
[2025-10-07T02:32:54.956+0000] {logging_mixin.py:188} INFO - Home Goal Prediction RMSE: 1.041
[2025-10-07T02:32:54.956+0000] {logging_mixin.py:188} INFO - Away Goal Prediction RMSE: 1.323
[2025-10-07T02:32:54.959+0000] {logging_mixin.py:188} INFO - 
--- Final Match Outcome Prediction ---
[2025-10-07T02:32:54.959+0000] {logging_mixin.py:188} INFO - ✅ Accuracy: 41.67%
[2025-10-07T02:32:54.959+0000] {logging_mixin.py:188} INFO - Confusion Matrix (Rows=Actual, Cols=Predicted: H, D, A):
[2025-10-07T02:32:54.959+0000] {logging_mixin.py:188} INFO - [[3 4 0]
 [0 2 0]
 [1 2 0]]
[2025-10-07T02:32:54.959+0000] {python.py:237} INFO - Done. Returned value was: None
[2025-10-07T02:32:54.959+0000] {taskinstance.py:441} INFO - ::group::Post task execution logs
[2025-10-07T02:32:54.963+0000] {taskinstance.py:1206} INFO - Marking task as SUCCESS. dag_id=EPL_Goal_Prediction_Pipeline, task_id=evaluate_models_task, run_id=manual__2025-10-07T02:32:47.721597+00:00, execution_date=20251007T023247, start_date=20251007T023254, end_date=20251007T023254
[2025-10-07T02:32:54.981+0000] {local_task_job_runner.py:240} INFO - Task exited with return code 0
[2025-10-07T02:32:54.989+0000] {taskinstance.py:3503} INFO - 1 downstream tasks scheduled from follow-on schedule check
[2025-10-07T02:32:54.990+0000] {local_task_job_runner.py:222} INFO - ::endgroup::
