[2025-10-07T02:32:49.877+0000] {local_task_job_runner.py:120} INFO - ::group::Pre task execution logs
[2025-10-07T02:32:49.886+0000] {taskinstance.py:2076} INFO - Dependencies all met for dep_context=non-requeueable deps ti=<TaskInstance: EPL_Goal_Prediction_Pipeline.setup_directories manual__2025-10-07T02:32:47.721597+00:00 [queued]>
[2025-10-07T02:32:49.892+0000] {taskinstance.py:2076} INFO - Dependencies all met for dep_context=requeueable deps ti=<TaskInstance: EPL_Goal_Prediction_Pipeline.setup_directories manual__2025-10-07T02:32:47.721597+00:00 [queued]>
[2025-10-07T02:32:49.892+0000] {taskinstance.py:2306} INFO - Starting attempt 1 of 1
[2025-10-07T02:32:49.896+0000] {taskinstance.py:2330} INFO - Executing <Task(BashOperator): setup_directories> on 2025-10-07 02:32:47.721597+00:00
[2025-10-07T02:32:49.900+0000] {warnings.py:112} WARNING - /home/***/.local/lib/python3.12/site-packages/***/task/task_runner/standard_task_runner.py:61: DeprecationWarning: This process (pid=150) is multi-threaded, use of fork() may lead to deadlocks in the child.
  pid = os.fork()

[2025-10-07T02:32:49.901+0000] {standard_task_runner.py:63} INFO - Started process 161 to run task
[2025-10-07T02:32:49.902+0000] {standard_task_runner.py:90} INFO - Running: ['***', 'tasks', 'run', 'EPL_Goal_Prediction_Pipeline', 'setup_directories', 'manual__2025-10-07T02:32:47.721597+00:00', '--job-id', '23', '--raw', '--subdir', 'DAGS_FOLDER/***.py', '--cfg-path', '/tmp/tmpcqi1ie02']
[2025-10-07T02:32:49.904+0000] {standard_task_runner.py:91} INFO - Job 23: Subtask setup_directories
[2025-10-07T02:32:49.924+0000] {task_command.py:426} INFO - Running <TaskInstance: EPL_Goal_Prediction_Pipeline.setup_directories manual__2025-10-07T02:32:47.721597+00:00 [running]> on host ec5214ce7faa
[2025-10-07T02:32:49.960+0000] {taskinstance.py:2648} INFO - Exporting env vars: AIRFLOW_CTX_DAG_OWNER='***' AIRFLOW_CTX_DAG_ID='EPL_Goal_Prediction_Pipeline' AIRFLOW_CTX_TASK_ID='setup_directories' AIRFLOW_CTX_EXECUTION_DATE='2025-10-07T02:32:47.721597+00:00' AIRFLOW_CTX_TRY_NUMBER='1' AIRFLOW_CTX_DAG_RUN_ID='manual__2025-10-07T02:32:47.721597+00:00'
[2025-10-07T02:32:49.961+0000] {taskinstance.py:430} INFO - ::endgroup::
[2025-10-07T02:32:49.985+0000] {subprocess.py:63} INFO - Tmp dir root location: /tmp
[2025-10-07T02:32:49.986+0000] {subprocess.py:75} INFO - Running command: ['/usr/bin/bash', '-c', 'mkdir -p /opt/***/dags/model']
[2025-10-07T02:32:49.992+0000] {subprocess.py:86} INFO - Output:
[2025-10-07T02:32:49.996+0000] {subprocess.py:97} INFO - Command exited with return code 0
[2025-10-07T02:32:49.996+0000] {taskinstance.py:441} INFO - ::group::Post task execution logs
[2025-10-07T02:32:50.016+0000] {taskinstance.py:1206} INFO - Marking task as SUCCESS. dag_id=EPL_Goal_Prediction_Pipeline, task_id=setup_directories, run_id=manual__2025-10-07T02:32:47.721597+00:00, execution_date=20251007T023247, start_date=20251007T023249, end_date=20251007T023250
[2025-10-07T02:32:50.041+0000] {local_task_job_runner.py:240} INFO - Task exited with return code 0
[2025-10-07T02:32:50.050+0000] {taskinstance.py:3503} INFO - 1 downstream tasks scheduled from follow-on schedule check
[2025-10-07T02:32:50.050+0000] {local_task_job_runner.py:222} INFO - ::endgroup::
