[2026-02-12T21:54:10.006+0000] {local_task_job_runner.py:120} INFO - ::group::Pre task execution logs
[2026-02-12T21:54:10.014+0000] {taskinstance.py:2076} INFO - Dependencies all met for dep_context=non-requeueable deps ti=<TaskInstance: Diabetes_Prediction_Pipeline.load_data_task manual__2026-02-12T21:54:07.499700+00:00 [queued]>
[2026-02-12T21:54:10.016+0000] {taskinstance.py:2076} INFO - Dependencies all met for dep_context=requeueable deps ti=<TaskInstance: Diabetes_Prediction_Pipeline.load_data_task manual__2026-02-12T21:54:07.499700+00:00 [queued]>
[2026-02-12T21:54:10.016+0000] {taskinstance.py:2306} INFO - Starting attempt 1 of 1
[2026-02-12T21:54:10.020+0000] {taskinstance.py:2330} INFO - Executing <Task(PythonOperator): load_data_task> on 2026-02-12 21:54:07.499700+00:00
[2026-02-12T21:54:10.024+0000] {warnings.py:112} WARNING - /home/***/.local/lib/python3.12/site-packages/***/task/task_runner/standard_task_runner.py:61: DeprecationWarning: This process (pid=123) is multi-threaded, use of fork() may lead to deadlocks in the child.
  pid = os.fork()

[2026-02-12T21:54:10.025+0000] {standard_task_runner.py:63} INFO - Started process 137 to run task
[2026-02-12T21:54:10.025+0000] {standard_task_runner.py:90} INFO - Running: ['***', 'tasks', 'run', 'Diabetes_Prediction_Pipeline', 'load_data_task', 'manual__2026-02-12T21:54:07.499700+00:00', '--job-id', '4', '--raw', '--subdir', 'DAGS_FOLDER/***.py', '--cfg-path', '/tmp/tmpiedjj186']
[2026-02-12T21:54:10.026+0000] {standard_task_runner.py:91} INFO - Job 4: Subtask load_data_task
[2026-02-12T21:54:10.040+0000] {task_command.py:426} INFO - Running <TaskInstance: Diabetes_Prediction_Pipeline.load_data_task manual__2026-02-12T21:54:07.499700+00:00 [running]> on host d7c1b179de33
[2026-02-12T21:54:10.065+0000] {taskinstance.py:2648} INFO - Exporting env vars: AIRFLOW_CTX_DAG_OWNER='***' AIRFLOW_CTX_DAG_ID='Diabetes_Prediction_Pipeline' AIRFLOW_CTX_TASK_ID='load_data_task' AIRFLOW_CTX_EXECUTION_DATE='2026-02-12T21:54:07.499700+00:00' AIRFLOW_CTX_TRY_NUMBER='1' AIRFLOW_CTX_DAG_RUN_ID='manual__2026-02-12T21:54:07.499700+00:00'
[2026-02-12T21:54:10.065+0000] {taskinstance.py:430} INFO - ::endgroup::
[2026-02-12T21:54:10.103+0000] {logging_mixin.py:188} INFO - ✅ Data loaded successfully. Shape: (100000, 9)
[2026-02-12T21:54:10.104+0000] {logging_mixin.py:188} INFO - Columns: ['gender', 'age', 'hypertension', 'heart_disease', 'smoking_history', 'bmi', 'HbA1c_level', 'blood_glucose_level', 'diabetes']
[2026-02-12T21:54:10.106+0000] {logging_mixin.py:188} INFO - 
Class distribution:
diabetes
0    91500
1     8500
Name: count, dtype: int64
[2026-02-12T21:54:10.309+0000] {python.py:237} INFO - Done. Returned value was: None
[2026-02-12T21:54:10.310+0000] {taskinstance.py:441} INFO - ::group::Post task execution logs
[2026-02-12T21:54:10.313+0000] {taskinstance.py:1206} INFO - Marking task as SUCCESS. dag_id=Diabetes_Prediction_Pipeline, task_id=load_data_task, run_id=manual__2026-02-12T21:54:07.499700+00:00, execution_date=20260212T215407, start_date=20260212T215410, end_date=20260212T215410
[2026-02-12T21:54:10.336+0000] {local_task_job_runner.py:240} INFO - Task exited with return code 0
[2026-02-12T21:54:10.345+0000] {taskinstance.py:3503} INFO - 1 downstream tasks scheduled from follow-on schedule check
[2026-02-12T21:54:10.346+0000] {local_task_job_runner.py:222} INFO - ::endgroup::
