[2025-10-07T02:28:09.131+0000] {manager.py:470} INFO - Processing files using up to 2 processes at a time 
[2025-10-07T02:28:09.132+0000] {manager.py:471} INFO - Process each file at most once every 30 seconds
[2025-10-07T02:28:09.132+0000] {manager.py:472} INFO - Checking for new files in /opt/airflow/dags every 300 seconds
[2025-10-07T02:28:09.132+0000] {manager.py:737} INFO - Searching for files in /opt/airflow/dags
[2025-10-07T02:28:09.144+0000] {manager.py:740} INFO - There are 2 files in /opt/airflow/dags
[2025-10-07T02:28:09.208+0000] {manager.py:878} INFO - 
================================================================================
DAG File Processing Stats

File Path                       PID  Runtime      # DAGs    # Errors  Last Runtime    Last Run
----------------------------  -----  ---------  --------  ----------  --------------  ----------
/opt/airflow/dags/airflow.py     73  0.03s             0           0
/opt/airflow/dags/src/lab.py     72  0.04s             0           0
================================================================================
[2025-10-07T02:28:39.741+0000] {manager.py:878} INFO - 
================================================================================
DAG File Processing Stats

File Path                     PID    Runtime      # DAGs    # Errors  Last Runtime    Last Run
----------------------------  -----  ---------  --------  ----------  --------------  -------------------
/opt/airflow/dags/airflow.py                           1           0  2.48s           2025-10-07T02:28:11
/opt/airflow/dags/src/lab.py                           0           0  2.33s           2025-10-07T02:28:11
================================================================================
[2025-10-07T02:29:09.805+0000] {manager.py:878} INFO - 
================================================================================
DAG File Processing Stats

File Path                     PID    Runtime      # DAGs    # Errors  Last Runtime    Last Run
----------------------------  -----  ---------  --------  ----------  --------------  -------------------
/opt/airflow/dags/airflow.py                           1           0  0.71s           2025-10-07T02:28:42
/opt/airflow/dags/src/lab.py                           0           0  0.70s           2025-10-07T02:28:42
================================================================================
[2025-10-07T02:29:40.782+0000] {manager.py:878} INFO - 
================================================================================
DAG File Processing Stats

File Path                     PID    Runtime      # DAGs    # Errors  Last Runtime    Last Run
----------------------------  -----  ---------  --------  ----------  --------------  -------------------
/opt/airflow/dags/src/lab.py                           0           0  0.73s           2025-10-07T02:29:13
/opt/airflow/dags/airflow.py                           1           0  0.71s           2025-10-07T02:29:13
================================================================================
[2025-10-07T02:30:11.716+0000] {manager.py:878} INFO - 
================================================================================
DAG File Processing Stats

File Path                     PID    Runtime      # DAGs    # Errors  Last Runtime    Last Run
----------------------------  -----  ---------  --------  ----------  --------------  -------------------
/opt/airflow/dags/airflow.py                           1           0  0.69s           2025-10-07T02:29:44
/opt/airflow/dags/src/lab.py                           0           0  0.67s           2025-10-07T02:29:44
================================================================================
[2025-10-07T02:30:42.646+0000] {manager.py:878} INFO - 
================================================================================
DAG File Processing Stats

File Path                     PID    Runtime      # DAGs    # Errors  Last Runtime    Last Run
----------------------------  -----  ---------  --------  ----------  --------------  -------------------
/opt/airflow/dags/src/lab.py                           0           0  0.64s           2025-10-07T02:30:15
/opt/airflow/dags/airflow.py                           1           0  0.63s           2025-10-07T02:30:15
================================================================================
[2025-10-07T02:31:13.629+0000] {manager.py:878} INFO - 
================================================================================
DAG File Processing Stats

File Path                     PID    Runtime      # DAGs    # Errors  Last Runtime    Last Run
----------------------------  -----  ---------  --------  ----------  --------------  -------------------
/opt/airflow/dags/src/lab.py                           0           0  0.71s           2025-10-07T02:30:46
/opt/airflow/dags/airflow.py                           1           0  0.70s           2025-10-07T02:30:46
================================================================================
[2025-10-07T02:31:44.543+0000] {manager.py:878} INFO - 
================================================================================
DAG File Processing Stats

File Path                     PID    Runtime      # DAGs    # Errors  Last Runtime    Last Run
----------------------------  -----  ---------  --------  ----------  --------------  -------------------
/opt/airflow/dags/airflow.py                           1           0  0.66s           2025-10-07T02:31:17
/opt/airflow/dags/src/lab.py                           0           0  0.63s           2025-10-07T02:31:17
================================================================================
[2025-10-07T02:32:15.452+0000] {manager.py:878} INFO - 
================================================================================
DAG File Processing Stats

File Path                     PID    Runtime      # DAGs    # Errors  Last Runtime    Last Run
----------------------------  -----  ---------  --------  ----------  --------------  -------------------
/opt/airflow/dags/src/lab.py                           0           0  0.62s           2025-10-07T02:31:48
/opt/airflow/dags/airflow.py                           1           0  0.62s           2025-10-07T02:31:48
================================================================================
[2025-10-07T02:32:46.354+0000] {manager.py:878} INFO - 
================================================================================
DAG File Processing Stats

File Path                     PID    Runtime      # DAGs    # Errors  Last Runtime    Last Run
----------------------------  -----  ---------  --------  ----------  --------------  -------------------
/opt/airflow/dags/airflow.py                           1           0  0.62s           2025-10-07T02:32:19
/opt/airflow/dags/src/lab.py                           0           0  0.62s           2025-10-07T02:32:19
================================================================================
[2025-10-07T02:33:09.177+0000] {manager.py:737} INFO - Searching for files in /opt/airflow/dags
[2025-10-07T02:33:09.187+0000] {manager.py:740} INFO - There are 2 files in /opt/airflow/dags
[2025-10-07T02:33:17.260+0000] {manager.py:878} INFO - 
================================================================================
DAG File Processing Stats

File Path                     PID    Runtime      # DAGs    # Errors  Last Runtime    Last Run
----------------------------  -----  ---------  --------  ----------  --------------  -------------------
/opt/airflow/dags/airflow.py                           1           0  0.64s           2025-10-07T02:32:50
/opt/airflow/dags/src/lab.py                           0           0  0.63s           2025-10-07T02:32:50
================================================================================
[2025-10-07T02:33:48.159+0000] {manager.py:878} INFO - 
================================================================================
DAG File Processing Stats

File Path                     PID    Runtime      # DAGs    # Errors  Last Runtime    Last Run
----------------------------  -----  ---------  --------  ----------  --------------  -------------------
/opt/airflow/dags/src/lab.py                           0           0  0.64s           2025-10-07T02:33:20
/opt/airflow/dags/airflow.py                           1           0  0.63s           2025-10-07T02:33:20
================================================================================
[2025-10-07T02:34:19.060+0000] {manager.py:878} INFO - 
================================================================================
DAG File Processing Stats

File Path                     PID    Runtime      # DAGs    # Errors  Last Runtime    Last Run
----------------------------  -----  ---------  --------  ----------  --------------  -------------------
/opt/airflow/dags/src/lab.py                           0           0  0.65s           2025-10-07T02:33:51
/opt/airflow/dags/airflow.py                           1           0  0.65s           2025-10-07T02:33:51
================================================================================
[2025-10-07T02:34:49.977+0000] {manager.py:878} INFO - 
================================================================================
DAG File Processing Stats

File Path                     PID    Runtime      # DAGs    # Errors  Last Runtime    Last Run
----------------------------  -----  ---------  --------  ----------  --------------  -------------------
/opt/airflow/dags/airflow.py                           1           0  0.64s           2025-10-07T02:34:22
/opt/airflow/dags/src/lab.py                           0           0  0.64s           2025-10-07T02:34:22
================================================================================
[2025-10-07T02:35:20.765+0000] {manager.py:878} INFO - 
================================================================================
DAG File Processing Stats

File Path                     PID    Runtime      # DAGs    # Errors  Last Runtime    Last Run
----------------------------  -----  ---------  --------  ----------  --------------  -------------------
/opt/airflow/dags/src/lab.py                           0           0  0.56s           2025-10-07T02:34:53
/opt/airflow/dags/airflow.py                           1           0  0.55s           2025-10-07T02:34:53
================================================================================
[2025-10-07T02:35:51.635+0000] {manager.py:878} INFO - 
================================================================================
DAG File Processing Stats

File Path                     PID    Runtime      # DAGs    # Errors  Last Runtime    Last Run
----------------------------  -----  ---------  --------  ----------  --------------  -------------------
/opt/airflow/dags/src/lab.py                           0           0  0.62s           2025-10-07T02:35:24
/opt/airflow/dags/airflow.py                           1           0  0.61s           2025-10-07T02:35:24
================================================================================
[2025-10-07T02:36:21.654+0000] {manager.py:878} INFO - 
================================================================================
DAG File Processing Stats

File Path                     PID    Runtime      # DAGs    # Errors  Last Runtime    Last Run
----------------------------  -----  ---------  --------  ----------  --------------  -------------------
/opt/airflow/dags/airflow.py                           1           0  0.76s           2025-10-07T02:35:55
/opt/airflow/dags/src/lab.py                           0           0  0.76s           2025-10-07T02:35:55
================================================================================
[2025-10-07T02:36:51.692+0000] {manager.py:878} INFO - 
================================================================================
DAG File Processing Stats

File Path                     PID    Runtime      # DAGs    # Errors  Last Runtime    Last Run
----------------------------  -----  ---------  --------  ----------  --------------  -------------------
/opt/airflow/dags/airflow.py                           1           0  0.78s           2025-10-07T02:36:26
/opt/airflow/dags/src/lab.py                           0           0  0.78s           2025-10-07T02:36:26
================================================================================
[2025-10-07T02:37:21.761+0000] {manager.py:878} INFO - 
================================================================================
DAG File Processing Stats

File Path                     PID    Runtime      # DAGs    # Errors  Last Runtime    Last Run
----------------------------  -----  ---------  --------  ----------  --------------  -------------------
/opt/airflow/dags/src/lab.py                           0           0  0.83s           2025-10-07T02:36:57
/opt/airflow/dags/airflow.py                           1           0  0.75s           2025-10-07T02:36:57
================================================================================
[2025-10-07T02:37:52.708+0000] {manager.py:878} INFO - 
================================================================================
DAG File Processing Stats

File Path                     PID    Runtime      # DAGs    # Errors  Last Runtime    Last Run
----------------------------  -----  ---------  --------  ----------  --------------  -------------------
/opt/airflow/dags/src/lab.py                           0           0  0.71s           2025-10-07T02:37:28
/opt/airflow/dags/airflow.py                           1           0  0.70s           2025-10-07T02:37:28
================================================================================
[2025-10-07T02:38:09.474+0000] {manager.py:737} INFO - Searching for files in /opt/airflow/dags
[2025-10-07T02:38:09.495+0000] {manager.py:740} INFO - There are 2 files in /opt/airflow/dags
[2025-10-07T02:38:23.602+0000] {manager.py:878} INFO - 
================================================================================
DAG File Processing Stats

File Path                     PID    Runtime      # DAGs    # Errors  Last Runtime    Last Run
----------------------------  -----  ---------  --------  ----------  --------------  -------------------
/opt/airflow/dags/src/lab.py                           0           0  0.63s           2025-10-07T02:37:59
/opt/airflow/dags/airflow.py                           1           0  0.63s           2025-10-07T02:37:59
================================================================================
[2025-10-07T02:38:54.485+0000] {manager.py:878} INFO - 
================================================================================
DAG File Processing Stats

File Path                     PID    Runtime      # DAGs    # Errors  Last Runtime    Last Run
----------------------------  -----  ---------  --------  ----------  --------------  -------------------
/opt/airflow/dags/src/lab.py                           0           0  0.62s           2025-10-07T02:38:30
/opt/airflow/dags/airflow.py                           1           0  0.61s           2025-10-07T02:38:30
================================================================================
[2025-10-07T02:39:25.387+0000] {manager.py:878} INFO - 
================================================================================
DAG File Processing Stats

File Path                     PID    Runtime      # DAGs    # Errors  Last Runtime    Last Run
----------------------------  -----  ---------  --------  ----------  --------------  -------------------
/opt/airflow/dags/src/lab.py                           0           0  0.63s           2025-10-07T02:39:01
/opt/airflow/dags/airflow.py                           1           0  0.63s           2025-10-07T02:39:01
================================================================================
[2025-10-07T02:39:56.229+0000] {manager.py:878} INFO - 
================================================================================
DAG File Processing Stats

File Path                     PID    Runtime      # DAGs    # Errors  Last Runtime    Last Run
----------------------------  -----  ---------  --------  ----------  --------------  -------------------
/opt/airflow/dags/airflow.py                           1           0  0.61s           2025-10-07T02:39:32
/opt/airflow/dags/src/lab.py                           0           0  0.59s           2025-10-07T02:39:32
================================================================================
[2025-10-07T02:40:27.113+0000] {manager.py:878} INFO - 
================================================================================
DAG File Processing Stats

File Path                     PID    Runtime      # DAGs    # Errors  Last Runtime    Last Run
----------------------------  -----  ---------  --------  ----------  --------------  -------------------
/opt/airflow/dags/airflow.py                           1           0  0.65s           2025-10-07T02:40:02
/opt/airflow/dags/src/lab.py                           0           0  0.64s           2025-10-07T02:40:02
================================================================================
[2025-10-07T02:40:58.000+0000] {manager.py:878} INFO - 
================================================================================
DAG File Processing Stats

File Path                     PID    Runtime      # DAGs    # Errors  Last Runtime    Last Run
----------------------------  -----  ---------  --------  ----------  --------------  -------------------
/opt/airflow/dags/src/lab.py                           0           0  0.62s           2025-10-07T02:40:33
/opt/airflow/dags/airflow.py                           1           0  0.61s           2025-10-07T02:40:33
================================================================================
[2025-10-07T02:41:28.244+0000] {manager.py:878} INFO - 
================================================================================
DAG File Processing Stats

File Path                     PID    Runtime      # DAGs    # Errors  Last Runtime    Last Run
----------------------------  -----  ---------  --------  ----------  --------------  -------------------
/opt/airflow/dags/src/lab.py                           0           0  0.63s           2025-10-07T02:41:04
/opt/airflow/dags/airflow.py                           1           0  0.62s           2025-10-07T02:41:04
================================================================================
[2025-10-07T02:41:58.636+0000] {manager.py:878} INFO - 
================================================================================
DAG File Processing Stats

File Path                     PID    Runtime      # DAGs    # Errors  Last Runtime    Last Run
----------------------------  -----  ---------  --------  ----------  --------------  -------------------
/opt/airflow/dags/airflow.py                           1           0  0.52s           2025-10-07T02:41:35
/opt/airflow/dags/src/lab.py                           0           0  0.51s           2025-10-07T02:41:35
================================================================================
[2025-10-07T02:42:29.597+0000] {manager.py:878} INFO - 
================================================================================
DAG File Processing Stats

File Path                     PID    Runtime      # DAGs    # Errors  Last Runtime    Last Run
----------------------------  -----  ---------  --------  ----------  --------------  -------------------
/opt/airflow/dags/src/lab.py                           0           0  0.68s           2025-10-07T02:42:06
/opt/airflow/dags/airflow.py                           1           0  0.68s           2025-10-07T02:42:06
================================================================================
[2025-10-07T02:42:59.990+0000] {manager.py:878} INFO - 
================================================================================
DAG File Processing Stats

File Path                     PID    Runtime      # DAGs    # Errors  Last Runtime    Last Run
----------------------------  -----  ---------  --------  ----------  --------------  -------------------
/opt/airflow/dags/airflow.py                           1           0  0.70s           2025-10-07T02:42:37
/opt/airflow/dags/src/lab.py                           0           0  0.43s           2025-10-07T02:42:38
================================================================================
[2025-10-07T02:43:10.203+0000] {manager.py:737} INFO - Searching for files in /opt/airflow/dags
[2025-10-07T02:43:10.209+0000] {manager.py:740} INFO - There are 2 files in /opt/airflow/dags
[2025-10-07T02:43:30.374+0000] {manager.py:878} INFO - 
================================================================================
DAG File Processing Stats

File Path                     PID    Runtime      # DAGs    # Errors  Last Runtime    Last Run
----------------------------  -----  ---------  --------  ----------  --------------  -------------------
/opt/airflow/dags/airflow.py                           1           0  0.54s           2025-10-07T02:43:08
/opt/airflow/dags/src/lab.py                           0           0  0.41s           2025-10-07T02:43:09
================================================================================
[2025-10-07T02:44:01.050+0000] {manager.py:878} INFO - 
================================================================================
DAG File Processing Stats

File Path                     PID    Runtime      # DAGs    # Errors  Last Runtime    Last Run
----------------------------  -----  ---------  --------  ----------  --------------  -------------------
/opt/airflow/dags/airflow.py                           1           0  0.45s           2025-10-07T02:43:38
/opt/airflow/dags/src/lab.py                           0           0  0.41s           2025-10-07T02:43:40
================================================================================
[2025-10-07T02:44:31.934+0000] {manager.py:878} INFO - 
================================================================================
DAG File Processing Stats

File Path                     PID    Runtime      # DAGs    # Errors  Last Runtime    Last Run
----------------------------  -----  ---------  --------  ----------  --------------  -------------------
/opt/airflow/dags/airflow.py                           1           0  0.64s           2025-10-07T02:44:09
/opt/airflow/dags/src/lab.py                           0           0  0.46s           2025-10-07T02:44:10
================================================================================
[2025-10-07T02:45:02.155+0000] {manager.py:878} INFO - 
================================================================================
DAG File Processing Stats

File Path                     PID    Runtime      # DAGs    # Errors  Last Runtime    Last Run
----------------------------  -----  ---------  --------  ----------  --------------  -------------------
/opt/airflow/dags/airflow.py                           1           0  0.54s           2025-10-07T02:44:40
/opt/airflow/dags/src/lab.py                           0           0  0.46s           2025-10-07T02:44:41
================================================================================
[2025-10-07T02:45:32.486+0000] {manager.py:878} INFO - 
================================================================================
DAG File Processing Stats

File Path                     PID    Runtime      # DAGs    # Errors  Last Runtime    Last Run
----------------------------  -----  ---------  --------  ----------  --------------  -------------------
/opt/airflow/dags/airflow.py                           1           0  0.67s           2025-10-07T02:45:11
/opt/airflow/dags/src/lab.py                           0           0  0.41s           2025-10-07T02:45:12
================================================================================
[2025-10-07T02:46:03.402+0000] {manager.py:878} INFO - 
================================================================================
DAG File Processing Stats

File Path                     PID    Runtime      # DAGs    # Errors  Last Runtime    Last Run
----------------------------  -----  ---------  --------  ----------  --------------  -------------------
/opt/airflow/dags/airflow.py                           1           0  0.69s           2025-10-07T02:45:42
/opt/airflow/dags/src/lab.py                           0           0  0.52s           2025-10-07T02:45:43
================================================================================
[2025-10-07T02:46:33.676+0000] {manager.py:878} INFO - 
================================================================================
DAG File Processing Stats

File Path                     PID    Runtime      # DAGs    # Errors  Last Runtime    Last Run
----------------------------  -----  ---------  --------  ----------  --------------  -------------------
/opt/airflow/dags/airflow.py                           1           0  0.97s           2025-10-07T02:46:13
/opt/airflow/dags/src/lab.py                           0           0  0.54s           2025-10-07T02:46:14
================================================================================
[2025-10-07T02:47:03.861+0000] {manager.py:878} INFO - 
================================================================================
DAG File Processing Stats

File Path                     PID    Runtime      # DAGs    # Errors  Last Runtime    Last Run
----------------------------  -----  ---------  --------  ----------  --------------  -------------------
/opt/airflow/dags/airflow.py                           1           0  0.69s           2025-10-07T02:46:44
/opt/airflow/dags/src/lab.py                           0           0  0.48s           2025-10-07T02:46:44
================================================================================
[2025-10-07T02:47:34.573+0000] {manager.py:878} INFO - 
================================================================================
DAG File Processing Stats

File Path                     PID    Runtime      # DAGs    # Errors  Last Runtime    Last Run
----------------------------  -----  ---------  --------  ----------  --------------  -------------------
/opt/airflow/dags/airflow.py                           1           0  0.70s           2025-10-07T02:47:15
/opt/airflow/dags/src/lab.py                           0           0  0.50s           2025-10-07T02:47:15
================================================================================
[2025-10-07T02:48:05.485+0000] {manager.py:878} INFO - 
================================================================================
DAG File Processing Stats

File Path                     PID    Runtime      # DAGs    # Errors  Last Runtime    Last Run
----------------------------  -----  ---------  --------  ----------  --------------  -------------------
/opt/airflow/dags/src/lab.py                           0           0  0.64s           2025-10-07T02:47:46
/opt/airflow/dags/airflow.py                           1           0  0.64s           2025-10-07T02:47:46
================================================================================
[2025-10-07T02:48:10.530+0000] {manager.py:737} INFO - Searching for files in /opt/airflow/dags
[2025-10-07T02:48:10.548+0000] {manager.py:740} INFO - There are 2 files in /opt/airflow/dags
[2025-10-07T02:48:36.495+0000] {manager.py:878} INFO - 
================================================================================
DAG File Processing Stats

File Path                     PID    Runtime      # DAGs    # Errors  Last Runtime    Last Run
----------------------------  -----  ---------  --------  ----------  --------------  -------------------
/opt/airflow/dags/src/lab.py                           0           0  0.67s           2025-10-07T02:48:17
/opt/airflow/dags/airflow.py                           1           0  0.67s           2025-10-07T02:48:17
================================================================================
[2025-10-07T02:49:07.380+0000] {manager.py:878} INFO - 
================================================================================
DAG File Processing Stats

File Path                     PID    Runtime      # DAGs    # Errors  Last Runtime    Last Run
----------------------------  -----  ---------  --------  ----------  --------------  -------------------
/opt/airflow/dags/airflow.py                           1           0  0.61s           2025-10-07T02:48:48
/opt/airflow/dags/src/lab.py                           0           0  0.61s           2025-10-07T02:48:48
================================================================================
[2025-10-07T02:49:38.297+0000] {manager.py:878} INFO - 
================================================================================
DAG File Processing Stats

File Path                     PID    Runtime      # DAGs    # Errors  Last Runtime    Last Run
----------------------------  -----  ---------  --------  ----------  --------------  -------------------
/opt/airflow/dags/src/lab.py                           0           0  0.61s           2025-10-07T02:49:19
/opt/airflow/dags/airflow.py                           1           0  0.61s           2025-10-07T02:49:19
================================================================================
[2025-10-07T02:50:09.240+0000] {manager.py:878} INFO - 
================================================================================
DAG File Processing Stats

File Path                     PID    Runtime      # DAGs    # Errors  Last Runtime    Last Run
----------------------------  -----  ---------  --------  ----------  --------------  -------------------
/opt/airflow/dags/airflow.py                           1           0  0.70s           2025-10-07T02:49:50
/opt/airflow/dags/src/lab.py                           0           0  0.67s           2025-10-07T02:49:50
================================================================================
[2025-10-07T02:50:40.038+0000] {manager.py:878} INFO - 
================================================================================
DAG File Processing Stats

File Path                     PID    Runtime      # DAGs    # Errors  Last Runtime    Last Run
----------------------------  -----  ---------  --------  ----------  --------------  -------------------
/opt/airflow/dags/src/lab.py                           0           0  0.55s           2025-10-07T02:50:20
/opt/airflow/dags/airflow.py                           1           0  0.54s           2025-10-07T02:50:20
================================================================================
[2025-10-07T02:51:10.761+0000] {manager.py:878} INFO - 
================================================================================
DAG File Processing Stats

File Path                     PID    Runtime      # DAGs    # Errors  Last Runtime    Last Run
----------------------------  -----  ---------  --------  ----------  --------------  -------------------
/opt/airflow/dags/airflow.py                           1           0  0.46s           2025-10-07T02:50:51
/opt/airflow/dags/src/lab.py                           0           0  0.46s           2025-10-07T02:50:51
================================================================================
[2025-10-07T02:51:41.716+0000] {manager.py:878} INFO - 
================================================================================
DAG File Processing Stats

File Path                     PID    Runtime      # DAGs    # Errors  Last Runtime    Last Run
----------------------------  -----  ---------  --------  ----------  --------------  -------------------
/opt/airflow/dags/src/lab.py                           0           0  0.68s           2025-10-07T02:51:22
/opt/airflow/dags/airflow.py                           1           0  0.68s           2025-10-07T02:51:22
================================================================================
[2025-10-07T02:52:12.636+0000] {manager.py:878} INFO - 
================================================================================
DAG File Processing Stats

File Path                     PID    Runtime      # DAGs    # Errors  Last Runtime    Last Run
----------------------------  -----  ---------  --------  ----------  --------------  -------------------
/opt/airflow/dags/src/lab.py                           0           0  0.64s           2025-10-07T02:51:53
/opt/airflow/dags/airflow.py                           1           0  0.64s           2025-10-07T02:51:53
================================================================================
[2025-10-07T02:52:43.561+0000] {manager.py:878} INFO - 
================================================================================
DAG File Processing Stats

File Path                     PID    Runtime      # DAGs    # Errors  Last Runtime    Last Run
----------------------------  -----  ---------  --------  ----------  --------------  -------------------
/opt/airflow/dags/src/lab.py                           0           0  0.68s           2025-10-07T02:52:24
/opt/airflow/dags/airflow.py                           1           0  0.65s           2025-10-07T02:52:24
================================================================================
[2025-10-07T02:53:11.520+0000] {manager.py:737} INFO - Searching for files in /opt/airflow/dags
[2025-10-07T02:53:11.534+0000] {manager.py:740} INFO - There are 2 files in /opt/airflow/dags
[2025-10-07T02:53:14.566+0000] {manager.py:878} INFO - 
================================================================================
DAG File Processing Stats

File Path                     PID    Runtime      # DAGs    # Errors  Last Runtime    Last Run
----------------------------  -----  ---------  --------  ----------  --------------  -------------------
/opt/airflow/dags/airflow.py                           1           0  0.73s           2025-10-07T02:52:55
/opt/airflow/dags/src/lab.py                           0           0  0.72s           2025-10-07T02:52:55
================================================================================
[2025-10-07T02:53:45.445+0000] {manager.py:878} INFO - 
================================================================================
DAG File Processing Stats

File Path                     PID    Runtime      # DAGs    # Errors  Last Runtime    Last Run
----------------------------  -----  ---------  --------  ----------  --------------  -------------------
/opt/airflow/dags/airflow.py                           1           0  0.63s           2025-10-07T02:53:26
/opt/airflow/dags/src/lab.py                           0           0  0.62s           2025-10-07T02:53:26
================================================================================
[2025-10-07T02:54:16.385+0000] {manager.py:878} INFO - 
================================================================================
DAG File Processing Stats

File Path                     PID    Runtime      # DAGs    # Errors  Last Runtime    Last Run
----------------------------  -----  ---------  --------  ----------  --------------  -------------------
/opt/airflow/dags/src/lab.py                           0           0  0.67s           2025-10-07T02:53:57
/opt/airflow/dags/airflow.py                           1           0  0.67s           2025-10-07T02:53:57
================================================================================
[2025-10-07T02:54:47.147+0000] {manager.py:878} INFO - 
================================================================================
DAG File Processing Stats

File Path                     PID    Runtime      # DAGs    # Errors  Last Runtime    Last Run
----------------------------  -----  ---------  --------  ----------  --------------  -------------------
/opt/airflow/dags/src/lab.py                           0           0  0.53s           2025-10-07T02:54:27
/opt/airflow/dags/airflow.py                           1           0  0.53s           2025-10-07T02:54:28
================================================================================
[2025-10-07T02:55:17.925+0000] {manager.py:878} INFO - 
================================================================================
DAG File Processing Stats

File Path                     PID    Runtime      # DAGs    # Errors  Last Runtime    Last Run
----------------------------  -----  ---------  --------  ----------  --------------  -------------------
/opt/airflow/dags/airflow.py                           1           0  0.54s           2025-10-07T02:54:58
/opt/airflow/dags/src/lab.py                           0           0  0.53s           2025-10-07T02:54:58
================================================================================
[2025-10-07T02:55:48.771+0000] {manager.py:878} INFO - 
================================================================================
DAG File Processing Stats

File Path                     PID    Runtime      # DAGs    # Errors  Last Runtime    Last Run
----------------------------  -----  ---------  --------  ----------  --------------  -------------------
/opt/airflow/dags/airflow.py                           1           0  0.58s           2025-10-07T02:55:29
/opt/airflow/dags/src/lab.py                           0           0  0.57s           2025-10-07T02:55:29
================================================================================
[2025-10-07T02:56:18.838+0000] {manager.py:878} INFO - 
================================================================================
DAG File Processing Stats

File Path                     PID    Runtime      # DAGs    # Errors  Last Runtime    Last Run
----------------------------  -----  ---------  --------  ----------  --------------  -------------------
/opt/airflow/dags/src/lab.py                           0           0  0.81s           2025-10-07T02:56:00
/opt/airflow/dags/airflow.py                           1           0  0.80s           2025-10-07T02:56:00
================================================================================
[2025-10-07T02:56:49.813+0000] {manager.py:878} INFO - 
================================================================================
DAG File Processing Stats

File Path                     PID    Runtime      # DAGs    # Errors  Last Runtime    Last Run
----------------------------  -----  ---------  --------  ----------  --------------  -------------------
/opt/airflow/dags/airflow.py                           1           0  0.74s           2025-10-07T02:56:31
/opt/airflow/dags/src/lab.py                           0           0  0.73s           2025-10-07T02:56:31
================================================================================
[2025-10-07T02:57:19.838+0000] {manager.py:878} INFO - 
================================================================================
DAG File Processing Stats

File Path                     PID    Runtime      # DAGs    # Errors  Last Runtime    Last Run
----------------------------  -----  ---------  --------  ----------  --------------  -------------------
/opt/airflow/dags/src/lab.py                           0           0  0.76s           2025-10-07T02:57:02
/opt/airflow/dags/airflow.py                           1           0  0.74s           2025-10-07T02:57:02
================================================================================
[2025-10-07T02:57:50.694+0000] {manager.py:878} INFO - 
================================================================================
DAG File Processing Stats

File Path                     PID    Runtime      # DAGs    # Errors  Last Runtime    Last Run
----------------------------  -----  ---------  --------  ----------  --------------  -------------------
/opt/airflow/dags/airflow.py                           1           0  0.59s           2025-10-07T02:57:33
/opt/airflow/dags/src/lab.py                           0           0  0.58s           2025-10-07T02:57:33
================================================================================
[2025-10-07T02:58:11.534+0000] {manager.py:737} INFO - Searching for files in /opt/airflow/dags
[2025-10-07T02:58:11.548+0000] {manager.py:740} INFO - There are 2 files in /opt/airflow/dags
[2025-10-07T02:58:21.627+0000] {manager.py:878} INFO - 
================================================================================
DAG File Processing Stats

File Path                     PID    Runtime      # DAGs    # Errors  Last Runtime    Last Run
----------------------------  -----  ---------  --------  ----------  --------------  -------------------
/opt/airflow/dags/airflow.py                           1           0  0.64s           2025-10-07T02:58:04
/opt/airflow/dags/src/lab.py                           0           0  0.63s           2025-10-07T02:58:04
================================================================================
[2025-10-07T02:58:52.565+0000] {manager.py:878} INFO - 
================================================================================
DAG File Processing Stats

File Path                     PID    Runtime      # DAGs    # Errors  Last Runtime    Last Run
----------------------------  -----  ---------  --------  ----------  --------------  -------------------
/opt/airflow/dags/airflow.py                           1           0  0.67s           2025-10-07T02:58:35
/opt/airflow/dags/src/lab.py                           0           0  0.66s           2025-10-07T02:58:35
================================================================================
[2025-10-07T02:59:23.504+0000] {manager.py:878} INFO - 
================================================================================
DAG File Processing Stats

File Path                     PID    Runtime      # DAGs    # Errors  Last Runtime    Last Run
----------------------------  -----  ---------  --------  ----------  --------------  -------------------
/opt/airflow/dags/airflow.py                           1           0  0.69s           2025-10-07T02:59:06
/opt/airflow/dags/src/lab.py                           0           0  0.68s           2025-10-07T02:59:06
================================================================================
[2025-10-07T02:59:54.423+0000] {manager.py:878} INFO - 
================================================================================
DAG File Processing Stats

File Path                     PID    Runtime      # DAGs    # Errors  Last Runtime    Last Run
----------------------------  -----  ---------  --------  ----------  --------------  -------------------
/opt/airflow/dags/src/lab.py                           0           0  0.62s           2025-10-07T02:59:37
/opt/airflow/dags/airflow.py                           1           0  0.61s           2025-10-07T02:59:37
================================================================================
[2025-10-07T03:00:24.458+0000] {manager.py:878} INFO - 
================================================================================
DAG File Processing Stats

File Path                     PID    Runtime      # DAGs    # Errors  Last Runtime    Last Run
----------------------------  -----  ---------  --------  ----------  --------------  -------------------
/opt/airflow/dags/airflow.py                           1           0  0.81s           2025-10-07T03:00:08
/opt/airflow/dags/src/lab.py                           0           0  0.80s           2025-10-07T03:00:08
================================================================================
[2025-10-07T03:00:55.356+0000] {manager.py:878} INFO - 
================================================================================
DAG File Processing Stats

File Path                     PID    Runtime      # DAGs    # Errors  Last Runtime    Last Run
----------------------------  -----  ---------  --------  ----------  --------------  -------------------
/opt/airflow/dags/airflow.py                           1           0  0.62s           2025-10-07T03:00:39
/opt/airflow/dags/src/lab.py                           0           0  0.62s           2025-10-07T03:00:39
================================================================================
[2025-10-07T03:01:26.246+0000] {manager.py:878} INFO - 
================================================================================
DAG File Processing Stats

File Path                     PID    Runtime      # DAGs    # Errors  Last Runtime    Last Run
----------------------------  -----  ---------  --------  ----------  --------------  -------------------
/opt/airflow/dags/src/lab.py                           0           0  0.63s           2025-10-07T03:01:10
/opt/airflow/dags/airflow.py                           1           0  0.63s           2025-10-07T03:01:10
================================================================================
[2025-10-07T03:01:56.950+0000] {manager.py:878} INFO - 
================================================================================
DAG File Processing Stats

File Path                     PID    Runtime      # DAGs    # Errors  Last Runtime    Last Run
----------------------------  -----  ---------  --------  ----------  --------------  -------------------
/opt/airflow/dags/airflow.py                           1           0  0.49s           2025-10-07T03:01:40
/opt/airflow/dags/src/lab.py                           0           0  0.48s           2025-10-07T03:01:40
================================================================================
[2025-10-07T03:02:27.949+0000] {manager.py:878} INFO - 
================================================================================
DAG File Processing Stats

File Path                     PID    Runtime      # DAGs    # Errors  Last Runtime    Last Run
----------------------------  -----  ---------  --------  ----------  --------------  -------------------
/opt/airflow/dags/airflow.py                           1           0  0.76s           2025-10-07T03:02:11
/opt/airflow/dags/src/lab.py                           0           0  0.76s           2025-10-07T03:02:11
================================================================================
[2025-10-07T03:02:50.321+0000] {manager.py:452} INFO - Exiting gracefully upon receiving signal 15
[2026-02-12T21:53:24.311+0000] {manager.py:470} INFO - Processing files using up to 2 processes at a time 
[2026-02-12T21:53:24.311+0000] {manager.py:471} INFO - Process each file at most once every 30 seconds
[2026-02-12T21:53:24.311+0000] {manager.py:472} INFO - Checking for new files in /opt/airflow/dags every 300 seconds
[2026-02-12T21:53:24.312+0000] {manager.py:737} INFO - Searching for files in /opt/airflow/dags
[2026-02-12T21:53:24.318+0000] {manager.py:740} INFO - There are 2 files in /opt/airflow/dags
[2026-02-12T21:53:24.371+0000] {manager.py:878} INFO - 
================================================================================
DAG File Processing Stats

File Path                       PID  Runtime      # DAGs    # Errors  Last Runtime    Last Run
----------------------------  -----  ---------  --------  ----------  --------------  ----------
/opt/airflow/dags/airflow.py     81  0.02s             0           0
/opt/airflow/dags/src/lab.py     80  0.04s             0           0
================================================================================
[2026-02-12T21:53:54.874+0000] {manager.py:878} INFO - 
================================================================================
DAG File Processing Stats

File Path                     PID    Runtime      # DAGs    # Errors  Last Runtime    Last Run
----------------------------  -----  ---------  --------  ----------  --------------  -------------------
/opt/airflow/dags/airflow.py                           1           0  1.40s           2026-02-12T21:53:25
/opt/airflow/dags/src/lab.py                           0           0  1.29s           2026-02-12T21:53:25
================================================================================
[2026-02-12T21:54:24.966+0000] {manager.py:878} INFO - 
================================================================================
DAG File Processing Stats

File Path                     PID    Runtime      # DAGs    # Errors  Last Runtime    Last Run
----------------------------  -----  ---------  --------  ----------  --------------  -------------------
/opt/airflow/dags/src/lab.py                           0           0  0.86s           2026-02-12T21:53:56
/opt/airflow/dags/airflow.py                           1           0  0.86s           2026-02-12T21:53:56
================================================================================
[2026-02-12T21:54:55.003+0000] {manager.py:878} INFO - 
================================================================================
DAG File Processing Stats

File Path                     PID    Runtime      # DAGs    # Errors  Last Runtime    Last Run
----------------------------  -----  ---------  --------  ----------  --------------  -------------------
/opt/airflow/dags/airflow.py                           1           0  0.77s           2026-02-12T21:54:27
/opt/airflow/dags/src/lab.py                           0           0  0.77s           2026-02-12T21:54:27
================================================================================
[2026-02-12T21:55:25.894+0000] {manager.py:878} INFO - 
================================================================================
DAG File Processing Stats

File Path                     PID    Runtime      # DAGs    # Errors  Last Runtime    Last Run
----------------------------  -----  ---------  --------  ----------  --------------  -------------------
/opt/airflow/dags/airflow.py                           1           0  0.60s           2026-02-12T21:54:58
/opt/airflow/dags/src/lab.py                           0           0  0.59s           2026-02-12T21:54:58
================================================================================
[2026-02-12T21:55:55.911+0000] {manager.py:878} INFO - 
================================================================================
DAG File Processing Stats

File Path                     PID    Runtime      # DAGs    # Errors  Last Runtime    Last Run
----------------------------  -----  ---------  --------  ----------  --------------  -------------------
/opt/airflow/dags/airflow.py                           1           0  0.70s           2026-02-12T21:55:29
/opt/airflow/dags/src/lab.py                           0           0  0.70s           2026-02-12T21:55:29
================================================================================
[2026-02-12T21:56:26.768+0000] {manager.py:878} INFO - 
================================================================================
DAG File Processing Stats

File Path                     PID    Runtime      # DAGs    # Errors  Last Runtime    Last Run
----------------------------  -----  ---------  --------  ----------  --------------  -------------------
/opt/airflow/dags/airflow.py                           1           0  0.57s           2026-02-12T21:56:00
/opt/airflow/dags/src/lab.py                           0           0  0.57s           2026-02-12T21:56:00
================================================================================
[2026-02-12T21:56:57.766+0000] {manager.py:878} INFO - 
================================================================================
DAG File Processing Stats

File Path                     PID    Runtime      # DAGs    # Errors  Last Runtime    Last Run
----------------------------  -----  ---------  --------  ----------  --------------  -------------------
/opt/airflow/dags/airflow.py                           1           0  0.69s           2026-02-12T21:56:31
/opt/airflow/dags/src/lab.py                           0           0  0.69s           2026-02-12T21:56:31
================================================================================
[2026-02-12T21:57:28.729+0000] {manager.py:878} INFO - 
================================================================================
DAG File Processing Stats

File Path                     PID    Runtime      # DAGs    # Errors  Last Runtime    Last Run
----------------------------  -----  ---------  --------  ----------  --------------  -------------------
/opt/airflow/dags/airflow.py                           1           0  0.67s           2026-02-12T21:57:02
/opt/airflow/dags/src/lab.py                           0           0  0.67s           2026-02-12T21:57:02
================================================================================
[2026-02-12T21:57:58.906+0000] {manager.py:878} INFO - 
================================================================================
DAG File Processing Stats

File Path                     PID    Runtime      # DAGs    # Errors  Last Runtime    Last Run
----------------------------  -----  ---------  --------  ----------  --------------  -------------------
/opt/airflow/dags/src/lab.py                           0           0  0.84s           2026-02-12T21:57:33
/opt/airflow/dags/airflow.py                           1           0  0.84s           2026-02-12T21:57:33
================================================================================
[2026-02-12T21:58:24.967+0000] {manager.py:737} INFO - Searching for files in /opt/airflow/dags
[2026-02-12T21:58:24.987+0000] {manager.py:740} INFO - There are 2 files in /opt/airflow/dags
[2026-02-12T21:58:29.041+0000] {manager.py:878} INFO - 
================================================================================
DAG File Processing Stats

File Path                     PID    Runtime      # DAGs    # Errors  Last Runtime    Last Run
----------------------------  -----  ---------  --------  ----------  --------------  -------------------
/opt/airflow/dags/airflow.py                           1           0  0.83s           2026-02-12T21:58:04
/opt/airflow/dags/src/lab.py                           0           0  0.82s           2026-02-12T21:58:04
================================================================================
[2026-02-12T21:58:59.128+0000] {manager.py:878} INFO - 
================================================================================
DAG File Processing Stats

File Path                     PID    Runtime      # DAGs    # Errors  Last Runtime    Last Run
----------------------------  -----  ---------  --------  ----------  --------------  -------------------
/opt/airflow/dags/airflow.py                           1           0  0.84s           2026-02-12T21:58:35
/opt/airflow/dags/src/lab.py                           0           0  0.84s           2026-02-12T21:58:35
================================================================================
[2026-02-12T21:59:29.470+0000] {manager.py:878} INFO - 
================================================================================
DAG File Processing Stats

File Path                     PID    Runtime      # DAGs    # Errors  Last Runtime    Last Run
----------------------------  -----  ---------  --------  ----------  --------------  -------------------
/opt/airflow/dags/airflow.py                           1           0  1.09s           2026-02-12T21:59:07
/opt/airflow/dags/src/lab.py                           0           0  1.09s           2026-02-12T21:59:07
================================================================================
[2026-02-12T21:59:59.692+0000] {manager.py:878} INFO - 
================================================================================
DAG File Processing Stats

File Path                     PID    Runtime      # DAGs    # Errors  Last Runtime    Last Run
----------------------------  -----  ---------  --------  ----------  --------------  -------------------
/opt/airflow/dags/src/lab.py                           0           0  0.96s           2026-02-12T21:59:38
/opt/airflow/dags/airflow.py                           1           0  0.96s           2026-02-12T21:59:38
================================================================================
[2026-02-12T22:00:30.034+0000] {manager.py:878} INFO - 
================================================================================
DAG File Processing Stats

File Path                     PID    Runtime      # DAGs    # Errors  Last Runtime    Last Run
----------------------------  -----  ---------  --------  ----------  --------------  -------------------
/opt/airflow/dags/airflow.py                           1           0  1.07s           2026-02-12T22:00:09
/opt/airflow/dags/src/lab.py                           0           0  1.07s           2026-02-12T22:00:09
================================================================================
[2026-02-12T22:01:00.929+0000] {manager.py:878} INFO - 
================================================================================
DAG File Processing Stats

File Path                     PID    Runtime      # DAGs    # Errors  Last Runtime    Last Run
----------------------------  -----  ---------  --------  ----------  --------------  -------------------
/opt/airflow/dags/airflow.py                           1           0  0.60s           2026-02-12T22:00:40
/opt/airflow/dags/src/lab.py                           0           0  0.59s           2026-02-12T22:00:40
================================================================================
[2026-02-12T22:01:30.940+0000] {manager.py:878} INFO - 
================================================================================
DAG File Processing Stats

File Path                     PID    Runtime      # DAGs    # Errors  Last Runtime    Last Run
----------------------------  -----  ---------  --------  ----------  --------------  -------------------
/opt/airflow/dags/airflow.py                           1           0  0.69s           2026-02-12T22:01:11
/opt/airflow/dags/src/lab.py                           0           0  0.68s           2026-02-12T22:01:11
================================================================================
[2026-02-12T22:02:01.895+0000] {manager.py:878} INFO - 
================================================================================
DAG File Processing Stats

File Path                     PID    Runtime      # DAGs    # Errors  Last Runtime    Last Run
----------------------------  -----  ---------  --------  ----------  --------------  -------------------
/opt/airflow/dags/airflow.py                           1           0  0.63s           2026-02-12T22:01:42
/opt/airflow/dags/src/lab.py                           0           0  0.63s           2026-02-12T22:01:42
================================================================================
[2026-02-12T22:02:32.893+0000] {manager.py:878} INFO - 
================================================================================
DAG File Processing Stats

File Path                     PID    Runtime      # DAGs    # Errors  Last Runtime    Last Run
----------------------------  -----  ---------  --------  ----------  --------------  -------------------
/opt/airflow/dags/src/lab.py                           0           0  0.71s           2026-02-12T22:02:13
/opt/airflow/dags/airflow.py                           1           0  0.71s           2026-02-12T22:02:13
================================================================================
