[2026-02-12T21:54:16.369+0000] {local_task_job_runner.py:120} INFO - ::group::Pre task execution logs
[2026-02-12T21:54:16.377+0000] {taskinstance.py:2076} INFO - Dependencies all met for dep_context=non-requeueable deps ti=<TaskInstance: Diabetes_Prediction_Pipeline.notify_task manual__2026-02-12T21:54:07.499700+00:00 [queued]>
[2026-02-12T21:54:16.379+0000] {taskinstance.py:2076} INFO - Dependencies all met for dep_context=requeueable deps ti=<TaskInstance: Diabetes_Prediction_Pipeline.notify_task manual__2026-02-12T21:54:07.499700+00:00 [queued]>
[2026-02-12T21:54:16.380+0000] {taskinstance.py:2306} INFO - Starting attempt 1 of 1
[2026-02-12T21:54:16.384+0000] {taskinstance.py:2330} INFO - Executing <Task(BashOperator): notify_task> on 2026-02-12 21:54:07.499700+00:00
[2026-02-12T21:54:16.387+0000] {warnings.py:112} WARNING - /home/***/.local/lib/python3.12/site-packages/***/task/task_runner/standard_task_runner.py:61: DeprecationWarning: This process (pid=213) is multi-threaded, use of fork() may lead to deadlocks in the child.
  pid = os.fork()

[2026-02-12T21:54:16.388+0000] {standard_task_runner.py:63} INFO - Started process 227 to run task
[2026-02-12T21:54:16.388+0000] {standard_task_runner.py:90} INFO - Running: ['***', 'tasks', 'run', 'Diabetes_Prediction_Pipeline', 'notify_task', 'manual__2026-02-12T21:54:07.499700+00:00', '--job-id', '8', '--raw', '--subdir', 'DAGS_FOLDER/***.py', '--cfg-path', '/tmp/tmp8cw6cibg']
[2026-02-12T21:54:16.389+0000] {standard_task_runner.py:91} INFO - Job 8: Subtask notify_task
[2026-02-12T21:54:16.404+0000] {task_command.py:426} INFO - Running <TaskInstance: Diabetes_Prediction_Pipeline.notify_task manual__2026-02-12T21:54:07.499700+00:00 [running]> on host d7c1b179de33
[2026-02-12T21:54:16.427+0000] {taskinstance.py:2648} INFO - Exporting env vars: AIRFLOW_CTX_DAG_OWNER='***' AIRFLOW_CTX_DAG_ID='Diabetes_Prediction_Pipeline' AIRFLOW_CTX_TASK_ID='notify_task' AIRFLOW_CTX_EXECUTION_DATE='2026-02-12T21:54:07.499700+00:00' AIRFLOW_CTX_TRY_NUMBER='1' AIRFLOW_CTX_DAG_RUN_ID='manual__2026-02-12T21:54:07.499700+00:00'
[2026-02-12T21:54:16.428+0000] {taskinstance.py:430} INFO - ::endgroup::
[2026-02-12T21:54:16.433+0000] {subprocess.py:63} INFO - Tmp dir root location: /tmp
[2026-02-12T21:54:16.433+0000] {subprocess.py:75} INFO - Running command: ['/usr/bin/bash', '-c', 'echo "✅ Diabetes prediction pipeline finished successfully!"']
[2026-02-12T21:54:16.437+0000] {subprocess.py:86} INFO - Output:
[2026-02-12T21:54:16.438+0000] {subprocess.py:93} INFO - ✅ Diabetes prediction pipeline finished successfully!
[2026-02-12T21:54:16.438+0000] {subprocess.py:97} INFO - Command exited with return code 0
[2026-02-12T21:54:16.438+0000] {taskinstance.py:441} INFO - ::group::Post task execution logs
[2026-02-12T21:54:16.447+0000] {taskinstance.py:1206} INFO - Marking task as SUCCESS. dag_id=Diabetes_Prediction_Pipeline, task_id=notify_task, run_id=manual__2026-02-12T21:54:07.499700+00:00, execution_date=20260212T215407, start_date=20260212T215416, end_date=20260212T215416
[2026-02-12T21:54:16.494+0000] {local_task_job_runner.py:240} INFO - Task exited with return code 0
[2026-02-12T21:54:16.500+0000] {taskinstance.py:3503} INFO - 0 downstream tasks scheduled from follow-on schedule check
[2026-02-12T21:54:16.501+0000] {local_task_job_runner.py:222} INFO - ::endgroup::
