[2026-02-12T21:54:15.125+0000] {local_task_job_runner.py:120} INFO - ::group::Pre task execution logs
[2026-02-12T21:54:15.133+0000] {taskinstance.py:2076} INFO - Dependencies all met for dep_context=non-requeueable deps ti=<TaskInstance: Diabetes_Prediction_Pipeline.evaluate_model_task manual__2026-02-12T21:54:07.499700+00:00 [queued]>
[2026-02-12T21:54:15.135+0000] {taskinstance.py:2076} INFO - Dependencies all met for dep_context=requeueable deps ti=<TaskInstance: Diabetes_Prediction_Pipeline.evaluate_model_task manual__2026-02-12T21:54:07.499700+00:00 [queued]>
[2026-02-12T21:54:15.135+0000] {taskinstance.py:2306} INFO - Starting attempt 1 of 1
[2026-02-12T21:54:15.140+0000] {taskinstance.py:2330} INFO - Executing <Task(PythonOperator): evaluate_model_task> on 2026-02-12 21:54:07.499700+00:00
[2026-02-12T21:54:15.143+0000] {warnings.py:112} WARNING - /home/***/.local/lib/python3.12/site-packages/***/task/task_runner/standard_task_runner.py:61: DeprecationWarning: This process (pid=183) is multi-threaded, use of fork() may lead to deadlocks in the child.
  pid = os.fork()

[2026-02-12T21:54:15.144+0000] {standard_task_runner.py:63} INFO - Started process 197 to run task
[2026-02-12T21:54:15.144+0000] {standard_task_runner.py:90} INFO - Running: ['***', 'tasks', 'run', 'Diabetes_Prediction_Pipeline', 'evaluate_model_task', 'manual__2026-02-12T21:54:07.499700+00:00', '--job-id', '7', '--raw', '--subdir', 'DAGS_FOLDER/***.py', '--cfg-path', '/tmp/tmpp84mwj8t']
[2026-02-12T21:54:15.145+0000] {standard_task_runner.py:91} INFO - Job 7: Subtask evaluate_model_task
[2026-02-12T21:54:15.160+0000] {task_command.py:426} INFO - Running <TaskInstance: Diabetes_Prediction_Pipeline.evaluate_model_task manual__2026-02-12T21:54:07.499700+00:00 [running]> on host d7c1b179de33
[2026-02-12T21:54:15.183+0000] {taskinstance.py:2648} INFO - Exporting env vars: AIRFLOW_CTX_DAG_OWNER='***' AIRFLOW_CTX_DAG_ID='Diabetes_Prediction_Pipeline' AIRFLOW_CTX_TASK_ID='evaluate_model_task' AIRFLOW_CTX_EXECUTION_DATE='2026-02-12T21:54:07.499700+00:00' AIRFLOW_CTX_TRY_NUMBER='1' AIRFLOW_CTX_DAG_RUN_ID='manual__2026-02-12T21:54:07.499700+00:00'
[2026-02-12T21:54:15.184+0000] {taskinstance.py:430} INFO - ::endgroup::
[2026-02-12T21:54:15.265+0000] {warnings.py:112} WARNING - /home/***/.local/lib/python3.12/site-packages/sklearn/ensemble/_base.py:174: UserWarning: Loky-backed parallel loops cannot be called in a multiprocessing, setting n_jobs=1
  n_jobs = min(effective_n_jobs(n_jobs), n_estimators)

[2026-02-12T21:54:15.332+0000] {warnings.py:112} WARNING - /home/***/.local/lib/python3.12/site-packages/sklearn/ensemble/_base.py:174: UserWarning: Loky-backed parallel loops cannot be called in a multiprocessing, setting n_jobs=1
  n_jobs = min(effective_n_jobs(n_jobs), n_estimators)

[2026-02-12T21:54:15.404+0000] {logging_mixin.py:188} INFO - 
========== 🩺 Diabetes Prediction - Model Evaluation ==========
[2026-02-12T21:54:15.404+0000] {logging_mixin.py:188} INFO - ✅ Accuracy  : 90.36%
[2026-02-12T21:54:15.404+0000] {logging_mixin.py:188} INFO - ✅ ROC-AUC   : 0.9765
[2026-02-12T21:54:15.404+0000] {logging_mixin.py:188} INFO - 
Confusion Matrix (Rows=Actual, Cols=Predicted):
[2026-02-12T21:54:15.404+0000] {logging_mixin.py:188} INFO -               Predicted No  Predicted Yes
[2026-02-12T21:54:15.404+0000] {logging_mixin.py:188} INFO - Actual No   :     16521     1779
[2026-02-12T21:54:15.404+0000] {logging_mixin.py:188} INFO - Actual Yes  :     149       1551
[2026-02-12T21:54:15.404+0000] {logging_mixin.py:188} INFO - 
Classification Report:
              precision    recall  f1-score   support

 No Diabetes       0.99      0.90      0.94     18300
    Diabetes       0.47      0.91      0.62      1700

    accuracy                           0.90     20000
   macro avg       0.73      0.91      0.78     20000
weighted avg       0.95      0.90      0.92     20000
[2026-02-12T21:54:15.405+0000] {logging_mixin.py:188} INFO - ================================================================
[2026-02-12T21:54:15.420+0000] {logging_mixin.py:188} INFO - 
📊 Feature Importances (top to bottom):
[2026-02-12T21:54:15.421+0000] {logging_mixin.py:188} INFO -   HbA1c_level              : 0.3840
[2026-02-12T21:54:15.421+0000] {logging_mixin.py:188} INFO -   blood_glucose_level      : 0.2979
[2026-02-12T21:54:15.421+0000] {logging_mixin.py:188} INFO -   age                      : 0.1731
[2026-02-12T21:54:15.421+0000] {logging_mixin.py:188} INFO -   bmi                      : 0.0769
[2026-02-12T21:54:15.421+0000] {logging_mixin.py:188} INFO -   hypertension             : 0.0315
[2026-02-12T21:54:15.421+0000] {logging_mixin.py:188} INFO -   smoking_history          : 0.0180
[2026-02-12T21:54:15.421+0000] {logging_mixin.py:188} INFO -   heart_disease            : 0.0160
[2026-02-12T21:54:15.421+0000] {logging_mixin.py:188} INFO -   gender                   : 0.0027
[2026-02-12T21:54:15.422+0000] {python.py:237} INFO - Done. Returned value was: None
[2026-02-12T21:54:15.422+0000] {taskinstance.py:441} INFO - ::group::Post task execution logs
[2026-02-12T21:54:15.425+0000] {taskinstance.py:1206} INFO - Marking task as SUCCESS. dag_id=Diabetes_Prediction_Pipeline, task_id=evaluate_model_task, run_id=manual__2026-02-12T21:54:07.499700+00:00, execution_date=20260212T215407, start_date=20260212T215415, end_date=20260212T215415
[2026-02-12T21:54:15.447+0000] {local_task_job_runner.py:240} INFO - Task exited with return code 0
[2026-02-12T21:54:15.454+0000] {taskinstance.py:3503} INFO - 1 downstream tasks scheduled from follow-on schedule check
[2026-02-12T21:54:15.454+0000] {local_task_job_runner.py:222} INFO - ::endgroup::
