[2025-10-07T02:28:09.173+0000] {processor.py:161} INFO - Started process (PID=72) to work on /opt/airflow/dags/src/lab.py
[2025-10-07T02:28:09.174+0000] {processor.py:830} INFO - Processing file /opt/airflow/dags/src/lab.py for tasks to queue
[2025-10-07T02:28:09.177+0000] {logging_mixin.py:188} INFO - [2025-10-07T02:28:09.176+0000] {dagbag.py:545} INFO - Filling up the DagBag from /opt/airflow/dags/src/lab.py
[2025-10-07T02:28:11.475+0000] {processor.py:842} WARNING - No viable dags retrieved from /opt/airflow/dags/src/lab.py
[2025-10-07T02:28:11.490+0000] {processor.py:183} INFO - Processing /opt/airflow/dags/src/lab.py took 2.319 seconds
[2025-10-07T02:28:41.774+0000] {processor.py:161} INFO - Started process (PID=106) to work on /opt/airflow/dags/src/lab.py
[2025-10-07T02:28:41.775+0000] {processor.py:830} INFO - Processing file /opt/airflow/dags/src/lab.py for tasks to queue
[2025-10-07T02:28:41.778+0000] {logging_mixin.py:188} INFO - [2025-10-07T02:28:41.778+0000] {dagbag.py:545} INFO - Filling up the DagBag from /opt/airflow/dags/src/lab.py
[2025-10-07T02:28:42.449+0000] {processor.py:842} WARNING - No viable dags retrieved from /opt/airflow/dags/src/lab.py
[2025-10-07T02:28:42.454+0000] {processor.py:183} INFO - Processing /opt/airflow/dags/src/lab.py took 0.685 seconds
[2025-10-07T02:29:12.855+0000] {processor.py:161} INFO - Started process (PID=134) to work on /opt/airflow/dags/src/lab.py
[2025-10-07T02:29:12.857+0000] {processor.py:830} INFO - Processing file /opt/airflow/dags/src/lab.py for tasks to queue
[2025-10-07T02:29:12.859+0000] {logging_mixin.py:188} INFO - [2025-10-07T02:29:12.859+0000] {dagbag.py:545} INFO - Filling up the DagBag from /opt/airflow/dags/src/lab.py
[2025-10-07T02:29:13.551+0000] {processor.py:842} WARNING - No viable dags retrieved from /opt/airflow/dags/src/lab.py
[2025-10-07T02:29:13.555+0000] {processor.py:183} INFO - Processing /opt/airflow/dags/src/lab.py took 0.713 seconds
[2025-10-07T02:29:43.842+0000] {processor.py:161} INFO - Started process (PID=162) to work on /opt/airflow/dags/src/lab.py
[2025-10-07T02:29:43.844+0000] {processor.py:830} INFO - Processing file /opt/airflow/dags/src/lab.py for tasks to queue
[2025-10-07T02:29:43.847+0000] {logging_mixin.py:188} INFO - [2025-10-07T02:29:43.847+0000] {dagbag.py:545} INFO - Filling up the DagBag from /opt/airflow/dags/src/lab.py
[2025-10-07T02:29:44.468+0000] {processor.py:842} WARNING - No viable dags retrieved from /opt/airflow/dags/src/lab.py
[2025-10-07T02:29:44.478+0000] {processor.py:183} INFO - Processing /opt/airflow/dags/src/lab.py took 0.647 seconds
[2025-10-07T02:30:14.782+0000] {processor.py:161} INFO - Started process (PID=190) to work on /opt/airflow/dags/src/lab.py
[2025-10-07T02:30:14.785+0000] {processor.py:830} INFO - Processing file /opt/airflow/dags/src/lab.py for tasks to queue
[2025-10-07T02:30:14.787+0000] {logging_mixin.py:188} INFO - [2025-10-07T02:30:14.787+0000] {dagbag.py:545} INFO - Filling up the DagBag from /opt/airflow/dags/src/lab.py
[2025-10-07T02:30:15.371+0000] {processor.py:842} WARNING - No viable dags retrieved from /opt/airflow/dags/src/lab.py
[2025-10-07T02:30:15.380+0000] {processor.py:183} INFO - Processing /opt/airflow/dags/src/lab.py took 0.609 seconds
[2025-10-07T02:30:45.722+0000] {processor.py:161} INFO - Started process (PID=218) to work on /opt/airflow/dags/src/lab.py
[2025-10-07T02:30:45.723+0000] {processor.py:830} INFO - Processing file /opt/airflow/dags/src/lab.py for tasks to queue
[2025-10-07T02:30:45.726+0000] {logging_mixin.py:188} INFO - [2025-10-07T02:30:45.725+0000] {dagbag.py:545} INFO - Filling up the DagBag from /opt/airflow/dags/src/lab.py
[2025-10-07T02:30:46.379+0000] {processor.py:842} WARNING - No viable dags retrieved from /opt/airflow/dags/src/lab.py
[2025-10-07T02:30:46.390+0000] {processor.py:183} INFO - Processing /opt/airflow/dags/src/lab.py took 0.675 seconds
[2025-10-07T02:31:16.687+0000] {processor.py:161} INFO - Started process (PID=246) to work on /opt/airflow/dags/src/lab.py
[2025-10-07T02:31:16.690+0000] {processor.py:830} INFO - Processing file /opt/airflow/dags/src/lab.py for tasks to queue
[2025-10-07T02:31:16.691+0000] {logging_mixin.py:188} INFO - [2025-10-07T02:31:16.691+0000] {dagbag.py:545} INFO - Filling up the DagBag from /opt/airflow/dags/src/lab.py
[2025-10-07T02:31:17.261+0000] {processor.py:842} WARNING - No viable dags retrieved from /opt/airflow/dags/src/lab.py
[2025-10-07T02:31:17.279+0000] {processor.py:183} INFO - Processing /opt/airflow/dags/src/lab.py took 0.598 seconds
[2025-10-07T02:31:47.606+0000] {processor.py:161} INFO - Started process (PID=274) to work on /opt/airflow/dags/src/lab.py
[2025-10-07T02:31:47.608+0000] {processor.py:830} INFO - Processing file /opt/airflow/dags/src/lab.py for tasks to queue
[2025-10-07T02:31:47.612+0000] {logging_mixin.py:188} INFO - [2025-10-07T02:31:47.610+0000] {dagbag.py:545} INFO - Filling up the DagBag from /opt/airflow/dags/src/lab.py
[2025-10-07T02:31:48.185+0000] {processor.py:842} WARNING - No viable dags retrieved from /opt/airflow/dags/src/lab.py
[2025-10-07T02:31:48.190+0000] {processor.py:183} INFO - Processing /opt/airflow/dags/src/lab.py took 0.591 seconds
[2025-10-07T02:32:18.524+0000] {processor.py:161} INFO - Started process (PID=302) to work on /opt/airflow/dags/src/lab.py
[2025-10-07T02:32:18.526+0000] {processor.py:830} INFO - Processing file /opt/airflow/dags/src/lab.py for tasks to queue
[2025-10-07T02:32:18.530+0000] {logging_mixin.py:188} INFO - [2025-10-07T02:32:18.530+0000] {dagbag.py:545} INFO - Filling up the DagBag from /opt/airflow/dags/src/lab.py
[2025-10-07T02:32:19.101+0000] {processor.py:842} WARNING - No viable dags retrieved from /opt/airflow/dags/src/lab.py
[2025-10-07T02:32:19.108+0000] {processor.py:183} INFO - Processing /opt/airflow/dags/src/lab.py took 0.599 seconds
[2025-10-07T02:32:49.400+0000] {processor.py:161} INFO - Started process (PID=330) to work on /opt/airflow/dags/src/lab.py
[2025-10-07T02:32:49.402+0000] {processor.py:830} INFO - Processing file /opt/airflow/dags/src/lab.py for tasks to queue
[2025-10-07T02:32:49.403+0000] {logging_mixin.py:188} INFO - [2025-10-07T02:32:49.403+0000] {dagbag.py:545} INFO - Filling up the DagBag from /opt/airflow/dags/src/lab.py
[2025-10-07T02:32:49.998+0000] {processor.py:842} WARNING - No viable dags retrieved from /opt/airflow/dags/src/lab.py
[2025-10-07T02:32:50.008+0000] {processor.py:183} INFO - Processing /opt/airflow/dags/src/lab.py took 0.611 seconds
[2025-10-07T02:33:20.337+0000] {processor.py:161} INFO - Started process (PID=370) to work on /opt/airflow/dags/src/lab.py
[2025-10-07T02:33:20.339+0000] {processor.py:830} INFO - Processing file /opt/airflow/dags/src/lab.py for tasks to queue
[2025-10-07T02:33:20.341+0000] {logging_mixin.py:188} INFO - [2025-10-07T02:33:20.340+0000] {dagbag.py:545} INFO - Filling up the DagBag from /opt/airflow/dags/src/lab.py
[2025-10-07T02:33:20.919+0000] {processor.py:842} WARNING - No viable dags retrieved from /opt/airflow/dags/src/lab.py
[2025-10-07T02:33:20.927+0000] {processor.py:183} INFO - Processing /opt/airflow/dags/src/lab.py took 0.601 seconds
[2025-10-07T02:33:51.233+0000] {processor.py:161} INFO - Started process (PID=398) to work on /opt/airflow/dags/src/lab.py
[2025-10-07T02:33:51.235+0000] {processor.py:830} INFO - Processing file /opt/airflow/dags/src/lab.py for tasks to queue
[2025-10-07T02:33:51.240+0000] {logging_mixin.py:188} INFO - [2025-10-07T02:33:51.240+0000] {dagbag.py:545} INFO - Filling up the DagBag from /opt/airflow/dags/src/lab.py
[2025-10-07T02:33:51.835+0000] {processor.py:842} WARNING - No viable dags retrieved from /opt/airflow/dags/src/lab.py
[2025-10-07T02:33:51.842+0000] {processor.py:183} INFO - Processing /opt/airflow/dags/src/lab.py took 0.618 seconds
[2025-10-07T02:34:22.112+0000] {processor.py:161} INFO - Started process (PID=426) to work on /opt/airflow/dags/src/lab.py
[2025-10-07T02:34:22.113+0000] {processor.py:830} INFO - Processing file /opt/airflow/dags/src/lab.py for tasks to queue
[2025-10-07T02:34:22.116+0000] {logging_mixin.py:188} INFO - [2025-10-07T02:34:22.116+0000] {dagbag.py:545} INFO - Filling up the DagBag from /opt/airflow/dags/src/lab.py
[2025-10-07T02:34:22.715+0000] {processor.py:842} WARNING - No viable dags retrieved from /opt/airflow/dags/src/lab.py
[2025-10-07T02:34:22.723+0000] {processor.py:183} INFO - Processing /opt/airflow/dags/src/lab.py took 0.617 seconds
[2025-10-07T02:34:53.039+0000] {processor.py:161} INFO - Started process (PID=454) to work on /opt/airflow/dags/src/lab.py
[2025-10-07T02:34:53.040+0000] {processor.py:830} INFO - Processing file /opt/airflow/dags/src/lab.py for tasks to queue
[2025-10-07T02:34:53.042+0000] {logging_mixin.py:188} INFO - [2025-10-07T02:34:53.042+0000] {dagbag.py:545} INFO - Filling up the DagBag from /opt/airflow/dags/src/lab.py
[2025-10-07T02:34:53.553+0000] {processor.py:842} WARNING - No viable dags retrieved from /opt/airflow/dags/src/lab.py
[2025-10-07T02:34:53.560+0000] {processor.py:183} INFO - Processing /opt/airflow/dags/src/lab.py took 0.529 seconds
[2025-10-07T02:35:23.829+0000] {processor.py:161} INFO - Started process (PID=482) to work on /opt/airflow/dags/src/lab.py
[2025-10-07T02:35:23.830+0000] {processor.py:830} INFO - Processing file /opt/airflow/dags/src/lab.py for tasks to queue
[2025-10-07T02:35:23.832+0000] {logging_mixin.py:188} INFO - [2025-10-07T02:35:23.832+0000] {dagbag.py:545} INFO - Filling up the DagBag from /opt/airflow/dags/src/lab.py
[2025-10-07T02:35:24.385+0000] {processor.py:842} WARNING - No viable dags retrieved from /opt/airflow/dags/src/lab.py
[2025-10-07T02:35:24.405+0000] {processor.py:183} INFO - Processing /opt/airflow/dags/src/lab.py took 0.588 seconds
[2025-10-07T02:35:54.722+0000] {processor.py:161} INFO - Started process (PID=510) to work on /opt/airflow/dags/src/lab.py
[2025-10-07T02:35:54.725+0000] {processor.py:830} INFO - Processing file /opt/airflow/dags/src/lab.py for tasks to queue
[2025-10-07T02:35:54.729+0000] {logging_mixin.py:188} INFO - [2025-10-07T02:35:54.728+0000] {dagbag.py:545} INFO - Filling up the DagBag from /opt/airflow/dags/src/lab.py
[2025-10-07T02:35:55.415+0000] {processor.py:842} WARNING - No viable dags retrieved from /opt/airflow/dags/src/lab.py
[2025-10-07T02:35:55.424+0000] {processor.py:183} INFO - Processing /opt/airflow/dags/src/lab.py took 0.728 seconds
[2025-10-07T02:36:25.749+0000] {processor.py:161} INFO - Started process (PID=538) to work on /opt/airflow/dags/src/lab.py
[2025-10-07T02:36:25.753+0000] {processor.py:830} INFO - Processing file /opt/airflow/dags/src/lab.py for tasks to queue
[2025-10-07T02:36:25.755+0000] {logging_mixin.py:188} INFO - [2025-10-07T02:36:25.754+0000] {dagbag.py:545} INFO - Filling up the DagBag from /opt/airflow/dags/src/lab.py
[2025-10-07T02:36:26.466+0000] {processor.py:842} WARNING - No viable dags retrieved from /opt/airflow/dags/src/lab.py
[2025-10-07T02:36:26.475+0000] {processor.py:183} INFO - Processing /opt/airflow/dags/src/lab.py took 0.743 seconds
[2025-10-07T02:36:56.859+0000] {processor.py:161} INFO - Started process (PID=566) to work on /opt/airflow/dags/src/lab.py
[2025-10-07T02:36:56.860+0000] {processor.py:830} INFO - Processing file /opt/airflow/dags/src/lab.py for tasks to queue
[2025-10-07T02:36:56.862+0000] {logging_mixin.py:188} INFO - [2025-10-07T02:36:56.862+0000] {dagbag.py:545} INFO - Filling up the DagBag from /opt/airflow/dags/src/lab.py
[2025-10-07T02:36:57.552+0000] {processor.py:842} WARNING - No viable dags retrieved from /opt/airflow/dags/src/lab.py
[2025-10-07T02:36:57.565+0000] {processor.py:183} INFO - Processing /opt/airflow/dags/src/lab.py took 0.716 seconds
[2025-10-07T02:37:27.871+0000] {processor.py:161} INFO - Started process (PID=594) to work on /opt/airflow/dags/src/lab.py
[2025-10-07T02:37:27.872+0000] {processor.py:830} INFO - Processing file /opt/airflow/dags/src/lab.py for tasks to queue
[2025-10-07T02:37:27.878+0000] {logging_mixin.py:188} INFO - [2025-10-07T02:37:27.877+0000] {dagbag.py:545} INFO - Filling up the DagBag from /opt/airflow/dags/src/lab.py
[2025-10-07T02:37:28.522+0000] {processor.py:842} WARNING - No viable dags retrieved from /opt/airflow/dags/src/lab.py
[2025-10-07T02:37:28.530+0000] {processor.py:183} INFO - Processing /opt/airflow/dags/src/lab.py took 0.668 seconds
[2025-10-07T02:37:58.797+0000] {processor.py:161} INFO - Started process (PID=622) to work on /opt/airflow/dags/src/lab.py
[2025-10-07T02:37:58.798+0000] {processor.py:830} INFO - Processing file /opt/airflow/dags/src/lab.py for tasks to queue
[2025-10-07T02:37:58.801+0000] {logging_mixin.py:188} INFO - [2025-10-07T02:37:58.800+0000] {dagbag.py:545} INFO - Filling up the DagBag from /opt/airflow/dags/src/lab.py
[2025-10-07T02:37:59.381+0000] {processor.py:842} WARNING - No viable dags retrieved from /opt/airflow/dags/src/lab.py
[2025-10-07T02:37:59.388+0000] {processor.py:183} INFO - Processing /opt/airflow/dags/src/lab.py took 0.600 seconds
[2025-10-07T02:38:29.680+0000] {processor.py:161} INFO - Started process (PID=650) to work on /opt/airflow/dags/src/lab.py
[2025-10-07T02:38:29.681+0000] {processor.py:830} INFO - Processing file /opt/airflow/dags/src/lab.py for tasks to queue
[2025-10-07T02:38:29.683+0000] {logging_mixin.py:188} INFO - [2025-10-07T02:38:29.683+0000] {dagbag.py:545} INFO - Filling up the DagBag from /opt/airflow/dags/src/lab.py
[2025-10-07T02:38:30.252+0000] {processor.py:842} WARNING - No viable dags retrieved from /opt/airflow/dags/src/lab.py
[2025-10-07T02:38:30.260+0000] {processor.py:183} INFO - Processing /opt/airflow/dags/src/lab.py took 0.586 seconds
[2025-10-07T02:39:00.582+0000] {processor.py:161} INFO - Started process (PID=678) to work on /opt/airflow/dags/src/lab.py
[2025-10-07T02:39:00.583+0000] {processor.py:830} INFO - Processing file /opt/airflow/dags/src/lab.py for tasks to queue
[2025-10-07T02:39:00.586+0000] {logging_mixin.py:188} INFO - [2025-10-07T02:39:00.586+0000] {dagbag.py:545} INFO - Filling up the DagBag from /opt/airflow/dags/src/lab.py
[2025-10-07T02:39:01.169+0000] {processor.py:842} WARNING - No viable dags retrieved from /opt/airflow/dags/src/lab.py
[2025-10-07T02:39:01.177+0000] {processor.py:183} INFO - Processing /opt/airflow/dags/src/lab.py took 0.602 seconds
[2025-10-07T02:39:31.457+0000] {processor.py:161} INFO - Started process (PID=706) to work on /opt/airflow/dags/src/lab.py
[2025-10-07T02:39:31.458+0000] {processor.py:830} INFO - Processing file /opt/airflow/dags/src/lab.py for tasks to queue
[2025-10-07T02:39:31.460+0000] {logging_mixin.py:188} INFO - [2025-10-07T02:39:31.460+0000] {dagbag.py:545} INFO - Filling up the DagBag from /opt/airflow/dags/src/lab.py
[2025-10-07T02:39:32.013+0000] {processor.py:842} WARNING - No viable dags retrieved from /opt/airflow/dags/src/lab.py
[2025-10-07T02:39:32.019+0000] {processor.py:183} INFO - Processing /opt/airflow/dags/src/lab.py took 0.570 seconds
[2025-10-07T02:40:02.323+0000] {processor.py:161} INFO - Started process (PID=734) to work on /opt/airflow/dags/src/lab.py
[2025-10-07T02:40:02.324+0000] {processor.py:830} INFO - Processing file /opt/airflow/dags/src/lab.py for tasks to queue
[2025-10-07T02:40:02.328+0000] {logging_mixin.py:188} INFO - [2025-10-07T02:40:02.327+0000] {dagbag.py:545} INFO - Filling up the DagBag from /opt/airflow/dags/src/lab.py
[2025-10-07T02:40:02.919+0000] {processor.py:842} WARNING - No viable dags retrieved from /opt/airflow/dags/src/lab.py
[2025-10-07T02:40:02.926+0000] {processor.py:183} INFO - Processing /opt/airflow/dags/src/lab.py took 0.620 seconds
[2025-10-07T02:40:33.224+0000] {processor.py:161} INFO - Started process (PID=762) to work on /opt/airflow/dags/src/lab.py
[2025-10-07T02:40:33.226+0000] {processor.py:830} INFO - Processing file /opt/airflow/dags/src/lab.py for tasks to queue
[2025-10-07T02:40:33.229+0000] {logging_mixin.py:188} INFO - [2025-10-07T02:40:33.229+0000] {dagbag.py:545} INFO - Filling up the DagBag from /opt/airflow/dags/src/lab.py
[2025-10-07T02:40:33.786+0000] {processor.py:842} WARNING - No viable dags retrieved from /opt/airflow/dags/src/lab.py
[2025-10-07T02:40:33.794+0000] {processor.py:183} INFO - Processing /opt/airflow/dags/src/lab.py took 0.581 seconds
[2025-10-07T02:41:04.086+0000] {processor.py:161} INFO - Started process (PID=790) to work on /opt/airflow/dags/src/lab.py
[2025-10-07T02:41:04.087+0000] {processor.py:830} INFO - Processing file /opt/airflow/dags/src/lab.py for tasks to queue
[2025-10-07T02:41:04.090+0000] {logging_mixin.py:188} INFO - [2025-10-07T02:41:04.089+0000] {dagbag.py:545} INFO - Filling up the DagBag from /opt/airflow/dags/src/lab.py
[2025-10-07T02:41:04.668+0000] {processor.py:842} WARNING - No viable dags retrieved from /opt/airflow/dags/src/lab.py
[2025-10-07T02:41:04.673+0000] {processor.py:183} INFO - Processing /opt/airflow/dags/src/lab.py took 0.603 seconds
[2025-10-07T02:41:34.933+0000] {processor.py:161} INFO - Started process (PID=818) to work on /opt/airflow/dags/src/lab.py
[2025-10-07T02:41:34.934+0000] {processor.py:830} INFO - Processing file /opt/airflow/dags/src/lab.py for tasks to queue
[2025-10-07T02:41:34.936+0000] {logging_mixin.py:188} INFO - [2025-10-07T02:41:34.936+0000] {dagbag.py:545} INFO - Filling up the DagBag from /opt/airflow/dags/src/lab.py
[2025-10-07T02:41:35.413+0000] {processor.py:842} WARNING - No viable dags retrieved from /opt/airflow/dags/src/lab.py
[2025-10-07T02:41:35.420+0000] {processor.py:183} INFO - Processing /opt/airflow/dags/src/lab.py took 0.490 seconds
[2025-10-07T02:42:05.737+0000] {processor.py:161} INFO - Started process (PID=846) to work on /opt/airflow/dags/src/lab.py
[2025-10-07T02:42:05.741+0000] {processor.py:830} INFO - Processing file /opt/airflow/dags/src/lab.py for tasks to queue
[2025-10-07T02:42:05.744+0000] {logging_mixin.py:188} INFO - [2025-10-07T02:42:05.743+0000] {dagbag.py:545} INFO - Filling up the DagBag from /opt/airflow/dags/src/lab.py
[2025-10-07T02:42:06.367+0000] {processor.py:842} WARNING - No viable dags retrieved from /opt/airflow/dags/src/lab.py
[2025-10-07T02:42:06.375+0000] {processor.py:183} INFO - Processing /opt/airflow/dags/src/lab.py took 0.656 seconds
[2025-10-07T02:42:36.728+0000] {processor.py:161} INFO - Started process (PID=874) to work on /opt/airflow/dags/src/lab.py
[2025-10-07T02:42:36.728+0000] {processor.py:830} INFO - Processing file /opt/airflow/dags/src/lab.py for tasks to queue
[2025-10-07T02:42:36.733+0000] {logging_mixin.py:188} INFO - [2025-10-07T02:42:36.731+0000] {dagbag.py:545} INFO - Filling up the DagBag from /opt/airflow/dags/src/lab.py
[2025-10-07T02:42:37.376+0000] {processor.py:842} WARNING - No viable dags retrieved from /opt/airflow/dags/src/lab.py
[2025-10-07T02:42:37.387+0000] {processor.py:183} INFO - Processing /opt/airflow/dags/src/lab.py took 0.665 seconds
[2025-10-07T02:42:38.426+0000] {processor.py:161} INFO - Started process (PID=896) to work on /opt/airflow/dags/src/lab.py
[2025-10-07T02:42:38.426+0000] {processor.py:830} INFO - Processing file /opt/airflow/dags/src/lab.py for tasks to queue
[2025-10-07T02:42:38.428+0000] {logging_mixin.py:188} INFO - [2025-10-07T02:42:38.428+0000] {dagbag.py:545} INFO - Filling up the DagBag from /opt/airflow/dags/src/lab.py
[2025-10-07T02:42:38.829+0000] {processor.py:842} WARNING - No viable dags retrieved from /opt/airflow/dags/src/lab.py
[2025-10-07T02:42:38.833+0000] {processor.py:183} INFO - Processing /opt/airflow/dags/src/lab.py took 0.413 seconds
[2025-10-07T02:43:09.076+0000] {processor.py:161} INFO - Started process (PID=924) to work on /opt/airflow/dags/src/lab.py
[2025-10-07T02:43:09.077+0000] {processor.py:830} INFO - Processing file /opt/airflow/dags/src/lab.py for tasks to queue
[2025-10-07T02:43:09.079+0000] {logging_mixin.py:188} INFO - [2025-10-07T02:43:09.079+0000] {dagbag.py:545} INFO - Filling up the DagBag from /opt/airflow/dags/src/lab.py
[2025-10-07T02:43:09.457+0000] {processor.py:842} WARNING - No viable dags retrieved from /opt/airflow/dags/src/lab.py
[2025-10-07T02:43:09.461+0000] {processor.py:183} INFO - Processing /opt/airflow/dags/src/lab.py took 0.391 seconds
[2025-10-07T02:43:39.713+0000] {processor.py:161} INFO - Started process (PID=952) to work on /opt/airflow/dags/src/lab.py
[2025-10-07T02:43:39.714+0000] {processor.py:830} INFO - Processing file /opt/airflow/dags/src/lab.py for tasks to queue
[2025-10-07T02:43:39.716+0000] {logging_mixin.py:188} INFO - [2025-10-07T02:43:39.715+0000] {dagbag.py:545} INFO - Filling up the DagBag from /opt/airflow/dags/src/lab.py
[2025-10-07T02:43:40.099+0000] {processor.py:842} WARNING - No viable dags retrieved from /opt/airflow/dags/src/lab.py
[2025-10-07T02:43:40.103+0000] {processor.py:183} INFO - Processing /opt/airflow/dags/src/lab.py took 0.395 seconds
[2025-10-07T02:44:10.334+0000] {processor.py:161} INFO - Started process (PID=980) to work on /opt/airflow/dags/src/lab.py
[2025-10-07T02:44:10.335+0000] {processor.py:830} INFO - Processing file /opt/airflow/dags/src/lab.py for tasks to queue
[2025-10-07T02:44:10.337+0000] {logging_mixin.py:188} INFO - [2025-10-07T02:44:10.337+0000] {dagbag.py:545} INFO - Filling up the DagBag from /opt/airflow/dags/src/lab.py
[2025-10-07T02:44:10.770+0000] {processor.py:842} WARNING - No viable dags retrieved from /opt/airflow/dags/src/lab.py
[2025-10-07T02:44:10.774+0000] {processor.py:183} INFO - Processing /opt/airflow/dags/src/lab.py took 0.447 seconds
[2025-10-07T02:44:41.039+0000] {processor.py:161} INFO - Started process (PID=1008) to work on /opt/airflow/dags/src/lab.py
[2025-10-07T02:44:41.039+0000] {processor.py:830} INFO - Processing file /opt/airflow/dags/src/lab.py for tasks to queue
[2025-10-07T02:44:41.040+0000] {logging_mixin.py:188} INFO - [2025-10-07T02:44:41.040+0000] {dagbag.py:545} INFO - Filling up the DagBag from /opt/airflow/dags/src/lab.py
[2025-10-07T02:44:41.471+0000] {processor.py:842} WARNING - No viable dags retrieved from /opt/airflow/dags/src/lab.py
[2025-10-07T02:44:41.476+0000] {processor.py:183} INFO - Processing /opt/airflow/dags/src/lab.py took 0.442 seconds
[2025-10-07T02:45:12.249+0000] {processor.py:161} INFO - Started process (PID=1036) to work on /opt/airflow/dags/src/lab.py
[2025-10-07T02:45:12.249+0000] {processor.py:830} INFO - Processing file /opt/airflow/dags/src/lab.py for tasks to queue
[2025-10-07T02:45:12.251+0000] {logging_mixin.py:188} INFO - [2025-10-07T02:45:12.251+0000] {dagbag.py:545} INFO - Filling up the DagBag from /opt/airflow/dags/src/lab.py
[2025-10-07T02:45:12.637+0000] {processor.py:842} WARNING - No viable dags retrieved from /opt/airflow/dags/src/lab.py
[2025-10-07T02:45:12.641+0000] {processor.py:183} INFO - Processing /opt/airflow/dags/src/lab.py took 0.398 seconds
[2025-10-07T02:45:42.849+0000] {processor.py:161} INFO - Started process (PID=1064) to work on /opt/airflow/dags/src/lab.py
[2025-10-07T02:45:42.850+0000] {processor.py:830} INFO - Processing file /opt/airflow/dags/src/lab.py for tasks to queue
[2025-10-07T02:45:42.851+0000] {logging_mixin.py:188} INFO - [2025-10-07T02:45:42.851+0000] {dagbag.py:545} INFO - Filling up the DagBag from /opt/airflow/dags/src/lab.py
[2025-10-07T02:45:43.343+0000] {processor.py:842} WARNING - No viable dags retrieved from /opt/airflow/dags/src/lab.py
[2025-10-07T02:45:43.348+0000] {processor.py:183} INFO - Processing /opt/airflow/dags/src/lab.py took 0.504 seconds
[2025-10-07T02:46:13.478+0000] {processor.py:161} INFO - Started process (PID=1092) to work on /opt/airflow/dags/src/lab.py
[2025-10-07T02:46:13.479+0000] {processor.py:830} INFO - Processing file /opt/airflow/dags/src/lab.py for tasks to queue
[2025-10-07T02:46:13.480+0000] {logging_mixin.py:188} INFO - [2025-10-07T02:46:13.479+0000] {dagbag.py:545} INFO - Filling up the DagBag from /opt/airflow/dags/src/lab.py
[2025-10-07T02:46:13.996+0000] {processor.py:842} WARNING - No viable dags retrieved from /opt/airflow/dags/src/lab.py
[2025-10-07T02:46:14.003+0000] {processor.py:183} INFO - Processing /opt/airflow/dags/src/lab.py took 0.530 seconds
[2025-10-07T02:46:44.233+0000] {processor.py:161} INFO - Started process (PID=1126) to work on /opt/airflow/dags/src/lab.py
[2025-10-07T02:46:44.235+0000] {processor.py:830} INFO - Processing file /opt/airflow/dags/src/lab.py for tasks to queue
[2025-10-07T02:46:44.237+0000] {logging_mixin.py:188} INFO - [2025-10-07T02:46:44.236+0000] {dagbag.py:545} INFO - Filling up the DagBag from /opt/airflow/dags/src/lab.py
[2025-10-07T02:46:44.695+0000] {processor.py:842} WARNING - No viable dags retrieved from /opt/airflow/dags/src/lab.py
[2025-10-07T02:46:44.699+0000] {processor.py:183} INFO - Processing /opt/airflow/dags/src/lab.py took 0.469 seconds
[2025-10-07T02:47:14.958+0000] {processor.py:161} INFO - Started process (PID=1145) to work on /opt/airflow/dags/src/lab.py
[2025-10-07T02:47:14.960+0000] {processor.py:830} INFO - Processing file /opt/airflow/dags/src/lab.py for tasks to queue
[2025-10-07T02:47:14.962+0000] {logging_mixin.py:188} INFO - [2025-10-07T02:47:14.962+0000] {dagbag.py:545} INFO - Filling up the DagBag from /opt/airflow/dags/src/lab.py
[2025-10-07T02:47:15.436+0000] {processor.py:842} WARNING - No viable dags retrieved from /opt/airflow/dags/src/lab.py
[2025-10-07T02:47:15.440+0000] {processor.py:183} INFO - Processing /opt/airflow/dags/src/lab.py took 0.490 seconds
[2025-10-07T02:47:45.709+0000] {processor.py:161} INFO - Started process (PID=1171) to work on /opt/airflow/dags/src/lab.py
[2025-10-07T02:47:45.710+0000] {processor.py:830} INFO - Processing file /opt/airflow/dags/src/lab.py for tasks to queue
[2025-10-07T02:47:45.717+0000] {logging_mixin.py:188} INFO - [2025-10-07T02:47:45.717+0000] {dagbag.py:545} INFO - Filling up the DagBag from /opt/airflow/dags/src/lab.py
[2025-10-07T02:47:46.303+0000] {processor.py:842} WARNING - No viable dags retrieved from /opt/airflow/dags/src/lab.py
[2025-10-07T02:47:46.310+0000] {processor.py:183} INFO - Processing /opt/airflow/dags/src/lab.py took 0.611 seconds
[2025-10-07T02:48:16.651+0000] {processor.py:161} INFO - Started process (PID=1199) to work on /opt/airflow/dags/src/lab.py
[2025-10-07T02:48:16.654+0000] {processor.py:830} INFO - Processing file /opt/airflow/dags/src/lab.py for tasks to queue
[2025-10-07T02:48:16.657+0000] {logging_mixin.py:188} INFO - [2025-10-07T02:48:16.657+0000] {dagbag.py:545} INFO - Filling up the DagBag from /opt/airflow/dags/src/lab.py
[2025-10-07T02:48:17.282+0000] {processor.py:842} WARNING - No viable dags retrieved from /opt/airflow/dags/src/lab.py
[2025-10-07T02:48:17.289+0000] {processor.py:183} INFO - Processing /opt/airflow/dags/src/lab.py took 0.648 seconds
[2025-10-07T02:48:47.628+0000] {processor.py:161} INFO - Started process (PID=1227) to work on /opt/airflow/dags/src/lab.py
[2025-10-07T02:48:47.630+0000] {processor.py:830} INFO - Processing file /opt/airflow/dags/src/lab.py for tasks to queue
[2025-10-07T02:48:47.633+0000] {logging_mixin.py:188} INFO - [2025-10-07T02:48:47.632+0000] {dagbag.py:545} INFO - Filling up the DagBag from /opt/airflow/dags/src/lab.py
[2025-10-07T02:48:48.199+0000] {processor.py:842} WARNING - No viable dags retrieved from /opt/airflow/dags/src/lab.py
[2025-10-07T02:48:48.206+0000] {processor.py:183} INFO - Processing /opt/airflow/dags/src/lab.py took 0.590 seconds
[2025-10-07T02:49:18.545+0000] {processor.py:161} INFO - Started process (PID=1255) to work on /opt/airflow/dags/src/lab.py
[2025-10-07T02:49:18.547+0000] {processor.py:830} INFO - Processing file /opt/airflow/dags/src/lab.py for tasks to queue
[2025-10-07T02:49:18.550+0000] {logging_mixin.py:188} INFO - [2025-10-07T02:49:18.549+0000] {dagbag.py:545} INFO - Filling up the DagBag from /opt/airflow/dags/src/lab.py
[2025-10-07T02:49:19.106+0000] {processor.py:842} WARNING - No viable dags retrieved from /opt/airflow/dags/src/lab.py
[2025-10-07T02:49:19.114+0000] {processor.py:183} INFO - Processing /opt/airflow/dags/src/lab.py took 0.579 seconds
[2025-10-07T02:49:49.430+0000] {processor.py:161} INFO - Started process (PID=1283) to work on /opt/airflow/dags/src/lab.py
[2025-10-07T02:49:49.431+0000] {processor.py:830} INFO - Processing file /opt/airflow/dags/src/lab.py for tasks to queue
[2025-10-07T02:49:49.434+0000] {logging_mixin.py:188} INFO - [2025-10-07T02:49:49.433+0000] {dagbag.py:545} INFO - Filling up the DagBag from /opt/airflow/dags/src/lab.py
[2025-10-07T02:49:50.049+0000] {processor.py:842} WARNING - No viable dags retrieved from /opt/airflow/dags/src/lab.py
[2025-10-07T02:49:50.060+0000] {processor.py:183} INFO - Processing /opt/airflow/dags/src/lab.py took 0.638 seconds
[2025-10-07T02:50:20.355+0000] {processor.py:161} INFO - Started process (PID=1311) to work on /opt/airflow/dags/src/lab.py
[2025-10-07T02:50:20.356+0000] {processor.py:830} INFO - Processing file /opt/airflow/dags/src/lab.py for tasks to queue
[2025-10-07T02:50:20.358+0000] {logging_mixin.py:188} INFO - [2025-10-07T02:50:20.358+0000] {dagbag.py:545} INFO - Filling up the DagBag from /opt/airflow/dags/src/lab.py
[2025-10-07T02:50:20.859+0000] {processor.py:842} WARNING - No viable dags retrieved from /opt/airflow/dags/src/lab.py
[2025-10-07T02:50:20.867+0000] {processor.py:183} INFO - Processing /opt/airflow/dags/src/lab.py took 0.518 seconds
[2025-10-07T02:50:51.154+0000] {processor.py:161} INFO - Started process (PID=1339) to work on /opt/airflow/dags/src/lab.py
[2025-10-07T02:50:51.155+0000] {processor.py:830} INFO - Processing file /opt/airflow/dags/src/lab.py for tasks to queue
[2025-10-07T02:50:51.157+0000] {logging_mixin.py:188} INFO - [2025-10-07T02:50:51.156+0000] {dagbag.py:545} INFO - Filling up the DagBag from /opt/airflow/dags/src/lab.py
[2025-10-07T02:50:51.578+0000] {processor.py:842} WARNING - No viable dags retrieved from /opt/airflow/dags/src/lab.py
[2025-10-07T02:50:51.583+0000] {processor.py:183} INFO - Processing /opt/airflow/dags/src/lab.py took 0.437 seconds
[2025-10-07T02:51:21.889+0000] {processor.py:161} INFO - Started process (PID=1367) to work on /opt/airflow/dags/src/lab.py
[2025-10-07T02:51:21.892+0000] {processor.py:830} INFO - Processing file /opt/airflow/dags/src/lab.py for tasks to queue
[2025-10-07T02:51:21.897+0000] {logging_mixin.py:188} INFO - [2025-10-07T02:51:21.897+0000] {dagbag.py:545} INFO - Filling up the DagBag from /opt/airflow/dags/src/lab.py
[2025-10-07T02:51:22.516+0000] {processor.py:842} WARNING - No viable dags retrieved from /opt/airflow/dags/src/lab.py
[2025-10-07T02:51:22.525+0000] {processor.py:183} INFO - Processing /opt/airflow/dags/src/lab.py took 0.649 seconds
[2025-10-07T02:51:52.860+0000] {processor.py:161} INFO - Started process (PID=1395) to work on /opt/airflow/dags/src/lab.py
[2025-10-07T02:51:52.863+0000] {processor.py:830} INFO - Processing file /opt/airflow/dags/src/lab.py for tasks to queue
[2025-10-07T02:51:52.865+0000] {logging_mixin.py:188} INFO - [2025-10-07T02:51:52.864+0000] {dagbag.py:545} INFO - Filling up the DagBag from /opt/airflow/dags/src/lab.py
[2025-10-07T02:51:53.457+0000] {processor.py:842} WARNING - No viable dags retrieved from /opt/airflow/dags/src/lab.py
[2025-10-07T02:51:53.463+0000] {processor.py:183} INFO - Processing /opt/airflow/dags/src/lab.py took 0.618 seconds
[2025-10-07T02:52:23.761+0000] {processor.py:161} INFO - Started process (PID=1423) to work on /opt/airflow/dags/src/lab.py
[2025-10-07T02:52:23.763+0000] {processor.py:830} INFO - Processing file /opt/airflow/dags/src/lab.py for tasks to queue
[2025-10-07T02:52:23.765+0000] {logging_mixin.py:188} INFO - [2025-10-07T02:52:23.765+0000] {dagbag.py:545} INFO - Filling up the DagBag from /opt/airflow/dags/src/lab.py
[2025-10-07T02:52:24.407+0000] {processor.py:842} WARNING - No viable dags retrieved from /opt/airflow/dags/src/lab.py
[2025-10-07T02:52:24.413+0000] {processor.py:183} INFO - Processing /opt/airflow/dags/src/lab.py took 0.660 seconds
[2025-10-07T02:52:54.699+0000] {processor.py:161} INFO - Started process (PID=1451) to work on /opt/airflow/dags/src/lab.py
[2025-10-07T02:52:54.700+0000] {processor.py:830} INFO - Processing file /opt/airflow/dags/src/lab.py for tasks to queue
[2025-10-07T02:52:54.704+0000] {logging_mixin.py:188} INFO - [2025-10-07T02:52:54.704+0000] {dagbag.py:545} INFO - Filling up the DagBag from /opt/airflow/dags/src/lab.py
[2025-10-07T02:52:55.371+0000] {processor.py:842} WARNING - No viable dags retrieved from /opt/airflow/dags/src/lab.py
[2025-10-07T02:52:55.378+0000] {processor.py:183} INFO - Processing /opt/airflow/dags/src/lab.py took 0.698 seconds
[2025-10-07T02:53:25.689+0000] {processor.py:161} INFO - Started process (PID=1479) to work on /opt/airflow/dags/src/lab.py
[2025-10-07T02:53:25.690+0000] {processor.py:830} INFO - Processing file /opt/airflow/dags/src/lab.py for tasks to queue
[2025-10-07T02:53:25.692+0000] {logging_mixin.py:188} INFO - [2025-10-07T02:53:25.692+0000] {dagbag.py:545} INFO - Filling up the DagBag from /opt/airflow/dags/src/lab.py
[2025-10-07T02:53:26.271+0000] {processor.py:842} WARNING - No viable dags retrieved from /opt/airflow/dags/src/lab.py
[2025-10-07T02:53:26.282+0000] {processor.py:183} INFO - Processing /opt/airflow/dags/src/lab.py took 0.601 seconds
[2025-10-07T02:53:56.580+0000] {processor.py:161} INFO - Started process (PID=1507) to work on /opt/airflow/dags/src/lab.py
[2025-10-07T02:53:56.582+0000] {processor.py:830} INFO - Processing file /opt/airflow/dags/src/lab.py for tasks to queue
[2025-10-07T02:53:56.584+0000] {logging_mixin.py:188} INFO - [2025-10-07T02:53:56.584+0000] {dagbag.py:545} INFO - Filling up the DagBag from /opt/airflow/dags/src/lab.py
[2025-10-07T02:53:57.206+0000] {processor.py:842} WARNING - No viable dags retrieved from /opt/airflow/dags/src/lab.py
[2025-10-07T02:53:57.214+0000] {processor.py:183} INFO - Processing /opt/airflow/dags/src/lab.py took 0.646 seconds
[2025-10-07T02:54:27.495+0000] {processor.py:161} INFO - Started process (PID=1535) to work on /opt/airflow/dags/src/lab.py
[2025-10-07T02:54:27.496+0000] {processor.py:830} INFO - Processing file /opt/airflow/dags/src/lab.py for tasks to queue
[2025-10-07T02:54:27.500+0000] {logging_mixin.py:188} INFO - [2025-10-07T02:54:27.500+0000] {dagbag.py:545} INFO - Filling up the DagBag from /opt/airflow/dags/src/lab.py
[2025-10-07T02:54:27.988+0000] {processor.py:842} WARNING - No viable dags retrieved from /opt/airflow/dags/src/lab.py
[2025-10-07T02:54:27.992+0000] {processor.py:183} INFO - Processing /opt/airflow/dags/src/lab.py took 0.507 seconds
[2025-10-07T02:54:58.270+0000] {processor.py:161} INFO - Started process (PID=1563) to work on /opt/airflow/dags/src/lab.py
[2025-10-07T02:54:58.272+0000] {processor.py:830} INFO - Processing file /opt/airflow/dags/src/lab.py for tasks to queue
[2025-10-07T02:54:58.274+0000] {logging_mixin.py:188} INFO - [2025-10-07T02:54:58.274+0000] {dagbag.py:545} INFO - Filling up the DagBag from /opt/airflow/dags/src/lab.py
[2025-10-07T02:54:58.760+0000] {processor.py:842} WARNING - No viable dags retrieved from /opt/airflow/dags/src/lab.py
[2025-10-07T02:54:58.768+0000] {processor.py:183} INFO - Processing /opt/airflow/dags/src/lab.py took 0.509 seconds
[2025-10-07T02:55:29.050+0000] {processor.py:161} INFO - Started process (PID=1591) to work on /opt/airflow/dags/src/lab.py
[2025-10-07T02:55:29.052+0000] {processor.py:830} INFO - Processing file /opt/airflow/dags/src/lab.py for tasks to queue
[2025-10-07T02:55:29.054+0000] {logging_mixin.py:188} INFO - [2025-10-07T02:55:29.053+0000] {dagbag.py:545} INFO - Filling up the DagBag from /opt/airflow/dags/src/lab.py
[2025-10-07T02:55:29.584+0000] {processor.py:842} WARNING - No viable dags retrieved from /opt/airflow/dags/src/lab.py
[2025-10-07T02:55:29.589+0000] {processor.py:183} INFO - Processing /opt/airflow/dags/src/lab.py took 0.547 seconds
[2025-10-07T02:55:59.915+0000] {processor.py:161} INFO - Started process (PID=1619) to work on /opt/airflow/dags/src/lab.py
[2025-10-07T02:55:59.916+0000] {processor.py:830} INFO - Processing file /opt/airflow/dags/src/lab.py for tasks to queue
[2025-10-07T02:55:59.919+0000] {logging_mixin.py:188} INFO - [2025-10-07T02:55:59.918+0000] {dagbag.py:545} INFO - Filling up the DagBag from /opt/airflow/dags/src/lab.py
[2025-10-07T02:56:00.667+0000] {processor.py:842} WARNING - No viable dags retrieved from /opt/airflow/dags/src/lab.py
[2025-10-07T02:56:00.677+0000] {processor.py:183} INFO - Processing /opt/airflow/dags/src/lab.py took 0.776 seconds
[2025-10-07T02:56:30.975+0000] {processor.py:161} INFO - Started process (PID=1647) to work on /opt/airflow/dags/src/lab.py
[2025-10-07T02:56:30.977+0000] {processor.py:830} INFO - Processing file /opt/airflow/dags/src/lab.py for tasks to queue
[2025-10-07T02:56:30.980+0000] {logging_mixin.py:188} INFO - [2025-10-07T02:56:30.980+0000] {dagbag.py:545} INFO - Filling up the DagBag from /opt/airflow/dags/src/lab.py
[2025-10-07T02:56:31.647+0000] {processor.py:842} WARNING - No viable dags retrieved from /opt/airflow/dags/src/lab.py
[2025-10-07T02:56:31.658+0000] {processor.py:183} INFO - Processing /opt/airflow/dags/src/lab.py took 0.696 seconds
[2025-10-07T02:57:02.001+0000] {processor.py:161} INFO - Started process (PID=1675) to work on /opt/airflow/dags/src/lab.py
[2025-10-07T02:57:02.003+0000] {processor.py:830} INFO - Processing file /opt/airflow/dags/src/lab.py for tasks to queue
[2025-10-07T02:57:02.009+0000] {logging_mixin.py:188} INFO - [2025-10-07T02:57:02.009+0000] {dagbag.py:545} INFO - Filling up the DagBag from /opt/airflow/dags/src/lab.py
[2025-10-07T02:57:02.682+0000] {processor.py:842} WARNING - No viable dags retrieved from /opt/airflow/dags/src/lab.py
[2025-10-07T02:57:02.693+0000] {processor.py:183} INFO - Processing /opt/airflow/dags/src/lab.py took 0.706 seconds
[2025-10-07T02:57:32.985+0000] {processor.py:161} INFO - Started process (PID=1703) to work on /opt/airflow/dags/src/lab.py
[2025-10-07T02:57:32.986+0000] {processor.py:830} INFO - Processing file /opt/airflow/dags/src/lab.py for tasks to queue
[2025-10-07T02:57:32.989+0000] {logging_mixin.py:188} INFO - [2025-10-07T02:57:32.989+0000] {dagbag.py:545} INFO - Filling up the DagBag from /opt/airflow/dags/src/lab.py
[2025-10-07T02:57:33.533+0000] {processor.py:842} WARNING - No viable dags retrieved from /opt/airflow/dags/src/lab.py
[2025-10-07T02:57:33.540+0000] {processor.py:183} INFO - Processing /opt/airflow/dags/src/lab.py took 0.563 seconds
[2025-10-07T02:58:03.852+0000] {processor.py:161} INFO - Started process (PID=1731) to work on /opt/airflow/dags/src/lab.py
[2025-10-07T02:58:03.855+0000] {processor.py:830} INFO - Processing file /opt/airflow/dags/src/lab.py for tasks to queue
[2025-10-07T02:58:03.857+0000] {logging_mixin.py:188} INFO - [2025-10-07T02:58:03.857+0000] {dagbag.py:545} INFO - Filling up the DagBag from /opt/airflow/dags/src/lab.py
[2025-10-07T02:58:04.439+0000] {processor.py:842} WARNING - No viable dags retrieved from /opt/airflow/dags/src/lab.py
[2025-10-07T02:58:04.447+0000] {processor.py:183} INFO - Processing /opt/airflow/dags/src/lab.py took 0.604 seconds
[2025-10-07T02:58:34.786+0000] {processor.py:161} INFO - Started process (PID=1759) to work on /opt/airflow/dags/src/lab.py
[2025-10-07T02:58:34.788+0000] {processor.py:830} INFO - Processing file /opt/airflow/dags/src/lab.py for tasks to queue
[2025-10-07T02:58:34.793+0000] {logging_mixin.py:188} INFO - [2025-10-07T02:58:34.793+0000] {dagbag.py:545} INFO - Filling up the DagBag from /opt/airflow/dags/src/lab.py
[2025-10-07T02:58:35.403+0000] {processor.py:842} WARNING - No viable dags retrieved from /opt/airflow/dags/src/lab.py
[2025-10-07T02:58:35.410+0000] {processor.py:183} INFO - Processing /opt/airflow/dags/src/lab.py took 0.637 seconds
[2025-10-07T02:59:05.706+0000] {processor.py:161} INFO - Started process (PID=1787) to work on /opt/airflow/dags/src/lab.py
[2025-10-07T02:59:05.708+0000] {processor.py:830} INFO - Processing file /opt/airflow/dags/src/lab.py for tasks to queue
[2025-10-07T02:59:05.710+0000] {logging_mixin.py:188} INFO - [2025-10-07T02:59:05.710+0000] {dagbag.py:545} INFO - Filling up the DagBag from /opt/airflow/dags/src/lab.py
[2025-10-07T02:59:06.334+0000] {processor.py:842} WARNING - No viable dags retrieved from /opt/airflow/dags/src/lab.py
[2025-10-07T02:59:06.348+0000] {processor.py:183} INFO - Processing /opt/airflow/dags/src/lab.py took 0.660 seconds
[2025-10-07T02:59:36.678+0000] {processor.py:161} INFO - Started process (PID=1815) to work on /opt/airflow/dags/src/lab.py
[2025-10-07T02:59:36.680+0000] {processor.py:830} INFO - Processing file /opt/airflow/dags/src/lab.py for tasks to queue
[2025-10-07T02:59:36.684+0000] {logging_mixin.py:188} INFO - [2025-10-07T02:59:36.683+0000] {dagbag.py:545} INFO - Filling up the DagBag from /opt/airflow/dags/src/lab.py
[2025-10-07T02:59:37.245+0000] {processor.py:842} WARNING - No viable dags retrieved from /opt/airflow/dags/src/lab.py
[2025-10-07T02:59:37.255+0000] {processor.py:183} INFO - Processing /opt/airflow/dags/src/lab.py took 0.587 seconds
[2025-10-07T03:00:07.563+0000] {processor.py:161} INFO - Started process (PID=1843) to work on /opt/airflow/dags/src/lab.py
[2025-10-07T03:00:07.566+0000] {processor.py:830} INFO - Processing file /opt/airflow/dags/src/lab.py for tasks to queue
[2025-10-07T03:00:07.568+0000] {logging_mixin.py:188} INFO - [2025-10-07T03:00:07.568+0000] {dagbag.py:545} INFO - Filling up the DagBag from /opt/airflow/dags/src/lab.py
[2025-10-07T03:00:08.297+0000] {processor.py:842} WARNING - No viable dags retrieved from /opt/airflow/dags/src/lab.py
[2025-10-07T03:00:08.315+0000] {processor.py:183} INFO - Processing /opt/airflow/dags/src/lab.py took 0.763 seconds
[2025-10-07T03:00:38.621+0000] {processor.py:161} INFO - Started process (PID=1871) to work on /opt/airflow/dags/src/lab.py
[2025-10-07T03:00:38.623+0000] {processor.py:830} INFO - Processing file /opt/airflow/dags/src/lab.py for tasks to queue
[2025-10-07T03:00:38.624+0000] {logging_mixin.py:188} INFO - [2025-10-07T03:00:38.624+0000] {dagbag.py:545} INFO - Filling up the DagBag from /opt/airflow/dags/src/lab.py
[2025-10-07T03:00:39.198+0000] {processor.py:842} WARNING - No viable dags retrieved from /opt/airflow/dags/src/lab.py
[2025-10-07T03:00:39.206+0000] {processor.py:183} INFO - Processing /opt/airflow/dags/src/lab.py took 0.594 seconds
[2025-10-07T03:01:09.510+0000] {processor.py:161} INFO - Started process (PID=1899) to work on /opt/airflow/dags/src/lab.py
[2025-10-07T03:01:09.511+0000] {processor.py:830} INFO - Processing file /opt/airflow/dags/src/lab.py for tasks to queue
[2025-10-07T03:01:09.514+0000] {logging_mixin.py:188} INFO - [2025-10-07T03:01:09.514+0000] {dagbag.py:545} INFO - Filling up the DagBag from /opt/airflow/dags/src/lab.py
[2025-10-07T03:01:10.092+0000] {processor.py:842} WARNING - No viable dags retrieved from /opt/airflow/dags/src/lab.py
[2025-10-07T03:01:10.100+0000] {processor.py:183} INFO - Processing /opt/airflow/dags/src/lab.py took 0.602 seconds
[2025-10-07T03:01:40.377+0000] {processor.py:161} INFO - Started process (PID=1927) to work on /opt/airflow/dags/src/lab.py
[2025-10-07T03:01:40.378+0000] {processor.py:830} INFO - Processing file /opt/airflow/dags/src/lab.py for tasks to queue
[2025-10-07T03:01:40.381+0000] {logging_mixin.py:188} INFO - [2025-10-07T03:01:40.380+0000] {dagbag.py:545} INFO - Filling up the DagBag from /opt/airflow/dags/src/lab.py
[2025-10-07T03:01:40.816+0000] {processor.py:842} WARNING - No viable dags retrieved from /opt/airflow/dags/src/lab.py
[2025-10-07T03:01:40.823+0000] {processor.py:183} INFO - Processing /opt/airflow/dags/src/lab.py took 0.456 seconds
[2025-10-07T03:02:11.083+0000] {processor.py:161} INFO - Started process (PID=1955) to work on /opt/airflow/dags/src/lab.py
[2025-10-07T03:02:11.085+0000] {processor.py:830} INFO - Processing file /opt/airflow/dags/src/lab.py for tasks to queue
[2025-10-07T03:02:11.089+0000] {logging_mixin.py:188} INFO - [2025-10-07T03:02:11.088+0000] {dagbag.py:545} INFO - Filling up the DagBag from /opt/airflow/dags/src/lab.py
[2025-10-07T03:02:11.794+0000] {processor.py:842} WARNING - No viable dags retrieved from /opt/airflow/dags/src/lab.py
[2025-10-07T03:02:11.805+0000] {processor.py:183} INFO - Processing /opt/airflow/dags/src/lab.py took 0.733 seconds
[2025-10-07T03:02:42.110+0000] {processor.py:161} INFO - Started process (PID=1983) to work on /opt/airflow/dags/src/lab.py
[2025-10-07T03:02:42.112+0000] {processor.py:830} INFO - Processing file /opt/airflow/dags/src/lab.py for tasks to queue
[2025-10-07T03:02:42.115+0000] {logging_mixin.py:188} INFO - [2025-10-07T03:02:42.115+0000] {dagbag.py:545} INFO - Filling up the DagBag from /opt/airflow/dags/src/lab.py
[2025-10-07T03:02:42.686+0000] {processor.py:842} WARNING - No viable dags retrieved from /opt/airflow/dags/src/lab.py
[2025-10-07T03:02:42.692+0000] {processor.py:183} INFO - Processing /opt/airflow/dags/src/lab.py took 0.589 seconds
